<?xml version="1.0" encoding="UTF-8"?>
<testsuite xmlns:xsi="http://www.w3.org/2001/XMLSchema-instance" xsi:noNamespaceSchemaLocation="https://maven.apache.org/surefire/maven-surefire-plugin/xsd/surefire-test-report.xsd" name="com.lauracercas.moviecards.endtoendtest.IndexE2ETest" time="0.054" tests="2" errors="2" skipped="0" failures="0">
  <properties>
[...]
</properties>
  <testcase name="tesLinks" classname="com.lauracercas.moviecards.endtoendtest.IndexE2ETest" time="0.029">
    <error message="session not created&#10;from unknown error: cannot find Chrome binary&#10;Build info: version: &apos;3.141.59&apos;, revision: &apos;e82be7d358&apos;, time: &apos;2018-11-14T08:17:03&apos;&#10;System info: host: &apos;DESKTOP-JI5NALH&apos;, ip: &apos;192.168.108.115&apos;, os.name: &apos;Windows 10&apos;, os.arch: &apos;amd64&apos;, os.version: &apos;10.0&apos;, java.version: &apos;23&apos;&#10;Driver info: driver.version: ChromeDriver&#10;remote stacktrace: 	GetHandleVerifier [0x00007FF701B26CC5+28821]&#10;	(No symbol) [0x00007FF701A93850]&#10;	(No symbol) [0x00007FF70193578A]&#10;	(No symbol) [0x00007FF70196DA38]&#10;	(No symbol) [0x00007FF70196BAC9]&#10;	(No symbol) [0x00007FF7019BA4FA]&#10;	(No symbol) [0x00007FF7019B9B30]&#10;	(No symbol) [0x00007FF7019AF0A3]&#10;	(No symbol) [0x00007FF70197A778]&#10;	(No symbol) [0x00007FF70197B8E1]&#10;	GetHandleVerifier [0x00007FF701E5FCCD+3408029]&#10;	GetHandleVerifier [0x00007FF701E7743F+3504143]&#10;	GetHandleVerifier [0x00007FF701E6B61D+3455469]&#10;	GetHandleVerifier [0x00007FF701BEBDCB+835995]&#10;	(No symbol) [0x00007FF701A9EB6F]&#10;	(No symbol) [0x00007FF701A9A824]&#10;	(No symbol) [0x00007FF701A9A9BD]&#10;	(No symbol) [0x00007FF701A8A1A9]&#10;	BaseThreadInitThunk [0x00007FFDA5337374+20]&#10;	RtlUserThreadStart [0x00007FFDA663CC91+33]&#10;" type="org.openqa.selenium.SessionNotCreatedException">org.openqa.selenium.SessionNotCreatedException: 
session not created
from unknown error: cannot find Chrome binary
Build info: version: '3.141.59', revision: 'e82be7d358', time: '2018-11-14T08:17:03'
System info: host: 'DESKTOP-JI5NALH', ip: '192.168.108.115', os.name: 'Windows 10', os.arch: 'amd64', os.version: '10.0', java.version: '23'
Driver info: driver.version: ChromeDriver
remote stacktrace: 	GetHandleVerifier [0x00007FF701B26CC5+28821]
	(No symbol) [0x00007FF701A93850]
	(No symbol) [0x00007FF70193578A]
	(No symbol) [0x00007FF70196DA38]
	(No symbol) [0x00007FF70196BAC9]
	(No symbol) [0x00007FF7019BA4FA]
	(No symbol) [0x00007FF7019B9B30]
	(No symbol) [0x00007FF7019AF0A3]
	(No symbol) [0x00007FF70197A778]
	(No symbol) [0x00007FF70197B8E1]
	GetHandleVerifier [0x00007FF701E5FCCD+3408029]
	GetHandleVerifier [0x00007FF701E7743F+3504143]
	GetHandleVerifier [0x00007FF701E6B61D+3455469]
	GetHandleVerifier [0x00007FF701BEBDCB+835995]
	(No symbol) [0x00007FF701A9EB6F]
	(No symbol) [0x00007FF701A9A824]
	(No symbol) [0x00007FF701A9A9BD]
	(No symbol) [0x00007FF701A8A1A9]
	BaseThreadInitThunk [0x00007FFDA5337374+20]
	RtlUserThreadStart [0x00007FFDA663CC91+33]

	at com.lauracercas.moviecards.endtoendtest.IndexE2ETest.setUp(IndexE2ETest.java:33)
</error>
    <system-out><![CDATA[21:36:37.055 [main] DEBUG io.github.bonigarcia.wdm.WebDriverManager - Using WebDriverManager 5.7.0
21:36:37.069 [main] DEBUG org.apache.hc.client5.http.impl.classic.InternalHttpClient - ex-0000000009 preparing request execution
21:36:37.069 [main] DEBUG org.apache.hc.client5.http.impl.classic.ProtocolExec - ex-0000000009 target auth state: UNCHALLENGED
21:36:37.069 [main] DEBUG org.apache.hc.client5.http.impl.classic.ProtocolExec - ex-0000000009 proxy auth state: UNCHALLENGED
21:36:37.069 [main] DEBUG org.apache.hc.client5.http.impl.classic.ConnectExec - ex-0000000009 acquiring connection with route {s}->https://raw.githubusercontent.com:443
21:36:37.069 [main] DEBUG org.apache.hc.client5.http.impl.classic.InternalHttpClient - ex-0000000009 acquiring endpoint (3 MINUTES)
21:36:37.070 [main] DEBUG org.apache.hc.client5.http.impl.io.PoolingHttpClientConnectionManager - ex-0000000009 endpoint lease request (3 MINUTES) [route: {s}->https://raw.githubusercontent.com:443][total available: 0; route allocated: 0 of 5; total allocated: 0 of 25]
21:36:37.070 [main] DEBUG org.apache.hc.client5.http.impl.io.PoolingHttpClientConnectionManager - ex-0000000009 endpoint leased [route: {s}->https://raw.githubusercontent.com:443][total available: 0; route allocated: 1 of 5; total allocated: 1 of 25]
21:36:37.070 [main] DEBUG org.apache.hc.client5.http.impl.io.PoolingHttpClientConnectionManager - ex-0000000009 acquired ep-0000000009
21:36:37.070 [main] DEBUG org.apache.hc.client5.http.impl.classic.InternalHttpClient - ex-0000000009 acquired endpoint ep-0000000009
21:36:37.070 [main] DEBUG org.apache.hc.client5.http.impl.classic.ConnectExec - ex-0000000009 opening connection {s}->https://raw.githubusercontent.com:443
21:36:37.070 [main] DEBUG org.apache.hc.client5.http.impl.classic.InternalHttpClient - ep-0000000009 connecting endpoint (null)
21:36:37.070 [main] DEBUG org.apache.hc.client5.http.impl.io.PoolingHttpClientConnectionManager - ep-0000000009 connecting endpoint to https://raw.githubusercontent.com:443 (30 SECONDS)
21:36:37.070 [main] DEBUG org.apache.hc.client5.http.impl.io.DefaultHttpClientConnectionOperator - raw.githubusercontent.com resolving remote address
21:36:37.070 [main] DEBUG org.apache.hc.client5.http.impl.io.DefaultHttpClientConnectionOperator - raw.githubusercontent.com resolved to [raw.githubusercontent.com/185.199.111.133, raw.githubusercontent.com/185.199.110.133, raw.githubusercontent.com/185.199.109.133, raw.githubusercontent.com/185.199.108.133]
21:36:37.070 [main] DEBUG org.apache.hc.client5.http.impl.io.DefaultHttpClientConnectionOperator - raw.githubusercontent.com:443 connecting null->raw.githubusercontent.com/185.199.111.133:443 (30 SECONDS)
21:36:37.070 [main] DEBUG org.apache.hc.client5.http.ssl.SSLConnectionSocketFactory - Connecting socket to raw.githubusercontent.com/185.199.111.133:443 with timeout 30 SECONDS
21:36:37.083 [main] DEBUG org.apache.hc.client5.http.ssl.SSLConnectionSocketFactory - Enabled protocols: [TLSv1.3, TLSv1.2]
21:36:37.083 [main] DEBUG org.apache.hc.client5.http.ssl.SSLConnectionSocketFactory - Enabled cipher suites: [TLS_AES_256_GCM_SHA384, TLS_AES_128_GCM_SHA256, TLS_CHACHA20_POLY1305_SHA256, TLS_ECDHE_ECDSA_WITH_AES_256_GCM_SHA384, TLS_ECDHE_ECDSA_WITH_AES_128_GCM_SHA256, TLS_ECDHE_ECDSA_WITH_CHACHA20_POLY1305_SHA256, TLS_ECDHE_RSA_WITH_AES_256_GCM_SHA384, TLS_ECDHE_RSA_WITH_CHACHA20_POLY1305_SHA256, TLS_ECDHE_RSA_WITH_AES_128_GCM_SHA256, TLS_DHE_RSA_WITH_AES_256_GCM_SHA384, TLS_DHE_RSA_WITH_CHACHA20_POLY1305_SHA256, TLS_DHE_DSS_WITH_AES_256_GCM_SHA384, TLS_DHE_RSA_WITH_AES_128_GCM_SHA256, TLS_DHE_DSS_WITH_AES_128_GCM_SHA256, TLS_ECDHE_ECDSA_WITH_AES_256_CBC_SHA384, TLS_ECDHE_RSA_WITH_AES_256_CBC_SHA384, TLS_ECDHE_ECDSA_WITH_AES_128_CBC_SHA256, TLS_ECDHE_RSA_WITH_AES_128_CBC_SHA256, TLS_DHE_RSA_WITH_AES_256_CBC_SHA256, TLS_DHE_DSS_WITH_AES_256_CBC_SHA256, TLS_DHE_RSA_WITH_AES_128_CBC_SHA256, TLS_DHE_DSS_WITH_AES_128_CBC_SHA256, TLS_ECDHE_ECDSA_WITH_AES_256_CBC_SHA, TLS_ECDHE_RSA_WITH_AES_256_CBC_SHA, TLS_ECDHE_ECDSA_WITH_AES_128_CBC_SHA, TLS_ECDHE_RSA_WITH_AES_128_CBC_SHA, TLS_DHE_RSA_WITH_AES_256_CBC_SHA, TLS_DHE_DSS_WITH_AES_256_CBC_SHA, TLS_DHE_RSA_WITH_AES_128_CBC_SHA, TLS_DHE_DSS_WITH_AES_128_CBC_SHA, TLS_RSA_WITH_AES_256_GCM_SHA384, TLS_RSA_WITH_AES_128_GCM_SHA256, TLS_RSA_WITH_AES_256_CBC_SHA256, TLS_RSA_WITH_AES_128_CBC_SHA256, TLS_RSA_WITH_AES_256_CBC_SHA, TLS_RSA_WITH_AES_128_CBC_SHA, TLS_EMPTY_RENEGOTIATION_INFO_SCSV]
21:36:37.083 [main] DEBUG org.apache.hc.client5.http.ssl.SSLConnectionSocketFactory - Starting handshake (null)
21:36:37.099 [main] DEBUG org.apache.hc.client5.http.ssl.SSLConnectionSocketFactory - Secure session established
21:36:37.099 [main] DEBUG org.apache.hc.client5.http.ssl.SSLConnectionSocketFactory -  negotiated protocol: TLSv1.3
21:36:37.099 [main] DEBUG org.apache.hc.client5.http.ssl.SSLConnectionSocketFactory -  negotiated cipher suite: TLS_AES_128_GCM_SHA256
21:36:37.099 [main] DEBUG org.apache.hc.client5.http.ssl.SSLConnectionSocketFactory -  peer principal: CN=*.github.io, O="GitHub, Inc.", L=San Francisco, ST=California, C=US
21:36:37.099 [main] DEBUG org.apache.hc.client5.http.ssl.SSLConnectionSocketFactory -  peer alternative names: [*.github.io, github.io, githubusercontent.com, www.github.com, *.github.com, *.githubusercontent.com, github.com]
21:36:37.099 [main] DEBUG org.apache.hc.client5.http.ssl.SSLConnectionSocketFactory -  issuer principal: CN=DigiCert Global G2 TLS RSA SHA256 2020 CA1, O=DigiCert Inc, C=US
21:36:37.099 [main] DEBUG org.apache.hc.client5.http.impl.io.DefaultManagedHttpClientConnection - http-outgoing-7 set socket timeout to 3 MINUTES
21:36:37.099 [main] DEBUG org.apache.hc.client5.http.impl.io.DefaultHttpClientConnectionOperator - raw.githubusercontent.com:443 connected null->raw.githubusercontent.com/185.199.111.133:443 as http-outgoing-7
21:36:37.099 [main] DEBUG org.apache.hc.client5.http.impl.io.PoolingHttpClientConnectionManager - ep-0000000009 connected http-outgoing-7
21:36:37.099 [main] DEBUG org.apache.hc.client5.http.impl.classic.InternalHttpClient - ep-0000000009 endpoint connected
21:36:37.099 [main] DEBUG org.apache.hc.client5.http.impl.classic.MainClientExec - ex-0000000009 executing GET /bonigarcia/webdrivermanager/master/src/main/resources/commands.properties HTTP/1.1
21:36:37.099 [main] DEBUG org.apache.hc.client5.http.protocol.RequestAddCookies - ex-0000000009 Cookie spec selected: strict
21:36:37.099 [main] DEBUG org.apache.hc.client5.http.impl.classic.InternalHttpClient - ep-0000000009 start execution ex-0000000009
21:36:37.099 [main] DEBUG org.apache.hc.client5.http.impl.io.PoolingHttpClientConnectionManager - ep-0000000009 executing exchange ex-0000000009 over http-outgoing-7
21:36:37.099 [main] DEBUG org.apache.hc.client5.http.headers - http-outgoing-7 >> GET /bonigarcia/webdrivermanager/master/src/main/resources/commands.properties HTTP/1.1
21:36:37.099 [main] DEBUG org.apache.hc.client5.http.headers - http-outgoing-7 >> user-agent: Apache-HttpClient/5.0
21:36:37.099 [main] DEBUG org.apache.hc.client5.http.headers - http-outgoing-7 >> accept-encoding: gzip, deflate, br
21:36:37.099 [main] DEBUG org.apache.hc.client5.http.headers - http-outgoing-7 >> cache-control: max-age=0
21:36:37.099 [main] DEBUG org.apache.hc.client5.http.headers - http-outgoing-7 >> connection: keep-alive
21:36:37.099 [main] DEBUG org.apache.hc.client5.http.headers - http-outgoing-7 >> Host: raw.githubusercontent.com
21:36:37.099 [main] DEBUG org.apache.hc.client5.http.wire - http-outgoing-7 >> "GET /bonigarcia/webdrivermanager/master/src/main/resources/commands.properties HTTP/1.1[\r][\n]"
21:36:37.099 [main] DEBUG org.apache.hc.client5.http.wire - http-outgoing-7 >> "user-agent: Apache-HttpClient/5.0[\r][\n]"
21:36:37.099 [main] DEBUG org.apache.hc.client5.http.wire - http-outgoing-7 >> "accept-encoding: gzip, deflate, br[\r][\n]"
21:36:37.099 [main] DEBUG org.apache.hc.client5.http.wire - http-outgoing-7 >> "cache-control: max-age=0[\r][\n]"
21:36:37.099 [main] DEBUG org.apache.hc.client5.http.wire - http-outgoing-7 >> "connection: keep-alive[\r][\n]"
21:36:37.099 [main] DEBUG org.apache.hc.client5.http.wire - http-outgoing-7 >> "Host: raw.githubusercontent.com[\r][\n]"
21:36:37.099 [main] DEBUG org.apache.hc.client5.http.wire - http-outgoing-7 >> "[\r][\n]"
21:36:37.107 [main] DEBUG org.apache.hc.client5.http.wire - http-outgoing-7 << "HTTP/1.1 200 OK[\r][\n]"
21:36:37.107 [main] DEBUG org.apache.hc.client5.http.wire - http-outgoing-7 << "Connection: keep-alive[\r][\n]"
21:36:37.107 [main] DEBUG org.apache.hc.client5.http.wire - http-outgoing-7 << "Content-Length: 745[\r][\n]"
21:36:37.107 [main] DEBUG org.apache.hc.client5.http.wire - http-outgoing-7 << "Cache-Control: max-age=300[\r][\n]"
21:36:37.107 [main] DEBUG org.apache.hc.client5.http.wire - http-outgoing-7 << "Content-Security-Policy: default-src 'none'; style-src 'unsafe-inline'; sandbox[\r][\n]"
21:36:37.107 [main] DEBUG org.apache.hc.client5.http.wire - http-outgoing-7 << "Content-Type: text/plain; charset=utf-8[\r][\n]"
21:36:37.107 [main] DEBUG org.apache.hc.client5.http.wire - http-outgoing-7 << "ETag: W/"dd41edff335272162022217759820159dac501cff56850e2510f504462cd9b5f"[\r][\n]"
21:36:37.107 [main] DEBUG org.apache.hc.client5.http.wire - http-outgoing-7 << "Strict-Transport-Security: max-age=31536000[\r][\n]"
21:36:37.107 [main] DEBUG org.apache.hc.client5.http.wire - http-outgoing-7 << "X-Content-Type-Options: nosniff[\r][\n]"
21:36:37.107 [main] DEBUG org.apache.hc.client5.http.wire - http-outgoing-7 << "X-Frame-Options: deny[\r][\n]"
21:36:37.107 [main] DEBUG org.apache.hc.client5.http.wire - http-outgoing-7 << "X-XSS-Protection: 1; mode=block[\r][\n]"
21:36:37.107 [main] DEBUG org.apache.hc.client5.http.wire - http-outgoing-7 << "X-GitHub-Request-Id: 11E0:2FCCA8:200498:2217C9:6757BE85[\r][\n]"
21:36:37.107 [main] DEBUG org.apache.hc.client5.http.wire - http-outgoing-7 << "Content-Encoding: gzip[\r][\n]"
21:36:37.107 [main] DEBUG org.apache.hc.client5.http.wire - http-outgoing-7 << "Accept-Ranges: bytes[\r][\n]"
21:36:37.107 [main] DEBUG org.apache.hc.client5.http.wire - http-outgoing-7 << "Date: Wed, 18 Dec 2024 20:36:38 GMT[\r][\n]"
21:36:37.107 [main] DEBUG org.apache.hc.client5.http.wire - http-outgoing-7 << "Via: 1.1 varnish[\r][\n]"
21:36:37.107 [main] DEBUG org.apache.hc.client5.http.wire - http-outgoing-7 << "X-Served-By: cache-mad22042-MAD[\r][\n]"
21:36:37.107 [main] DEBUG org.apache.hc.client5.http.wire - http-outgoing-7 << "X-Cache: HIT[\r][\n]"
21:36:37.107 [main] DEBUG org.apache.hc.client5.http.wire - http-outgoing-7 << "X-Cache-Hits: 1[\r][\n]"
21:36:37.107 [main] DEBUG org.apache.hc.client5.http.wire - http-outgoing-7 << "X-Timer: S1734554198.272651,VS0,VE1[\r][\n]"
21:36:37.107 [main] DEBUG org.apache.hc.client5.http.wire - http-outgoing-7 << "Vary: Authorization,Accept-Encoding,Origin[\r][\n]"
21:36:37.107 [main] DEBUG org.apache.hc.client5.http.wire - http-outgoing-7 << "Access-Control-Allow-Origin: *[\r][\n]"
21:36:37.107 [main] DEBUG org.apache.hc.client5.http.wire - http-outgoing-7 << "Cross-Origin-Resource-Policy: cross-origin[\r][\n]"
21:36:37.107 [main] DEBUG org.apache.hc.client5.http.wire - http-outgoing-7 << "X-Fastly-Request-ID: 5c9f45105ed362081291f9bb4233eead360c0e34[\r][\n]"
21:36:37.107 [main] DEBUG org.apache.hc.client5.http.wire - http-outgoing-7 << "Expires: Wed, 18 Dec 2024 20:41:38 GMT[\r][\n]"
21:36:37.107 [main] DEBUG org.apache.hc.client5.http.wire - http-outgoing-7 << "Source-Age: 85[\r][\n]"
21:36:37.107 [main] DEBUG org.apache.hc.client5.http.wire - http-outgoing-7 << "[\r][\n]"
21:36:37.107 [main] DEBUG org.apache.hc.client5.http.headers - http-outgoing-7 << HTTP/1.1 200 OK
21:36:37.107 [main] DEBUG org.apache.hc.client5.http.headers - http-outgoing-7 << Connection: keep-alive
21:36:37.107 [main] DEBUG org.apache.hc.client5.http.headers - http-outgoing-7 << Content-Length: 745
21:36:37.107 [main] DEBUG org.apache.hc.client5.http.headers - http-outgoing-7 << Cache-Control: max-age=300
21:36:37.107 [main] DEBUG org.apache.hc.client5.http.headers - http-outgoing-7 << Content-Security-Policy: default-src 'none'; style-src 'unsafe-inline'; sandbox
21:36:37.107 [main] DEBUG org.apache.hc.client5.http.headers - http-outgoing-7 << Content-Type: text/plain; charset=utf-8
21:36:37.107 [main] DEBUG org.apache.hc.client5.http.headers - http-outgoing-7 << ETag: W/"dd41edff335272162022217759820159dac501cff56850e2510f504462cd9b5f"
21:36:37.107 [main] DEBUG org.apache.hc.client5.http.headers - http-outgoing-7 << Strict-Transport-Security: max-age=31536000
21:36:37.107 [main] DEBUG org.apache.hc.client5.http.headers - http-outgoing-7 << X-Content-Type-Options: nosniff
21:36:37.107 [main] DEBUG org.apache.hc.client5.http.headers - http-outgoing-7 << X-Frame-Options: deny
21:36:37.107 [main] DEBUG org.apache.hc.client5.http.headers - http-outgoing-7 << X-XSS-Protection: 1; mode=block
21:36:37.107 [main] DEBUG org.apache.hc.client5.http.headers - http-outgoing-7 << X-GitHub-Request-Id: 11E0:2FCCA8:200498:2217C9:6757BE85
21:36:37.107 [main] DEBUG org.apache.hc.client5.http.headers - http-outgoing-7 << Content-Encoding: gzip
21:36:37.107 [main] DEBUG org.apache.hc.client5.http.headers - http-outgoing-7 << Accept-Ranges: bytes
21:36:37.107 [main] DEBUG org.apache.hc.client5.http.headers - http-outgoing-7 << Date: Wed, 18 Dec 2024 20:36:38 GMT
21:36:37.107 [main] DEBUG org.apache.hc.client5.http.headers - http-outgoing-7 << Via: 1.1 varnish
21:36:37.107 [main] DEBUG org.apache.hc.client5.http.headers - http-outgoing-7 << X-Served-By: cache-mad22042-MAD
21:36:37.108 [main] DEBUG org.apache.hc.client5.http.headers - http-outgoing-7 << X-Cache: HIT
21:36:37.108 [main] DEBUG org.apache.hc.client5.http.headers - http-outgoing-7 << X-Cache-Hits: 1
21:36:37.108 [main] DEBUG org.apache.hc.client5.http.headers - http-outgoing-7 << X-Timer: S1734554198.272651,VS0,VE1
21:36:37.108 [main] DEBUG org.apache.hc.client5.http.headers - http-outgoing-7 << Vary: Authorization,Accept-Encoding,Origin
21:36:37.108 [main] DEBUG org.apache.hc.client5.http.headers - http-outgoing-7 << Access-Control-Allow-Origin: *
21:36:37.108 [main] DEBUG org.apache.hc.client5.http.headers - http-outgoing-7 << Cross-Origin-Resource-Policy: cross-origin
21:36:37.108 [main] DEBUG org.apache.hc.client5.http.headers - http-outgoing-7 << X-Fastly-Request-ID: 5c9f45105ed362081291f9bb4233eead360c0e34
21:36:37.108 [main] DEBUG org.apache.hc.client5.http.headers - http-outgoing-7 << Expires: Wed, 18 Dec 2024 20:41:38 GMT
21:36:37.108 [main] DEBUG org.apache.hc.client5.http.headers - http-outgoing-7 << Source-Age: 85
21:36:37.108 [main] DEBUG org.apache.hc.client5.http.impl.classic.MainClientExec - ex-0000000009 connection can be kept alive for 3 MINUTES
21:36:37.108 [main] DEBUG org.apache.hc.client5.http.wire - http-outgoing-7 << "[0x1f][0xffffff8b][0x8][0x0][0x0][0x0][0x0][0x0][0x0][0x3][0xffffffb5]W]o[0xffffffda]0[0x14]}[0xffffffe7]W\QUj% [0x1b][0xffffffad][0xffffffa6]i[0x12][0xf]4c[0xffffffdd]4*[0x18][0xffffffb4][0xffffffdd]&[0xfffffff9][0xffffffc5]$N[0xffffffb0][0xffffff94][0xffffffd8][0xffffffc8]NJ[0xffffffb7]_?[0xffffffdb][0xfffffff9]X[0xffffff92]:[0xffffffa3]k[0xffffffe8][0x1b][0xffffffb6][0xffffffef]=[0xffffffe7][0xffffffd8][0xfffffff7][0xffffffe4][0xffffffda][0xffffff9c][0xffffff80][0xffffffcb][0xffffffe3][0x18]3_[0xffffff82][0xffffff8f][0x13][0xffffffbc][0xffffffc1][0xffffff92][0xfffffff4]N[0xffffffe0]vK%[0x4]4"[0xffffffe0]q[0xffffff96]`[0xffffffca]$$[=[0xffffffc8]C[0x13][0xe][0x1b][0x2][0xffffffe4][0xffffff91]xiB|[0xffffffa0][0xffffffcc],[0xffffffcb]-[0xffffff89]"=[0xffffffe0][0xffffffc2]'B[0x7][0xfffffff9]$!^b[0x16][0x1f][0xffffff88][0xffffff90][0xffffff94][0xffffffab][0xffffffb5][0x0][0xffffff88][0xfffffffa][0x1d][\n]"
21:36:37.108 [main] DEBUG org.apache.hc.client5.http.wire - http-outgoing-7 << "B[0x18]l[0x4][0xffffffdf]K[0xffffffb5][0xffffffa0]([0xffffffcf][0xffffffdc][0xffffffad][0xffffffe0]1[0x19][0xffffffc0]'*H[0xffffffc0][0x1f][0x7][0xffffffb0][0xffffffd8][0x11][0xffffff81][0x7]0[0xfffffff3]C5kVi[0x1a][0xffffff9f]k|[0xffffff9f][0x6][0x1][0x11][0xffffff84]%[0xffffffc0]uLBY[0x8][0xfffffff2][0xffffff97]LH,[0xffffffe1][0xffffffec];e[0xffffffbe]B[0x1d][0xffffffc0][0xffffff9c][0xffffffb2]T[0xffffffc1][0xffffffdc]`[0xf][0x16][0xffffffeb][0xfffffff3][0xffffff9e][0xffffffe2][0xffffffc8](z[0xfffffff9]6F[0xffffff9e][0x19][0xffffff8e][0xfffffff6]Y[0xffffffc2][0xffffffe8][0xffffffcd][0xffffffdb][0xffffff89][0x17][0xfffffffb]#[0xffffffb5]+p\[0xffffffd8][0xffffffc7][0xffffffd4]3Gb[0xffffff8e]a[0xffffffbf]U|[0xffffffc0]pL&[0xfffffffd][0xffffffd3][0xffffffe5]jq[0xffffffbd][0xffffff9a][0xffffffde]|[0xfffffffa]2[0xffffff9f][0xffffffad]?[0xffffffa0][0x9]B[0xffffffa7][0x8]]s[0x1e]F[0x4][0xffffffa1][0xffffff8c][0x2][0xffffffa1][0xffffffe9]n[0x17]QOI[0xffffffe3][0xc][0xffffffa1][0xffffff9c]H![0xfffffff7]!$[0x9][0xffffffdc][0xffffffe7]g[0xffffffe1]<[0xffffffe0](m[0xffffffd7]3~[0xffffff81][0xffffff9e][0xffffffb3][0x1f][0xffffffef][0xffffffdf][0xffffff9d][0xffffffbf][0xffffffa6][0xffffffa8][0xffffff8b]g[0xffffff8a][0xffffff9a]/[0xffffffdc][0xffffffe9]|[0xffffffba]\~[0xffffff9c][0xffffffde]N_S[0xffffffcf][0xffffffe5]d5[0xffffffbb][0xffffff86]ow[0xffffffb3][0xffffffd5]O[0xfffffff8][0xfffffffc][0xffffffd5][0xffffffbd]Ck[0x1e]${,H[0xffffffc1][0xffffff96][0xffffff93]][0xffffffcd][0xffffffaf][0x8][0xfffffff6][0xc]^[0xffffffe1][0xffffffc5]^[0x13]4[0xffffffd2][0xffffff8e][0xffffffd1]>pR)[0xffffff9c][\r]eNh0[0xffffff86][0xffffffd9]:[0xc][0xffffff87]E[0xffffffa6]=q<i[0xffffff8b]o&[0xffffffc4][0xffffffd8]3<[0xffffff95][0x13][0xffffff90]N&8w[0xffffffe9][0x8][0xffffffef]v[0xffffff8e][0xffffffab][0xffffffbe]>es[0xffffffe9]([0x13]/[0xffffffd6][0xfffffff5][0xffffff80]*[0xffffffba][0xfffffff2]v[0xfffffffe][0xffffffd9][0xffffff94]DA6>[0xffffff8e][0xffffffbb]o[0xfffffff8]o[0x1a]E[0xffffffb8] A[0xffffffa8]@?T[0xffffffad]'*:{[0xfffffffa]xR.*[0xffffffce][0xffffffe9][0xffffffd7][0xffffffad][0xffffff93][0xffffff93]4[0xffffffc9][0xfffffffa][0xffffffda]<n*t[0xffffffeb][0xffffffb9]oV[0xffffffb6][0xffffffc0]/M[0xffffff94]O[0xffffffc0][0xfffffff0][0xffffffe1]i[0xffffff90][0xffffffb5][0xfffffffe]9[0xffffff8b][0xffffffad][0xfffffff2]U,Ul[0xffffffdd][0x13]KL[0xffffffa2][0x6][0xffffffdd][0xffffffca]\?`[0xffffffea][0x9].[0xffffffd5]I [0xffffffa4]i[0x1a]_i,[\r][0xffffffdd][0xffffffa1][0xffffffc3][0xffffffae]kzI[0xffffffd1]_Q[0xffffffce]Ek[0xffffffcb][0xfffffff8]Kf[0xffffffb8][0xfffffffe][0xffffffd9]3[0xc][0xffffffe6][0xffffffd3][0xffffff8e][0x11][0x17][0x10]C[0x1d]`i[0x19][0xffffffd5][0xffffffbc][0xfffffff1][0xffffffa4]5[0xffffffbc][0x1e]o[0xfffffff5]K[0xffffffa9][0xffffffd6][0xfffffff8][0xffffffc1]f[0xffffff9b]z[0x4][0xffffffd4][0x1a][0xffffff86][0xffffffb9]^K[0x16]s[0xffffff91][0xfffffffe][0xffffffbf][0xffffff8b]l]~)x(p,[0x11]2[0x14][0x8]E8e[0xffffff9e][0xffffffca]:X[0xffffffa6][0xffffff86][0xffffff88].[0xffffffb6]9[0xffffff9a][0xffffff88].[0xfffffff7]]G[0xffffffea][0xffffffcb][0xe][0xfffffffb][0x7f].u[0xffffff83][0xffffffbb][0xfffffff4][0xffffffb3][0x19][0xffffffda][0xffffffec][0xffffff98][0xffffffc5]Y[0xfffffffd]h8m6\4[0xffffffc1][0xffffff8a][0xffffffb7][0xffffff98]z[0xffffffd0][0xffffffd5]oF5q[0x1c][0x13][0x16][0xfffffff0][0x1d][0x1e][0x19]5-[0xffffff9d][0xffffffef][0xffffffad]c[0xb]z[0xffffffae]/m[0xffffffe6]8[0xffffffb6][0xffffff96][0xfffffff6]7X[0xffffffc9]t[0xfffffff8][0xfffffff9][0xffffffa5][0x11]K[0xfffffffb][0x15]3[0xffffffc3][0xfffffffc][0x1f]B[0xffffffdb][0xffffffd3][0xffffffab][0xffffff92]4.[0xffffff93]Z[0xffffffdf]]:[0xffffffda][0xffffffea][0xffffffdc]B[0xffffffa6][0xffffffcd][0xffffffbc][0xffffffae][0x5][0xfffffff5][0x4][0xffffffd6]8[0xffffffc0][0xffffff82][0xffffff96][0xfffffff0][0xffffffd2][0xc][0xffffffed][0xffffffe0]Y[0xffffffa8][\r]:[[0xffffffa9][0x0][0xffffffff][0x1][0xfffffff8][0x15][0xffffffb4][0xffffffee][0xffffff8e][\r][0x0][0x0]"
21:36:37.108 [main] DEBUG org.apache.hc.client5.http.impl.classic.InternalHttpClient - ep-0000000009 releasing valid endpoint
21:36:37.108 [main] DEBUG org.apache.hc.client5.http.impl.io.PoolingHttpClientConnectionManager - ep-0000000009 releasing endpoint
21:36:37.108 [main] DEBUG org.apache.hc.client5.http.impl.io.PoolingHttpClientConnectionManager - ep-0000000009 connection http-outgoing-7 can be kept alive for 3 MINUTES
21:36:37.108 [main] DEBUG org.apache.hc.client5.http.impl.io.PoolingHttpClientConnectionManager - ep-0000000009 connection released [route: {s}->https://raw.githubusercontent.com:443][total available: 1; route allocated: 1 of 5; total allocated: 1 of 25]
21:36:37.108 [main] DEBUG io.github.bonigarcia.wdm.versions.VersionDetector - Detecting chrome version using online commands.properties
21:36:37.109 [main] DEBUG io.github.bonigarcia.wdm.versions.Shell - Running command on the shell: [cmd.exe, /C, wmic, datafile, where, name="%PROGRAMFILES:\=\\%\\Google\\Chrome\\Application\\chrome.exe", get, Version, /value]
21:36:37.216 [main] DEBUG io.github.bonigarcia.wdm.versions.Shell - Result: 
21:36:37.217 [main] DEBUG io.github.bonigarcia.wdm.versions.Shell - Running command on the shell: [cmd.exe, /C, wmic, datafile, where, name="%PROGRAMFILES(X86):\=\\%\\Google\\Chrome\\Application\\chrome.exe", get, Version, /value]
21:36:37.335 [main] DEBUG io.github.bonigarcia.wdm.versions.Shell - Result: 
21:36:37.336 [main] DEBUG io.github.bonigarcia.wdm.versions.Shell - Running command on the shell: [cmd.exe, /C, wmic, datafile, where, name="%LOCALAPPDATA:\=\\%\\Google\\Chrome\\Application\\chrome.exe", get, Version, /value]
21:36:37.460 [main] DEBUG io.github.bonigarcia.wdm.versions.Shell - Result: 
21:36:37.460 [main] DEBUG io.github.bonigarcia.wdm.versions.Shell - Running command on the shell: [REG, QUERY, HKCU\Software\Google\Chrome\BLBeacon, /v, version]
21:36:37.489 [main] DEBUG io.github.bonigarcia.wdm.versions.Shell - Result: 
21:36:37.489 [main] DEBUG io.github.bonigarcia.wdm.versions.VersionDetector - Browser version for chrome not detected using online properties (using local commands.properties)
21:36:37.490 [main] DEBUG io.github.bonigarcia.wdm.versions.Shell - Running command on the shell: [cmd.exe, /C, wmic, datafile, where, name="%PROGRAMFILES:\=\\%\\Google\\Chrome\\Application\\chrome.exe", get, Version, /value]
21:36:37.590 [main] DEBUG io.github.bonigarcia.wdm.versions.Shell - Result: 
21:36:37.591 [main] DEBUG io.github.bonigarcia.wdm.versions.Shell - Running command on the shell: [cmd.exe, /C, wmic, datafile, where, name="%PROGRAMFILES(X86):\=\\%\\Google\\Chrome\\Application\\chrome.exe", get, Version, /value]
21:36:37.694 [main] DEBUG io.github.bonigarcia.wdm.versions.Shell - Result: 
21:36:37.695 [main] DEBUG io.github.bonigarcia.wdm.versions.Shell - Running command on the shell: [cmd.exe, /C, wmic, datafile, where, name="%LOCALAPPDATA:\=\\%\\Google\\Chrome\\Application\\chrome.exe", get, Version, /value]
21:36:37.821 [main] DEBUG io.github.bonigarcia.wdm.versions.Shell - Result: 
21:36:37.821 [main] DEBUG io.github.bonigarcia.wdm.versions.Shell - Running command on the shell: [REG, QUERY, HKCU\Software\Google\Chrome\BLBeacon, /v, version]
21:36:37.849 [main] DEBUG io.github.bonigarcia.wdm.versions.Shell - Result: 
21:36:37.849 [main] DEBUG io.github.bonigarcia.wdm.WebDriverManager - The driver version for CHROME is unknown ... trying with latest
21:36:37.850 [main] DEBUG org.apache.hc.client5.http.impl.classic.InternalHttpClient - ex-0000000010 preparing request execution
21:36:37.850 [main] DEBUG org.apache.hc.client5.http.impl.classic.ProtocolExec - ex-0000000010 target auth state: UNCHALLENGED
21:36:37.850 [main] DEBUG org.apache.hc.client5.http.impl.classic.ProtocolExec - ex-0000000010 proxy auth state: UNCHALLENGED
21:36:37.850 [main] DEBUG org.apache.hc.client5.http.impl.classic.ConnectExec - ex-0000000010 acquiring connection with route {s}->https://googlechromelabs.github.io:443
21:36:37.850 [main] DEBUG org.apache.hc.client5.http.impl.classic.InternalHttpClient - ex-0000000010 acquiring endpoint (3 MINUTES)
21:36:37.850 [main] DEBUG org.apache.hc.client5.http.impl.io.PoolingHttpClientConnectionManager - ex-0000000010 endpoint lease request (3 MINUTES) [route: {s}->https://googlechromelabs.github.io:443][total available: 1; route allocated: 0 of 5; total allocated: 1 of 25]
21:36:37.850 [main] DEBUG org.apache.hc.client5.http.impl.io.PoolingHttpClientConnectionManager - ex-0000000010 endpoint leased [route: {s}->https://googlechromelabs.github.io:443][total available: 1; route allocated: 1 of 5; total allocated: 2 of 25]
21:36:37.851 [main] DEBUG org.apache.hc.client5.http.impl.io.PoolingHttpClientConnectionManager - ex-0000000010 acquired ep-0000000010
21:36:37.851 [main] DEBUG org.apache.hc.client5.http.impl.classic.InternalHttpClient - ex-0000000010 acquired endpoint ep-0000000010
21:36:37.851 [main] DEBUG org.apache.hc.client5.http.impl.classic.ConnectExec - ex-0000000010 opening connection {s}->https://googlechromelabs.github.io:443
21:36:37.851 [main] DEBUG org.apache.hc.client5.http.impl.classic.InternalHttpClient - ep-0000000010 connecting endpoint (null)
21:36:37.851 [main] DEBUG org.apache.hc.client5.http.impl.io.PoolingHttpClientConnectionManager - ep-0000000010 connecting endpoint to https://googlechromelabs.github.io:443 (30 SECONDS)
21:36:37.851 [main] DEBUG org.apache.hc.client5.http.impl.io.DefaultHttpClientConnectionOperator - googlechromelabs.github.io resolving remote address
21:36:37.851 [main] DEBUG org.apache.hc.client5.http.impl.io.DefaultHttpClientConnectionOperator - googlechromelabs.github.io resolved to [googlechromelabs.github.io/185.199.111.153, googlechromelabs.github.io/185.199.108.153, googlechromelabs.github.io/185.199.109.153, googlechromelabs.github.io/185.199.110.153]
21:36:37.851 [main] DEBUG org.apache.hc.client5.http.impl.io.DefaultHttpClientConnectionOperator - googlechromelabs.github.io:443 connecting null->googlechromelabs.github.io/185.199.111.153:443 (30 SECONDS)
21:36:37.851 [main] DEBUG org.apache.hc.client5.http.ssl.SSLConnectionSocketFactory - Connecting socket to googlechromelabs.github.io/185.199.111.153:443 with timeout 30 SECONDS
21:36:37.860 [main] DEBUG org.apache.hc.client5.http.ssl.SSLConnectionSocketFactory - Enabled protocols: [TLSv1.3, TLSv1.2]
21:36:37.861 [main] DEBUG org.apache.hc.client5.http.ssl.SSLConnectionSocketFactory - Enabled cipher suites: [TLS_AES_256_GCM_SHA384, TLS_AES_128_GCM_SHA256, TLS_CHACHA20_POLY1305_SHA256, TLS_ECDHE_ECDSA_WITH_AES_256_GCM_SHA384, TLS_ECDHE_ECDSA_WITH_AES_128_GCM_SHA256, TLS_ECDHE_ECDSA_WITH_CHACHA20_POLY1305_SHA256, TLS_ECDHE_RSA_WITH_AES_256_GCM_SHA384, TLS_ECDHE_RSA_WITH_CHACHA20_POLY1305_SHA256, TLS_ECDHE_RSA_WITH_AES_128_GCM_SHA256, TLS_DHE_RSA_WITH_AES_256_GCM_SHA384, TLS_DHE_RSA_WITH_CHACHA20_POLY1305_SHA256, TLS_DHE_DSS_WITH_AES_256_GCM_SHA384, TLS_DHE_RSA_WITH_AES_128_GCM_SHA256, TLS_DHE_DSS_WITH_AES_128_GCM_SHA256, TLS_ECDHE_ECDSA_WITH_AES_256_CBC_SHA384, TLS_ECDHE_RSA_WITH_AES_256_CBC_SHA384, TLS_ECDHE_ECDSA_WITH_AES_128_CBC_SHA256, TLS_ECDHE_RSA_WITH_AES_128_CBC_SHA256, TLS_DHE_RSA_WITH_AES_256_CBC_SHA256, TLS_DHE_DSS_WITH_AES_256_CBC_SHA256, TLS_DHE_RSA_WITH_AES_128_CBC_SHA256, TLS_DHE_DSS_WITH_AES_128_CBC_SHA256, TLS_ECDHE_ECDSA_WITH_AES_256_CBC_SHA, TLS_ECDHE_RSA_WITH_AES_256_CBC_SHA, TLS_ECDHE_ECDSA_WITH_AES_128_CBC_SHA, TLS_ECDHE_RSA_WITH_AES_128_CBC_SHA, TLS_DHE_RSA_WITH_AES_256_CBC_SHA, TLS_DHE_DSS_WITH_AES_256_CBC_SHA, TLS_DHE_RSA_WITH_AES_128_CBC_SHA, TLS_DHE_DSS_WITH_AES_128_CBC_SHA, TLS_RSA_WITH_AES_256_GCM_SHA384, TLS_RSA_WITH_AES_128_GCM_SHA256, TLS_RSA_WITH_AES_256_CBC_SHA256, TLS_RSA_WITH_AES_128_CBC_SHA256, TLS_RSA_WITH_AES_256_CBC_SHA, TLS_RSA_WITH_AES_128_CBC_SHA, TLS_EMPTY_RENEGOTIATION_INFO_SCSV]
21:36:37.861 [main] DEBUG org.apache.hc.client5.http.ssl.SSLConnectionSocketFactory - Starting handshake (null)
21:36:37.873 [main] DEBUG org.apache.hc.client5.http.ssl.SSLConnectionSocketFactory - Secure session established
21:36:37.873 [main] DEBUG org.apache.hc.client5.http.ssl.SSLConnectionSocketFactory -  negotiated protocol: TLSv1.3
21:36:37.873 [main] DEBUG org.apache.hc.client5.http.ssl.SSLConnectionSocketFactory -  negotiated cipher suite: TLS_AES_128_GCM_SHA256
21:36:37.873 [main] DEBUG org.apache.hc.client5.http.ssl.SSLConnectionSocketFactory -  peer principal: CN=*.github.io, O="GitHub, Inc.", L=San Francisco, ST=California, C=US
21:36:37.873 [main] DEBUG org.apache.hc.client5.http.ssl.SSLConnectionSocketFactory -  peer alternative names: [*.github.io, github.io, githubusercontent.com, www.github.com, *.github.com, *.githubusercontent.com, github.com]
21:36:37.873 [main] DEBUG org.apache.hc.client5.http.ssl.SSLConnectionSocketFactory -  issuer principal: CN=DigiCert Global G2 TLS RSA SHA256 2020 CA1, O=DigiCert Inc, C=US
21:36:37.873 [main] DEBUG org.apache.hc.client5.http.impl.io.DefaultManagedHttpClientConnection - http-outgoing-8 set socket timeout to 3 MINUTES
21:36:37.873 [main] DEBUG org.apache.hc.client5.http.impl.io.DefaultHttpClientConnectionOperator - googlechromelabs.github.io:443 connected null->googlechromelabs.github.io/185.199.111.153:443 as http-outgoing-8
21:36:37.873 [main] DEBUG org.apache.hc.client5.http.impl.io.PoolingHttpClientConnectionManager - ep-0000000010 connected http-outgoing-8
21:36:37.873 [main] DEBUG org.apache.hc.client5.http.impl.classic.InternalHttpClient - ep-0000000010 endpoint connected
21:36:37.873 [main] DEBUG org.apache.hc.client5.http.impl.classic.MainClientExec - ex-0000000010 executing GET /chrome-for-testing/last-known-good-versions-with-downloads.json HTTP/1.1
21:36:37.873 [main] DEBUG org.apache.hc.client5.http.protocol.RequestAddCookies - ex-0000000010 Cookie spec selected: strict
21:36:37.873 [main] DEBUG org.apache.hc.client5.http.impl.classic.InternalHttpClient - ep-0000000010 start execution ex-0000000010
21:36:37.873 [main] DEBUG org.apache.hc.client5.http.impl.io.PoolingHttpClientConnectionManager - ep-0000000010 executing exchange ex-0000000010 over http-outgoing-8
21:36:37.873 [main] DEBUG org.apache.hc.client5.http.headers - http-outgoing-8 >> GET /chrome-for-testing/last-known-good-versions-with-downloads.json HTTP/1.1
21:36:37.873 [main] DEBUG org.apache.hc.client5.http.headers - http-outgoing-8 >> user-agent: Apache-HttpClient/5.0
21:36:37.873 [main] DEBUG org.apache.hc.client5.http.headers - http-outgoing-8 >> accept-encoding: gzip, deflate, br
21:36:37.873 [main] DEBUG org.apache.hc.client5.http.headers - http-outgoing-8 >> cache-control: max-age=0
21:36:37.873 [main] DEBUG org.apache.hc.client5.http.headers - http-outgoing-8 >> connection: keep-alive
21:36:37.873 [main] DEBUG org.apache.hc.client5.http.headers - http-outgoing-8 >> Host: googlechromelabs.github.io
21:36:37.873 [main] DEBUG org.apache.hc.client5.http.wire - http-outgoing-8 >> "GET /chrome-for-testing/last-known-good-versions-with-downloads.json HTTP/1.1[\r][\n]"
21:36:37.873 [main] DEBUG org.apache.hc.client5.http.wire - http-outgoing-8 >> "user-agent: Apache-HttpClient/5.0[\r][\n]"
21:36:37.873 [main] DEBUG org.apache.hc.client5.http.wire - http-outgoing-8 >> "accept-encoding: gzip, deflate, br[\r][\n]"
21:36:37.873 [main] DEBUG org.apache.hc.client5.http.wire - http-outgoing-8 >> "cache-control: max-age=0[\r][\n]"
21:36:37.873 [main] DEBUG org.apache.hc.client5.http.wire - http-outgoing-8 >> "connection: keep-alive[\r][\n]"
21:36:37.873 [main] DEBUG org.apache.hc.client5.http.wire - http-outgoing-8 >> "Host: googlechromelabs.github.io[\r][\n]"
21:36:37.873 [main] DEBUG org.apache.hc.client5.http.wire - http-outgoing-8 >> "[\r][\n]"
21:36:37.879 [main] DEBUG org.apache.hc.client5.http.wire - http-outgoing-8 << "HTTP/1.1 200 OK[\r][\n]"
21:36:37.879 [main] DEBUG org.apache.hc.client5.http.wire - http-outgoing-8 << "Connection: keep-alive[\r][\n]"
21:36:37.879 [main] DEBUG org.apache.hc.client5.http.wire - http-outgoing-8 << "Content-Length: 650[\r][\n]"
21:36:37.879 [main] DEBUG org.apache.hc.client5.http.wire - http-outgoing-8 << "Server: GitHub.com[\r][\n]"
21:36:37.879 [main] DEBUG org.apache.hc.client5.http.wire - http-outgoing-8 << "Content-Type: application/json; charset=utf-8[\r][\n]"
21:36:37.879 [main] DEBUG org.apache.hc.client5.http.wire - http-outgoing-8 << "permissions-policy: interest-cohort=()[\r][\n]"
21:36:37.879 [main] DEBUG org.apache.hc.client5.http.wire - http-outgoing-8 << "x-origin-cache: HIT[\r][\n]"
21:36:37.879 [main] DEBUG org.apache.hc.client5.http.wire - http-outgoing-8 << "Last-Modified: Wed, 18 Dec 2024 20:10:24 GMT[\r][\n]"
21:36:37.879 [main] DEBUG org.apache.hc.client5.http.wire - http-outgoing-8 << "Access-Control-Allow-Origin: *[\r][\n]"
21:36:37.879 [main] DEBUG org.apache.hc.client5.http.wire - http-outgoing-8 << "Strict-Transport-Security: max-age=31556952[\r][\n]"
21:36:37.879 [main] DEBUG org.apache.hc.client5.http.wire - http-outgoing-8 << "ETag: W/"67632c30-21f8"[\r][\n]"
21:36:37.879 [main] DEBUG org.apache.hc.client5.http.wire - http-outgoing-8 << "expires: Wed, 18 Dec 2024 20:22:58 GMT[\r][\n]"
21:36:37.879 [main] DEBUG org.apache.hc.client5.http.wire - http-outgoing-8 << "Cache-Control: max-age=600[\r][\n]"
21:36:37.879 [main] DEBUG org.apache.hc.client5.http.wire - http-outgoing-8 << "Content-Encoding: gzip[\r][\n]"
21:36:37.879 [main] DEBUG org.apache.hc.client5.http.wire - http-outgoing-8 << "x-proxy-cache: HIT[\r][\n]"
21:36:37.879 [main] DEBUG org.apache.hc.client5.http.wire - http-outgoing-8 << "X-GitHub-Request-Id: 5783:7E9D1:F42EB:F6CEE:67632CFD[\r][\n]"
21:36:37.879 [main] DEBUG org.apache.hc.client5.http.wire - http-outgoing-8 << "Accept-Ranges: bytes[\r][\n]"
21:36:37.879 [main] DEBUG org.apache.hc.client5.http.wire - http-outgoing-8 << "Date: Wed, 18 Dec 2024 20:36:39 GMT[\r][\n]"
21:36:37.879 [main] DEBUG org.apache.hc.client5.http.wire - http-outgoing-8 << "Via: 1.1 varnish[\r][\n]"
21:36:37.879 [main] DEBUG org.apache.hc.client5.http.wire - http-outgoing-8 << "Age: 469[\r][\n]"
21:36:37.879 [main] DEBUG org.apache.hc.client5.http.wire - http-outgoing-8 << "X-Served-By: cache-mad22054-MAD[\r][\n]"
21:36:37.879 [main] DEBUG org.apache.hc.client5.http.wire - http-outgoing-8 << "X-Cache: HIT[\r][\n]"
21:36:37.879 [main] DEBUG org.apache.hc.client5.http.wire - http-outgoing-8 << "X-Cache-Hits: 1[\r][\n]"
21:36:37.879 [main] DEBUG org.apache.hc.client5.http.wire - http-outgoing-8 << "X-Timer: S1734554199.047234,VS0,VE2[\r][\n]"
21:36:37.879 [main] DEBUG org.apache.hc.client5.http.wire - http-outgoing-8 << "Vary: Accept-Encoding[\r][\n]"
21:36:37.879 [main] DEBUG org.apache.hc.client5.http.wire - http-outgoing-8 << "X-Fastly-Request-ID: 0e3af4eec3e87f05fe317f44b97ac8748a15f0a4[\r][\n]"
21:36:37.879 [main] DEBUG org.apache.hc.client5.http.wire - http-outgoing-8 << "[\r][\n]"
21:36:37.880 [main] DEBUG org.apache.hc.client5.http.headers - http-outgoing-8 << HTTP/1.1 200 OK
21:36:37.880 [main] DEBUG org.apache.hc.client5.http.headers - http-outgoing-8 << Connection: keep-alive
21:36:37.880 [main] DEBUG org.apache.hc.client5.http.headers - http-outgoing-8 << Content-Length: 650
21:36:37.880 [main] DEBUG org.apache.hc.client5.http.headers - http-outgoing-8 << Server: GitHub.com
21:36:37.880 [main] DEBUG org.apache.hc.client5.http.headers - http-outgoing-8 << Content-Type: application/json; charset=utf-8
21:36:37.880 [main] DEBUG org.apache.hc.client5.http.headers - http-outgoing-8 << permissions-policy: interest-cohort=()
21:36:37.880 [main] DEBUG org.apache.hc.client5.http.headers - http-outgoing-8 << x-origin-cache: HIT
21:36:37.880 [main] DEBUG org.apache.hc.client5.http.headers - http-outgoing-8 << Last-Modified: Wed, 18 Dec 2024 20:10:24 GMT
21:36:37.880 [main] DEBUG org.apache.hc.client5.http.headers - http-outgoing-8 << Access-Control-Allow-Origin: *
21:36:37.880 [main] DEBUG org.apache.hc.client5.http.headers - http-outgoing-8 << Strict-Transport-Security: max-age=31556952
21:36:37.880 [main] DEBUG org.apache.hc.client5.http.headers - http-outgoing-8 << ETag: W/"67632c30-21f8"
21:36:37.880 [main] DEBUG org.apache.hc.client5.http.headers - http-outgoing-8 << expires: Wed, 18 Dec 2024 20:22:58 GMT
21:36:37.880 [main] DEBUG org.apache.hc.client5.http.headers - http-outgoing-8 << Cache-Control: max-age=600
21:36:37.880 [main] DEBUG org.apache.hc.client5.http.headers - http-outgoing-8 << Content-Encoding: gzip
21:36:37.880 [main] DEBUG org.apache.hc.client5.http.headers - http-outgoing-8 << x-proxy-cache: HIT
21:36:37.880 [main] DEBUG org.apache.hc.client5.http.headers - http-outgoing-8 << X-GitHub-Request-Id: 5783:7E9D1:F42EB:F6CEE:67632CFD
21:36:37.880 [main] DEBUG org.apache.hc.client5.http.headers - http-outgoing-8 << Accept-Ranges: bytes
21:36:37.880 [main] DEBUG org.apache.hc.client5.http.headers - http-outgoing-8 << Date: Wed, 18 Dec 2024 20:36:39 GMT
21:36:37.880 [main] DEBUG org.apache.hc.client5.http.headers - http-outgoing-8 << Via: 1.1 varnish
21:36:37.880 [main] DEBUG org.apache.hc.client5.http.headers - http-outgoing-8 << Age: 469
21:36:37.880 [main] DEBUG org.apache.hc.client5.http.headers - http-outgoing-8 << X-Served-By: cache-mad22054-MAD
21:36:37.880 [main] DEBUG org.apache.hc.client5.http.headers - http-outgoing-8 << X-Cache: HIT
21:36:37.880 [main] DEBUG org.apache.hc.client5.http.headers - http-outgoing-8 << X-Cache-Hits: 1
21:36:37.880 [main] DEBUG org.apache.hc.client5.http.headers - http-outgoing-8 << X-Timer: S1734554199.047234,VS0,VE2
21:36:37.880 [main] DEBUG org.apache.hc.client5.http.headers - http-outgoing-8 << Vary: Accept-Encoding
21:36:37.880 [main] DEBUG org.apache.hc.client5.http.headers - http-outgoing-8 << X-Fastly-Request-ID: 0e3af4eec3e87f05fe317f44b97ac8748a15f0a4
21:36:37.880 [main] DEBUG org.apache.hc.client5.http.impl.classic.MainClientExec - ex-0000000010 connection can be kept alive for 3 MINUTES
21:36:37.880 [main] DEBUG org.apache.hc.client5.http.wire - http-outgoing-8 << "[0x1f][0xffffff8b][0x8][0x0][0x0][0x0][0x0][0x0][0x0][0x3][0xffffffcd][0xffffff96][0xffffffcf][0xffffff8e][0xffffff9b]0[0x10][0xffffff87][0xffffffef]}[0xc][0xffffff9f][0xfffffff9][0xf][0x1][0xffffffc2][0xffffffb1][0xffffffdd]7[0xffffffd8][0xffffff9e]Z[0xfffffff5][0xffffffe0]M[0xffffffdc][0xffffffc4][0xffffff92][0xffffffc1][0x8][0xffffff93]l[0xffffffdb][0xffffff88]w[0xffffffaf][0x3][0xffffff84][0x0][0xffffffb1][0xffffffd9][0xffffffcb][0xffffffc6][0xffffffc3])a[0xffffffc0]3?[0xffffffd0][0xffffffa7][0xffffffd1]wA5[0xffffffcd][0xffffff89][0xffffffa8]q^[0xffffffa2][0xc][0x5]^[0x10][0xffffffd9]~`[0xfffffffb][0xffffffe9]w[0xffffffdf][0xffffffcb][0xffffffbc]m[0x16]%N[0x18][0xfffffff8]?[0xffffff90][0xffffff85]vG\[0x14][0xffffff84][0x9][0xffffff94]][0xffffffd0]k[0xffffff8d][0xffffffdf][0x18][0xffffffb9][0xfffffffe][0xffffffeb][0xffffffab][0xfffffff2]h_[0xffffffb3][0xffffffd0][0xffffff99]T[0xffffff82][0xfffffff2]B[0xffffff96][0xfffffffc][0xffffffd0]w<'N[0xffffff92][0xffffffd4][0xfffffff1][0xffffffbd]T[0xffffffde][0xffffffaa][0xffffffc8][0xffffff99][0xe][0xfffffff7][0xffffffe2]t[0x13]leq[0xffffffcf][0xffffffdf][0xb][0xffffffc6][0xfffffff1]^t[0xfffffffd]*[0xffffff9e][0xffffffcb][0xffffffce]?/[0xffffffa8]d[0xffffffb8][0xfffffffe][0xffffffcd][0xffffffab]\>[0xffffffcc]hq[0xfffffffa][0x13]G[0xfffffff2][0xffffffe1]Su[0xffffff9d]u[0xffffffac][0xffffffeb]Rd[0xffffffae]+j^[0xffffffe1][0x3]q[0xe][0xffffff9c][0x1f][0x18][0xffffffc1]%[0x15][0xffffffce][0xffffff8e][0xffffffe7]n[0xffffffd7][0xffffffc4][0xffffff96][0xffffff87][0xffffffed]Z[0xffffffbe][0x1a]-[0xe]vyzct[0xffffffe7]N[0x13][0xffffffb9]}[0xffffffdf][0xffffffdb][0xffffff81][0xfffffffe][0xffffffd2][0xfffffff9]GK[0xffffffd4]X[0xffffff93][0x4]9[0xffffffde][0xffffffd9][0xffffffb8][0xffffffca][0xffffff9f][0xffffff90]a[0xffffffe8]|;2[0x14]t9[0xffffff9e][0xfffffff1]%[0xfffffffa][0xffffffbe][0xffffffe3][0xc][0xffffff9a]/[0xfffffff1]N[0xffffff8b]0[0xfffffff8][0xfffffff4][0xfffffff9]m[0xffffffd7][0xffffffdb][0xffffffe3][0xffffffed][0xffffff85]f[0xfffffff6][0x13][0xffffffde][0xffffffbd][0xffffffed]:[0xffffff9a]}{[0xffffffef]_V[0xffffff8f][0xffffffe3][0xffffffbe][0xffffffa2][0x12]j[0x18]([0xffffffbb][0xffffffd9][0xffffffeb]@[0xffffffb3][0xffffffcf][0xffffffb2][0x2]@GI[0xffffffc0]0[0xffffffed]3[0x0][0xffffffc2]zO[0xfffffff0][0xffffff80][0xffffffac]}$x[0xffffffcf][0xffffff88][0x10][0xffffffb6]8[0x12][0xffffffc6]`[0xffffffd8][0xffffff9d][0xffffff85]X[0x7][0xffffffc4][0xfffffff3]P+[0xffffffa0]Y[0x15][0x9][0xc][0xffffffeb]y[0x18]@[0xffffffbe][0x15]Q[0x6][0xffffffd0][0xffffff9b][0xffffffc6]B_I[0xffffff8d][0xffffffa7][0x12][0xffffffd2]V[0xffffffa6][\n]"
21:36:37.880 [main] DEBUG org.apache.hc.client5.http.wire - http-outgoing-8 << "[0x12]\[0xffffffbb][0xffffffa7]a[0xffffffe4]D[0xfffffff1][0xffffffdc]@R[0x7f][0x13][0xfffffffb][0xffffffc6][\r]d[0x14][0x8]J@[0xffffffc6][0x11][0xffffffc0][0xfffffffc]c[0x1e][0xffffffc2][0xffffffb0]~[0xffffff8c][0xffffffc7][0x1b][0xffffffb6][0xffffff8f][0xffffffd9]h`[0xfffffff9][0xffffffd0][0xfffffff3]h[0xffffffd8]=[0xffffff96][0xffffffa8]4[0xffffffac][0x1e]z6[\r][0xffffff9a][0xffffff87][0xffffff8e]Pc[0xffffffe2][0xffffffa1][0xffffffe3]t[0x15][0xffffffde][0xffffffb1][0xffffffb0]F[0xffffff81][0xffffffb4]cq[0xffffffab][0x2]Y[0xffffffc7][0xffffffc2][0xffffff92][0x5][0xffffff90][0xe][0xffffffed][0xffffffce]5[0xffffffee][0x1c][0xffffffda][0x15][0xfffffffc][0xffffff81]r[0xffffffbc][0xffffff90][0xfffffff3][0xffffffd4]8[0xffffffae][0xffffff85][0xffffffa9]p[0xffffff84]m[0xffffffeb]4u[0xffffff82][0xffffffb9]ol[0xffffffa3]M[0xffffff98][0x18][0xfffffff7][0xffffff8d]{[0x1e]([0xffffffdd][0x18]%[0x0][0xffffffb3][0xffffff8d]Y[0x6][0xffffffc3][0xffffffb2]1[0xffffff9a]n[0xffffffd8]5[0xffffffa6][0xffffff93][0xffffff81]UC[0xffffff8b][0xffffffa2]a[0xffffffd3]X[0x0][0xffffffd2][0xffffffb0]hh[0xffffffb1]4[0xffffffe8][0x19][0x1a]8[0xffffff8d]i[0xffffff86][0x6][0xffffffd1]UX[0xffffff86]~y[0x2]I[0xffffffc6][0xffffffd2].[0x5]r[0xc][0xfffffffd]j[0x5]P[0xc][0xffffffdd][0xffffffa6]5n[0x18][0xffffffba][0xffffffc5][0xfffffffb][0xffffff81]`|[0xffffffc3][0x5][0xffffffae][0xfffffffe]N[0x1d][0xffffffa3][0xffffffaf])4c[0xffffffeb][0xffffffc9][0xffffff9f][0x7][0xffffffcd]H[0xffffffc2]M[\n]"
21:36:37.880 [main] DEBUG org.apache.hc.client5.http.wire - http-outgoing-8 << "[0xffffffa3][0x19]m[0x1e]P[0xffffffcd][0xffffffe8][0x12][0xffffffc0]j[0xffffffc6]=[0x3][0xffffff84]ft[0xffffffd3]!4c[0xffffff98][0xffffffbc][0x6][0xffffffcd]P[0xffffffa1][0x8][0xffffffa1][0x19]j !4C[0xffffff85][0xffffffa5]i[0xffffffcd]x[0xffffff84][0xffffffd3][0xffffffac]f<"[0xffffffba][0x1e][0xffffffcd]P.OH[0xffffffcd][0xffffffd0][0xffffffec]RH[0xffffffcd]P[0xffffffae]V([0xffffffcd]PlZ[0x18][0xffffffcd]P,[0xffffffde]E[0xffffffcd]h[0xffffff9a]/[0xffffffff][0x1][0xffffffc5]A.V[0xfffffff8]![0x0][0x0]"
21:36:37.880 [main] DEBUG org.apache.hc.client5.http.impl.classic.InternalHttpClient - ep-0000000010 releasing valid endpoint
21:36:37.880 [main] DEBUG org.apache.hc.client5.http.impl.io.PoolingHttpClientConnectionManager - ep-0000000010 releasing endpoint
21:36:37.881 [main] DEBUG org.apache.hc.client5.http.impl.io.PoolingHttpClientConnectionManager - ep-0000000010 connection http-outgoing-8 can be kept alive for 3 MINUTES
21:36:37.881 [main] DEBUG org.apache.hc.client5.http.impl.io.PoolingHttpClientConnectionManager - ep-0000000010 connection released [route: {s}->https://googlechromelabs.github.io:443][total available: 2; route allocated: 1 of 5; total allocated: 2 of 25]
21:36:37.884 [main] DEBUG io.github.bonigarcia.wdm.WebDriverManager - Driver chromedriver 131.0.6778.108 found in cache
21:36:37.884 [main] INFO io.github.bonigarcia.wdm.WebDriverManager - Exporting webdriver.chrome.driver as C:\Users\MisterSurface\.cache\selenium\chromedriver\win64\131.0.6778.108\chromedriver.exe
]]></system-out>
    <system-err><![CDATA[Starting ChromeDriver 131.0.6778.108 (3b014839fbc4fb688b2f5af512d6ce312ad208b1-refs/branch-heads/6778@{#2393}) on port 11769
Only local connections are allowed.
Please see https://chromedriver.chromium.org/security-considerations for suggestions on keeping ChromeDriver safe.
ChromeDriver was started successfully on port 11769.
]]></system-err>
  </testcase>
  <testcase name="testTitles" classname="com.lauracercas.moviecards.endtoendtest.IndexE2ETest" time="0.025">
    <error message="session not created&#10;from unknown error: cannot find Chrome binary&#10;Build info: version: &apos;3.141.59&apos;, revision: &apos;e82be7d358&apos;, time: &apos;2018-11-14T08:17:03&apos;&#10;System info: host: &apos;DESKTOP-JI5NALH&apos;, ip: &apos;192.168.108.115&apos;, os.name: &apos;Windows 10&apos;, os.arch: &apos;amd64&apos;, os.version: &apos;10.0&apos;, java.version: &apos;23&apos;&#10;Driver info: driver.version: ChromeDriver&#10;remote stacktrace: 	GetHandleVerifier [0x00007FF701B26CC5+28821]&#10;	(No symbol) [0x00007FF701A93850]&#10;	(No symbol) [0x00007FF70193578A]&#10;	(No symbol) [0x00007FF70196DA38]&#10;	(No symbol) [0x00007FF70196BAC9]&#10;	(No symbol) [0x00007FF7019BA4FA]&#10;	(No symbol) [0x00007FF7019B9B30]&#10;	(No symbol) [0x00007FF7019AF0A3]&#10;	(No symbol) [0x00007FF70197A778]&#10;	(No symbol) [0x00007FF70197B8E1]&#10;	GetHandleVerifier [0x00007FF701E5FCCD+3408029]&#10;	GetHandleVerifier [0x00007FF701E7743F+3504143]&#10;	GetHandleVerifier [0x00007FF701E6B61D+3455469]&#10;	GetHandleVerifier [0x00007FF701BEBDCB+835995]&#10;	(No symbol) [0x00007FF701A9EB6F]&#10;	(No symbol) [0x00007FF701A9A824]&#10;	(No symbol) [0x00007FF701A9A9BD]&#10;	(No symbol) [0x00007FF701A8A1A9]&#10;	BaseThreadInitThunk [0x00007FFDA5337374+20]&#10;	RtlUserThreadStart [0x00007FFDA663CC91+33]&#10;" type="org.openqa.selenium.SessionNotCreatedException">org.openqa.selenium.SessionNotCreatedException: 
session not created
from unknown error: cannot find Chrome binary
Build info: version: '3.141.59', revision: 'e82be7d358', time: '2018-11-14T08:17:03'
System info: host: 'DESKTOP-JI5NALH', ip: '192.168.108.115', os.name: 'Windows 10', os.arch: 'amd64', os.version: '10.0', java.version: '23'
Driver info: driver.version: ChromeDriver
remote stacktrace: 	GetHandleVerifier [0x00007FF701B26CC5+28821]
	(No symbol) [0x00007FF701A93850]
	(No symbol) [0x00007FF70193578A]
	(No symbol) [0x00007FF70196DA38]
	(No symbol) [0x00007FF70196BAC9]
	(No symbol) [0x00007FF7019BA4FA]
	(No symbol) [0x00007FF7019B9B30]
	(No symbol) [0x00007FF7019AF0A3]
	(No symbol) [0x00007FF70197A778]
	(No symbol) [0x00007FF70197B8E1]
	GetHandleVerifier [0x00007FF701E5FCCD+3408029]
	GetHandleVerifier [0x00007FF701E7743F+3504143]
	GetHandleVerifier [0x00007FF701E6B61D+3455469]
	GetHandleVerifier [0x00007FF701BEBDCB+835995]
	(No symbol) [0x00007FF701A9EB6F]
	(No symbol) [0x00007FF701A9A824]
	(No symbol) [0x00007FF701A9A9BD]
	(No symbol) [0x00007FF701A8A1A9]
	BaseThreadInitThunk [0x00007FFDA5337374+20]
	RtlUserThreadStart [0x00007FFDA663CC91+33]

	at com.lauracercas.moviecards.endtoendtest.IndexE2ETest.setUp(IndexE2ETest.java:33)
</error>
    <system-out><![CDATA[21:36:38.073 [main] DEBUG io.github.bonigarcia.wdm.WebDriverManager - Using WebDriverManager 5.7.0
21:36:38.084 [main] DEBUG org.apache.hc.client5.http.impl.classic.InternalHttpClient - ex-0000000011 preparing request execution
21:36:38.084 [main] DEBUG org.apache.hc.client5.http.impl.classic.ProtocolExec - ex-0000000011 target auth state: UNCHALLENGED
21:36:38.084 [main] DEBUG org.apache.hc.client5.http.impl.classic.ProtocolExec - ex-0000000011 proxy auth state: UNCHALLENGED
21:36:38.084 [main] DEBUG org.apache.hc.client5.http.impl.classic.ConnectExec - ex-0000000011 acquiring connection with route {s}->https://raw.githubusercontent.com:443
21:36:38.084 [main] DEBUG org.apache.hc.client5.http.impl.classic.InternalHttpClient - ex-0000000011 acquiring endpoint (3 MINUTES)
21:36:38.084 [main] DEBUG org.apache.hc.client5.http.impl.io.PoolingHttpClientConnectionManager - ex-0000000011 endpoint lease request (3 MINUTES) [route: {s}->https://raw.githubusercontent.com:443][total available: 0; route allocated: 0 of 5; total allocated: 0 of 25]
21:36:38.084 [main] DEBUG org.apache.hc.client5.http.impl.io.PoolingHttpClientConnectionManager - ex-0000000011 endpoint leased [route: {s}->https://raw.githubusercontent.com:443][total available: 0; route allocated: 1 of 5; total allocated: 1 of 25]
21:36:38.084 [main] DEBUG org.apache.hc.client5.http.impl.io.PoolingHttpClientConnectionManager - ex-0000000011 acquired ep-0000000011
21:36:38.084 [main] DEBUG org.apache.hc.client5.http.impl.classic.InternalHttpClient - ex-0000000011 acquired endpoint ep-0000000011
21:36:38.084 [main] DEBUG org.apache.hc.client5.http.impl.classic.ConnectExec - ex-0000000011 opening connection {s}->https://raw.githubusercontent.com:443
21:36:38.084 [main] DEBUG org.apache.hc.client5.http.impl.classic.InternalHttpClient - ep-0000000011 connecting endpoint (null)
21:36:38.084 [main] DEBUG org.apache.hc.client5.http.impl.io.PoolingHttpClientConnectionManager - ep-0000000011 connecting endpoint to https://raw.githubusercontent.com:443 (30 SECONDS)
21:36:38.084 [main] DEBUG org.apache.hc.client5.http.impl.io.DefaultHttpClientConnectionOperator - raw.githubusercontent.com resolving remote address
21:36:38.084 [main] DEBUG org.apache.hc.client5.http.impl.io.DefaultHttpClientConnectionOperator - raw.githubusercontent.com resolved to [raw.githubusercontent.com/185.199.111.133, raw.githubusercontent.com/185.199.110.133, raw.githubusercontent.com/185.199.109.133, raw.githubusercontent.com/185.199.108.133]
21:36:38.085 [main] DEBUG org.apache.hc.client5.http.impl.io.DefaultHttpClientConnectionOperator - raw.githubusercontent.com:443 connecting null->raw.githubusercontent.com/185.199.111.133:443 (30 SECONDS)
21:36:38.085 [main] DEBUG org.apache.hc.client5.http.ssl.SSLConnectionSocketFactory - Connecting socket to raw.githubusercontent.com/185.199.111.133:443 with timeout 30 SECONDS
21:36:38.098 [main] DEBUG org.apache.hc.client5.http.ssl.SSLConnectionSocketFactory - Enabled protocols: [TLSv1.3, TLSv1.2]
21:36:38.098 [main] DEBUG org.apache.hc.client5.http.ssl.SSLConnectionSocketFactory - Enabled cipher suites: [TLS_AES_256_GCM_SHA384, TLS_AES_128_GCM_SHA256, TLS_CHACHA20_POLY1305_SHA256, TLS_ECDHE_ECDSA_WITH_AES_256_GCM_SHA384, TLS_ECDHE_ECDSA_WITH_AES_128_GCM_SHA256, TLS_ECDHE_ECDSA_WITH_CHACHA20_POLY1305_SHA256, TLS_ECDHE_RSA_WITH_AES_256_GCM_SHA384, TLS_ECDHE_RSA_WITH_CHACHA20_POLY1305_SHA256, TLS_ECDHE_RSA_WITH_AES_128_GCM_SHA256, TLS_DHE_RSA_WITH_AES_256_GCM_SHA384, TLS_DHE_RSA_WITH_CHACHA20_POLY1305_SHA256, TLS_DHE_DSS_WITH_AES_256_GCM_SHA384, TLS_DHE_RSA_WITH_AES_128_GCM_SHA256, TLS_DHE_DSS_WITH_AES_128_GCM_SHA256, TLS_ECDHE_ECDSA_WITH_AES_256_CBC_SHA384, TLS_ECDHE_RSA_WITH_AES_256_CBC_SHA384, TLS_ECDHE_ECDSA_WITH_AES_128_CBC_SHA256, TLS_ECDHE_RSA_WITH_AES_128_CBC_SHA256, TLS_DHE_RSA_WITH_AES_256_CBC_SHA256, TLS_DHE_DSS_WITH_AES_256_CBC_SHA256, TLS_DHE_RSA_WITH_AES_128_CBC_SHA256, TLS_DHE_DSS_WITH_AES_128_CBC_SHA256, TLS_ECDHE_ECDSA_WITH_AES_256_CBC_SHA, TLS_ECDHE_RSA_WITH_AES_256_CBC_SHA, TLS_ECDHE_ECDSA_WITH_AES_128_CBC_SHA, TLS_ECDHE_RSA_WITH_AES_128_CBC_SHA, TLS_DHE_RSA_WITH_AES_256_CBC_SHA, TLS_DHE_DSS_WITH_AES_256_CBC_SHA, TLS_DHE_RSA_WITH_AES_128_CBC_SHA, TLS_DHE_DSS_WITH_AES_128_CBC_SHA, TLS_RSA_WITH_AES_256_GCM_SHA384, TLS_RSA_WITH_AES_128_GCM_SHA256, TLS_RSA_WITH_AES_256_CBC_SHA256, TLS_RSA_WITH_AES_128_CBC_SHA256, TLS_RSA_WITH_AES_256_CBC_SHA, TLS_RSA_WITH_AES_128_CBC_SHA, TLS_EMPTY_RENEGOTIATION_INFO_SCSV]
21:36:38.098 [main] DEBUG org.apache.hc.client5.http.ssl.SSLConnectionSocketFactory - Starting handshake (null)
21:36:38.120 [main] DEBUG org.apache.hc.client5.http.ssl.SSLConnectionSocketFactory - Secure session established
21:36:38.120 [main] DEBUG org.apache.hc.client5.http.ssl.SSLConnectionSocketFactory -  negotiated protocol: TLSv1.3
21:36:38.120 [main] DEBUG org.apache.hc.client5.http.ssl.SSLConnectionSocketFactory -  negotiated cipher suite: TLS_AES_128_GCM_SHA256
21:36:38.120 [main] DEBUG org.apache.hc.client5.http.ssl.SSLConnectionSocketFactory -  peer principal: CN=*.github.io, O="GitHub, Inc.", L=San Francisco, ST=California, C=US
21:36:38.120 [main] DEBUG org.apache.hc.client5.http.ssl.SSLConnectionSocketFactory -  peer alternative names: [*.github.io, github.io, githubusercontent.com, www.github.com, *.github.com, *.githubusercontent.com, github.com]
21:36:38.120 [main] DEBUG org.apache.hc.client5.http.ssl.SSLConnectionSocketFactory -  issuer principal: CN=DigiCert Global G2 TLS RSA SHA256 2020 CA1, O=DigiCert Inc, C=US
21:36:38.120 [main] DEBUG org.apache.hc.client5.http.impl.io.DefaultManagedHttpClientConnection - http-outgoing-9 set socket timeout to 3 MINUTES
21:36:38.120 [main] DEBUG org.apache.hc.client5.http.impl.io.DefaultHttpClientConnectionOperator - raw.githubusercontent.com:443 connected null->raw.githubusercontent.com/185.199.111.133:443 as http-outgoing-9
21:36:38.120 [main] DEBUG org.apache.hc.client5.http.impl.io.PoolingHttpClientConnectionManager - ep-0000000011 connected http-outgoing-9
21:36:38.120 [main] DEBUG org.apache.hc.client5.http.impl.classic.InternalHttpClient - ep-0000000011 endpoint connected
21:36:38.120 [main] DEBUG org.apache.hc.client5.http.impl.classic.MainClientExec - ex-0000000011 executing GET /bonigarcia/webdrivermanager/master/src/main/resources/commands.properties HTTP/1.1
21:36:38.120 [main] DEBUG org.apache.hc.client5.http.protocol.RequestAddCookies - ex-0000000011 Cookie spec selected: strict
21:36:38.121 [main] DEBUG org.apache.hc.client5.http.impl.classic.InternalHttpClient - ep-0000000011 start execution ex-0000000011
21:36:38.121 [main] DEBUG org.apache.hc.client5.http.impl.io.PoolingHttpClientConnectionManager - ep-0000000011 executing exchange ex-0000000011 over http-outgoing-9
21:36:38.121 [main] DEBUG org.apache.hc.client5.http.headers - http-outgoing-9 >> GET /bonigarcia/webdrivermanager/master/src/main/resources/commands.properties HTTP/1.1
21:36:38.121 [main] DEBUG org.apache.hc.client5.http.headers - http-outgoing-9 >> user-agent: Apache-HttpClient/5.0
21:36:38.121 [main] DEBUG org.apache.hc.client5.http.headers - http-outgoing-9 >> accept-encoding: gzip, deflate, br
21:36:38.121 [main] DEBUG org.apache.hc.client5.http.headers - http-outgoing-9 >> cache-control: max-age=0
21:36:38.121 [main] DEBUG org.apache.hc.client5.http.headers - http-outgoing-9 >> connection: keep-alive
21:36:38.121 [main] DEBUG org.apache.hc.client5.http.headers - http-outgoing-9 >> Host: raw.githubusercontent.com
21:36:38.121 [main] DEBUG org.apache.hc.client5.http.wire - http-outgoing-9 >> "GET /bonigarcia/webdrivermanager/master/src/main/resources/commands.properties HTTP/1.1[\r][\n]"
21:36:38.121 [main] DEBUG org.apache.hc.client5.http.wire - http-outgoing-9 >> "user-agent: Apache-HttpClient/5.0[\r][\n]"
21:36:38.121 [main] DEBUG org.apache.hc.client5.http.wire - http-outgoing-9 >> "accept-encoding: gzip, deflate, br[\r][\n]"
21:36:38.121 [main] DEBUG org.apache.hc.client5.http.wire - http-outgoing-9 >> "cache-control: max-age=0[\r][\n]"
21:36:38.121 [main] DEBUG org.apache.hc.client5.http.wire - http-outgoing-9 >> "connection: keep-alive[\r][\n]"
21:36:38.121 [main] DEBUG org.apache.hc.client5.http.wire - http-outgoing-9 >> "Host: raw.githubusercontent.com[\r][\n]"
21:36:38.121 [main] DEBUG org.apache.hc.client5.http.wire - http-outgoing-9 >> "[\r][\n]"
21:36:38.127 [main] DEBUG org.apache.hc.client5.http.wire - http-outgoing-9 << "HTTP/1.1 200 OK[\r][\n]"
21:36:38.128 [main] DEBUG org.apache.hc.client5.http.wire - http-outgoing-9 << "Connection: keep-alive[\r][\n]"
21:36:38.128 [main] DEBUG org.apache.hc.client5.http.wire - http-outgoing-9 << "Content-Length: 745[\r][\n]"
21:36:38.128 [main] DEBUG org.apache.hc.client5.http.wire - http-outgoing-9 << "Cache-Control: max-age=300[\r][\n]"
21:36:38.128 [main] DEBUG org.apache.hc.client5.http.wire - http-outgoing-9 << "Content-Security-Policy: default-src 'none'; style-src 'unsafe-inline'; sandbox[\r][\n]"
21:36:38.128 [main] DEBUG org.apache.hc.client5.http.wire - http-outgoing-9 << "Content-Type: text/plain; charset=utf-8[\r][\n]"
21:36:38.128 [main] DEBUG org.apache.hc.client5.http.wire - http-outgoing-9 << "ETag: W/"dd41edff335272162022217759820159dac501cff56850e2510f504462cd9b5f"[\r][\n]"
21:36:38.128 [main] DEBUG org.apache.hc.client5.http.wire - http-outgoing-9 << "Strict-Transport-Security: max-age=31536000[\r][\n]"
21:36:38.128 [main] DEBUG org.apache.hc.client5.http.wire - http-outgoing-9 << "X-Content-Type-Options: nosniff[\r][\n]"
21:36:38.128 [main] DEBUG org.apache.hc.client5.http.wire - http-outgoing-9 << "X-Frame-Options: deny[\r][\n]"
21:36:38.128 [main] DEBUG org.apache.hc.client5.http.wire - http-outgoing-9 << "X-XSS-Protection: 1; mode=block[\r][\n]"
21:36:38.128 [main] DEBUG org.apache.hc.client5.http.wire - http-outgoing-9 << "X-GitHub-Request-Id: 11E0:2FCCA8:200498:2217C9:6757BE85[\r][\n]"
21:36:38.128 [main] DEBUG org.apache.hc.client5.http.wire - http-outgoing-9 << "Content-Encoding: gzip[\r][\n]"
21:36:38.128 [main] DEBUG org.apache.hc.client5.http.wire - http-outgoing-9 << "Accept-Ranges: bytes[\r][\n]"
21:36:38.128 [main] DEBUG org.apache.hc.client5.http.wire - http-outgoing-9 << "Date: Wed, 18 Dec 2024 20:36:39 GMT[\r][\n]"
21:36:38.128 [main] DEBUG org.apache.hc.client5.http.wire - http-outgoing-9 << "Via: 1.1 varnish[\r][\n]"
21:36:38.128 [main] DEBUG org.apache.hc.client5.http.wire - http-outgoing-9 << "X-Served-By: cache-mad22079-MAD[\r][\n]"
21:36:38.128 [main] DEBUG org.apache.hc.client5.http.wire - http-outgoing-9 << "X-Cache: HIT[\r][\n]"
21:36:38.128 [main] DEBUG org.apache.hc.client5.http.wire - http-outgoing-9 << "X-Cache-Hits: 1[\r][\n]"
21:36:38.128 [main] DEBUG org.apache.hc.client5.http.wire - http-outgoing-9 << "X-Timer: S1734554199.295298,VS0,VE1[\r][\n]"
21:36:38.128 [main] DEBUG org.apache.hc.client5.http.wire - http-outgoing-9 << "Vary: Authorization,Accept-Encoding,Origin[\r][\n]"
21:36:38.128 [main] DEBUG org.apache.hc.client5.http.wire - http-outgoing-9 << "Access-Control-Allow-Origin: *[\r][\n]"
21:36:38.128 [main] DEBUG org.apache.hc.client5.http.wire - http-outgoing-9 << "Cross-Origin-Resource-Policy: cross-origin[\r][\n]"
21:36:38.128 [main] DEBUG org.apache.hc.client5.http.wire - http-outgoing-9 << "X-Fastly-Request-ID: 8326382081b51b6929f73b2c7cff2a33c2f580f7[\r][\n]"
21:36:38.128 [main] DEBUG org.apache.hc.client5.http.wire - http-outgoing-9 << "Expires: Wed, 18 Dec 2024 20:41:39 GMT[\r][\n]"
21:36:38.128 [main] DEBUG org.apache.hc.client5.http.wire - http-outgoing-9 << "Source-Age: 86[\r][\n]"
21:36:38.128 [main] DEBUG org.apache.hc.client5.http.wire - http-outgoing-9 << "[\r][\n]"
21:36:38.128 [main] DEBUG org.apache.hc.client5.http.headers - http-outgoing-9 << HTTP/1.1 200 OK
21:36:38.128 [main] DEBUG org.apache.hc.client5.http.headers - http-outgoing-9 << Connection: keep-alive
21:36:38.128 [main] DEBUG org.apache.hc.client5.http.headers - http-outgoing-9 << Content-Length: 745
21:36:38.128 [main] DEBUG org.apache.hc.client5.http.headers - http-outgoing-9 << Cache-Control: max-age=300
21:36:38.128 [main] DEBUG org.apache.hc.client5.http.headers - http-outgoing-9 << Content-Security-Policy: default-src 'none'; style-src 'unsafe-inline'; sandbox
21:36:38.128 [main] DEBUG org.apache.hc.client5.http.headers - http-outgoing-9 << Content-Type: text/plain; charset=utf-8
21:36:38.128 [main] DEBUG org.apache.hc.client5.http.headers - http-outgoing-9 << ETag: W/"dd41edff335272162022217759820159dac501cff56850e2510f504462cd9b5f"
21:36:38.128 [main] DEBUG org.apache.hc.client5.http.headers - http-outgoing-9 << Strict-Transport-Security: max-age=31536000
21:36:38.128 [main] DEBUG org.apache.hc.client5.http.headers - http-outgoing-9 << X-Content-Type-Options: nosniff
21:36:38.128 [main] DEBUG org.apache.hc.client5.http.headers - http-outgoing-9 << X-Frame-Options: deny
21:36:38.128 [main] DEBUG org.apache.hc.client5.http.headers - http-outgoing-9 << X-XSS-Protection: 1; mode=block
21:36:38.128 [main] DEBUG org.apache.hc.client5.http.headers - http-outgoing-9 << X-GitHub-Request-Id: 11E0:2FCCA8:200498:2217C9:6757BE85
21:36:38.128 [main] DEBUG org.apache.hc.client5.http.headers - http-outgoing-9 << Content-Encoding: gzip
21:36:38.128 [main] DEBUG org.apache.hc.client5.http.headers - http-outgoing-9 << Accept-Ranges: bytes
21:36:38.128 [main] DEBUG org.apache.hc.client5.http.headers - http-outgoing-9 << Date: Wed, 18 Dec 2024 20:36:39 GMT
21:36:38.128 [main] DEBUG org.apache.hc.client5.http.headers - http-outgoing-9 << Via: 1.1 varnish
21:36:38.128 [main] DEBUG org.apache.hc.client5.http.headers - http-outgoing-9 << X-Served-By: cache-mad22079-MAD
21:36:38.128 [main] DEBUG org.apache.hc.client5.http.headers - http-outgoing-9 << X-Cache: HIT
21:36:38.128 [main] DEBUG org.apache.hc.client5.http.headers - http-outgoing-9 << X-Cache-Hits: 1
21:36:38.128 [main] DEBUG org.apache.hc.client5.http.headers - http-outgoing-9 << X-Timer: S1734554199.295298,VS0,VE1
21:36:38.128 [main] DEBUG org.apache.hc.client5.http.headers - http-outgoing-9 << Vary: Authorization,Accept-Encoding,Origin
21:36:38.128 [main] DEBUG org.apache.hc.client5.http.headers - http-outgoing-9 << Access-Control-Allow-Origin: *
21:36:38.128 [main] DEBUG org.apache.hc.client5.http.headers - http-outgoing-9 << Cross-Origin-Resource-Policy: cross-origin
21:36:38.128 [main] DEBUG org.apache.hc.client5.http.headers - http-outgoing-9 << X-Fastly-Request-ID: 8326382081b51b6929f73b2c7cff2a33c2f580f7
21:36:38.128 [main] DEBUG org.apache.hc.client5.http.headers - http-outgoing-9 << Expires: Wed, 18 Dec 2024 20:41:39 GMT
21:36:38.128 [main] DEBUG org.apache.hc.client5.http.headers - http-outgoing-9 << Source-Age: 86
21:36:38.128 [main] DEBUG org.apache.hc.client5.http.impl.classic.MainClientExec - ex-0000000011 connection can be kept alive for 3 MINUTES
21:36:38.128 [main] DEBUG org.apache.hc.client5.http.wire - http-outgoing-9 << "[0x1f][0xffffff8b][0x8][0x0][0x0][0x0][0x0][0x0][0x0][0x3][0xffffffb5]W]o[0xffffffda]0[0x14]}[0xffffffe7]W\QUj% [0x1b][0xffffffad][0xffffffa6]i[0x12][0xf]4c[0xffffffdd]4*[0x18][0xffffffb4][0xffffffdd]&[0xfffffff9][0xffffffc5]$N[0xffffffb0][0xffffff94][0xffffffd8][0xffffffc8]NJ[0xffffffb7]_?[0xffffffdb][0xfffffff9]X[0xffffff92]:[0xffffffa3]k[0xffffffe8][0x1b][0xffffffb6][0xffffffef]=[0xffffffe7][0xffffffd8][0xfffffff7][0xffffffe4][0xffffffda][0xffffff9c][0xffffff80][0xffffffcb][0xffffffe3][0x18]3_[0xffffff82][0xffffff8f][0x13][0xffffffbc][0xffffffc1][0xffffff92][0xfffffff4]N[0xffffffe0]vK%[0x4]4"[0xffffffe0]q[0xffffff96]`[0xffffffca]$$[=[0xffffffc8]C[0x13][0xe][0x1b][0x2][0xffffffe4][0xffffff91]xiB|[0xffffffa0][0xffffffcc],[0xffffffcb]-[0xffffff89]"=[0xffffffe0][0xffffffc2]'B[0x7][0xfffffff9]$!^b[0x16][0x1f][0xffffff88][0xffffff90][0xffffff94][0xffffffab][0xffffffb5][0x0][0xffffff88][0xfffffffa][0x1d][\n]"
21:36:38.128 [main] DEBUG org.apache.hc.client5.http.wire - http-outgoing-9 << "B[0x18]l[0x4][0xffffffdf]K[0xffffffb5][0xffffffa0]([0xffffffcf][0xffffffdc][0xffffffad][0xffffffe0]1[0x19][0xffffffc0]'*H[0xffffffc0][0x1f][0x7][0xffffffb0][0xffffffd8][0x11][0xffffff81][0x7]0[0xfffffff3]C5kVi[0x1a][0xffffff9f]k|[0xffffff9f][0x6][0x1][0x11][0xffffff84]%[0xffffffc0]uLBY[0x8][0xfffffff2][0xffffff97]LH,[0xffffffe1][0xffffffec];e[0xffffffbe]B[0x1d][0xffffffc0][0xffffff9c][0xffffffb2]T[0xffffffc1][0xffffffdc]`[0xf][0x16][0xffffffeb][0xfffffff3][0xffffff9e][0xffffffe2][0xffffffc8](z[0xfffffff9]6F[0xffffff9e][0x19][0xffffff8e][0xfffffff6]Y[0xffffffc2][0xffffffe8][0xffffffcd][0xffffffdb][0xffffff89][0x17][0xfffffffb]#[0xffffffb5]+p\[0xffffffd8][0xffffffc7][0xffffffd4]3Gb[0xffffff8e]a[0xffffffbf]U|[0xffffffc0]pL&[0xfffffffd][0xffffffd3][0xffffffe5]jq[0xffffffbd][0xffffff9a][0xffffffde]|[0xfffffffa]2[0xffffff9f][0xffffffad]?[0xffffffa0][0x9]B[0xffffffa7][0x8]]s[0x1e]F[0x4][0xffffffa1][0xffffff8c][0x2][0xffffffa1][0xffffffe9]n[0x17]QOI[0xffffffe3][0xc][0xffffffa1][0xffffff9c]H![0xfffffff7]!$[0x9][0xffffffdc][0xffffffe7]g[0xffffffe1]<[0xffffffe0](m[0xffffffd7]3~[0xffffff81][0xffffff9e][0xffffffb3][0x1f][0xffffffef][0xffffffdf][0xffffff9d][0xffffffbf][0xffffffa6][0xffffffa8][0xffffff8b]g[0xffffff8a][0xffffff9a]/[0xffffffdc][0xffffffe9]|[0xffffffba]\~[0xffffff9c][0xffffffde]N_S[0xffffffcf][0xffffffe5]d5[0xffffffbb][0xffffff86]ow[0xffffffb3][0xffffffd5]O[0xfffffff8][0xfffffffc][0xffffffd5][0xffffffbd]Ck[0x1e]${,H[0xffffffc1][0xffffff96][0xffffff93]][0xffffffcd][0xffffffaf][0x8][0xfffffff6][0xc]^[0xffffffe1][0xffffffc5]^[0x13]4[0xffffffd2][0xffffff8e][0xffffffd1]>pR)[0xffffff9c][\r]eNh0[0xffffff86][0xffffffd9]:[0xc][0xffffff87]E[0xffffffa6]=q<i[0xffffff8b]o&[0xffffffc4][0xffffffd8]3<[0xffffff95][0x13][0xffffff90]N&8w[0xffffffe9][0x8][0xffffffef]v[0xffffff8e][0xffffffab][0xffffffbe]>es[0xffffffe9]([0x13]/[0xffffffd6][0xfffffff5][0xffffff80]*[0xffffffba][0xfffffff2]v[0xfffffffe][0xffffffd9][0xffffff94]DA6>[0xffffff8e][0xffffffbb]o[0xfffffff8]o[0x1a]E[0xffffffb8] A[0xffffffa8]@?T[0xffffffad]'*:{[0xfffffffa]xR.*[0xffffffce][0xffffffe9][0xffffffd7][0xffffffad][0xffffff93][0xffffff93]4[0xffffffc9][0xfffffffa][0xffffffda]<n*t[0xffffffeb][0xffffffb9]oV[0xffffffb6][0xffffffc0]/M[0xffffff94]O[0xffffffc0][0xfffffff0][0xffffffe1]i[0xffffff90][0xffffffb5][0xfffffffe]9[0xffffff8b][0xffffffad][0xfffffff2]U,Ul[0xffffffdd][0x13]KL[0xffffffa2][0x6][0xffffffdd][0xffffffca]\?`[0xffffffea][0x9].[0xffffffd5]I [0xffffffa4]i[0x1a]_i,[\r][0xffffffdd][0xffffffa1][0xffffffc3][0xffffffae]kzI[0xffffffd1]_Q[0xffffffce]Ek[0xffffffcb][0xfffffff8]Kf[0xffffffb8][0xfffffffe][0xffffffd9]3[0xc][0xffffffe6][0xffffffd3][0xffffff8e][0x11][0x17][0x10]C[0x1d]`i[0x19][0xffffffd5][0xffffffbc][0xfffffff1][0xffffffa4]5[0xffffffbc][0x1e]o[0xfffffff5]K[0xffffffa9][0xffffffd6][0xfffffff8][0xffffffc1]f[0xffffff9b]z[0x4][0xffffffd4][0x1a][0xffffff86][0xffffffb9]^K[0x16]s[0xffffff91][0xfffffffe][0xffffffbf][0xffffff8b]l]~)x(p,[0x11]2[0x14][0x8]E8e[0xffffff9e][0xffffffca]:X[0xffffffa6][0xffffff86][0xffffff88].[0xffffffb6]9[0xffffff9a][0xffffff88].[0xfffffff7]]G[0xffffffea][0xffffffcb][0xe][0xfffffffb][0x7f].u[0xffffff83][0xffffffbb][0xfffffff4][0xffffffb3][0x19][0xffffffda][0xffffffec][0xffffff98][0xffffffc5]Y[0xfffffffd]h8m6\4[0xffffffc1][0xffffff8a][0xffffffb7][0xffffff98]z[0xffffffd0][0xffffffd5]oF5q[0x1c][0x13][0x16][0xfffffff0][0x1d][0x1e][0x19]5-[0xffffff9d][0xffffffef][0xffffffad]c[0xb]z[0xffffffae]/m[0xffffffe6]8[0xffffffb6][0xffffff96][0xfffffff6]7X[0xffffffc9]t[0xfffffff8][0xfffffff9][0xffffffa5][0x11]K[0xfffffffb][0x15]3[0xffffffc3][0xfffffffc][0x1f]B[0xffffffdb][0xffffffd3][0xffffffab][0xffffff92]4.[0xffffff93]Z[0xffffffdf]]:[0xffffffda][0xffffffea][0xffffffdc]B[0xffffffa6][0xffffffcd][0xffffffbc][0xffffffae][0x5][0xfffffff5][0x4][0xffffffd6]8[0xffffffc0][0xffffff82][0xffffff96][0xfffffff0][0xffffffd2][0xc][0xffffffed][0xffffffe0]Y[0xffffffa8][\r]:[[0xffffffa9][0x0][0xffffffff][0x1][0xfffffff8][0x15][0xffffffb4][0xffffffee][0xffffff8e][\r][0x0][0x0]"
21:36:38.128 [main] DEBUG org.apache.hc.client5.http.impl.classic.InternalHttpClient - ep-0000000011 releasing valid endpoint
21:36:38.128 [main] DEBUG org.apache.hc.client5.http.impl.io.PoolingHttpClientConnectionManager - ep-0000000011 releasing endpoint
21:36:38.128 [main] DEBUG org.apache.hc.client5.http.impl.io.PoolingHttpClientConnectionManager - ep-0000000011 connection http-outgoing-9 can be kept alive for 3 MINUTES
21:36:38.128 [main] DEBUG org.apache.hc.client5.http.impl.io.PoolingHttpClientConnectionManager - ep-0000000011 connection released [route: {s}->https://raw.githubusercontent.com:443][total available: 1; route allocated: 1 of 5; total allocated: 1 of 25]
21:36:38.129 [main] DEBUG io.github.bonigarcia.wdm.versions.VersionDetector - Detecting chrome version using online commands.properties
21:36:38.129 [main] DEBUG io.github.bonigarcia.wdm.versions.Shell - Running command on the shell: [cmd.exe, /C, wmic, datafile, where, name="%PROGRAMFILES:\=\\%\\Google\\Chrome\\Application\\chrome.exe", get, Version, /value]
21:36:38.227 [main] DEBUG io.github.bonigarcia.wdm.versions.Shell - Result: 
21:36:38.227 [main] DEBUG io.github.bonigarcia.wdm.versions.Shell - Running command on the shell: [cmd.exe, /C, wmic, datafile, where, name="%PROGRAMFILES(X86):\=\\%\\Google\\Chrome\\Application\\chrome.exe", get, Version, /value]
21:36:38.324 [main] DEBUG io.github.bonigarcia.wdm.versions.Shell - Result: 
21:36:38.325 [main] DEBUG io.github.bonigarcia.wdm.versions.Shell - Running command on the shell: [cmd.exe, /C, wmic, datafile, where, name="%LOCALAPPDATA:\=\\%\\Google\\Chrome\\Application\\chrome.exe", get, Version, /value]
21:36:38.427 [main] DEBUG io.github.bonigarcia.wdm.versions.Shell - Result: 
21:36:38.428 [main] DEBUG io.github.bonigarcia.wdm.versions.Shell - Running command on the shell: [REG, QUERY, HKCU\Software\Google\Chrome\BLBeacon, /v, version]
21:36:38.454 [main] DEBUG io.github.bonigarcia.wdm.versions.Shell - Result: 
21:36:38.454 [main] DEBUG io.github.bonigarcia.wdm.versions.VersionDetector - Browser version for chrome not detected using online properties (using local commands.properties)
21:36:38.454 [main] DEBUG io.github.bonigarcia.wdm.versions.Shell - Running command on the shell: [cmd.exe, /C, wmic, datafile, where, name="%PROGRAMFILES:\=\\%\\Google\\Chrome\\Application\\chrome.exe", get, Version, /value]
21:36:38.556 [main] DEBUG io.github.bonigarcia.wdm.versions.Shell - Result: 
21:36:38.557 [main] DEBUG io.github.bonigarcia.wdm.versions.Shell - Running command on the shell: [cmd.exe, /C, wmic, datafile, where, name="%PROGRAMFILES(X86):\=\\%\\Google\\Chrome\\Application\\chrome.exe", get, Version, /value]
21:36:38.653 [main] DEBUG io.github.bonigarcia.wdm.versions.Shell - Result: 
21:36:38.653 [main] DEBUG io.github.bonigarcia.wdm.versions.Shell - Running command on the shell: [cmd.exe, /C, wmic, datafile, where, name="%LOCALAPPDATA:\=\\%\\Google\\Chrome\\Application\\chrome.exe", get, Version, /value]
21:36:38.752 [main] DEBUG io.github.bonigarcia.wdm.versions.Shell - Result: 
21:36:38.753 [main] DEBUG io.github.bonigarcia.wdm.versions.Shell - Running command on the shell: [REG, QUERY, HKCU\Software\Google\Chrome\BLBeacon, /v, version]
21:36:38.781 [main] DEBUG io.github.bonigarcia.wdm.versions.Shell - Result: 
21:36:38.781 [main] DEBUG io.github.bonigarcia.wdm.WebDriverManager - The driver version for CHROME is unknown ... trying with latest
21:36:38.782 [main] DEBUG org.apache.hc.client5.http.impl.classic.InternalHttpClient - ex-0000000012 preparing request execution
21:36:38.782 [main] DEBUG org.apache.hc.client5.http.impl.classic.ProtocolExec - ex-0000000012 target auth state: UNCHALLENGED
21:36:38.782 [main] DEBUG org.apache.hc.client5.http.impl.classic.ProtocolExec - ex-0000000012 proxy auth state: UNCHALLENGED
21:36:38.782 [main] DEBUG org.apache.hc.client5.http.impl.classic.ConnectExec - ex-0000000012 acquiring connection with route {s}->https://googlechromelabs.github.io:443
21:36:38.782 [main] DEBUG org.apache.hc.client5.http.impl.classic.InternalHttpClient - ex-0000000012 acquiring endpoint (3 MINUTES)
21:36:38.782 [main] DEBUG org.apache.hc.client5.http.impl.io.PoolingHttpClientConnectionManager - ex-0000000012 endpoint lease request (3 MINUTES) [route: {s}->https://googlechromelabs.github.io:443][total available: 1; route allocated: 0 of 5; total allocated: 1 of 25]
21:36:38.782 [main] DEBUG org.apache.hc.client5.http.impl.io.PoolingHttpClientConnectionManager - ex-0000000012 endpoint leased [route: {s}->https://googlechromelabs.github.io:443][total available: 1; route allocated: 1 of 5; total allocated: 2 of 25]
21:36:38.782 [main] DEBUG org.apache.hc.client5.http.impl.io.PoolingHttpClientConnectionManager - ex-0000000012 acquired ep-0000000012
21:36:38.782 [main] DEBUG org.apache.hc.client5.http.impl.classic.InternalHttpClient - ex-0000000012 acquired endpoint ep-0000000012
21:36:38.782 [main] DEBUG org.apache.hc.client5.http.impl.classic.ConnectExec - ex-0000000012 opening connection {s}->https://googlechromelabs.github.io:443
21:36:38.782 [main] DEBUG org.apache.hc.client5.http.impl.classic.InternalHttpClient - ep-0000000012 connecting endpoint (null)
21:36:38.782 [main] DEBUG org.apache.hc.client5.http.impl.io.PoolingHttpClientConnectionManager - ep-0000000012 connecting endpoint to https://googlechromelabs.github.io:443 (30 SECONDS)
21:36:38.782 [main] DEBUG org.apache.hc.client5.http.impl.io.DefaultHttpClientConnectionOperator - googlechromelabs.github.io resolving remote address
21:36:38.782 [main] DEBUG org.apache.hc.client5.http.impl.io.DefaultHttpClientConnectionOperator - googlechromelabs.github.io resolved to [googlechromelabs.github.io/185.199.111.153, googlechromelabs.github.io/185.199.108.153, googlechromelabs.github.io/185.199.109.153, googlechromelabs.github.io/185.199.110.153]
21:36:38.783 [main] DEBUG org.apache.hc.client5.http.impl.io.DefaultHttpClientConnectionOperator - googlechromelabs.github.io:443 connecting null->googlechromelabs.github.io/185.199.111.153:443 (30 SECONDS)
21:36:38.783 [main] DEBUG org.apache.hc.client5.http.ssl.SSLConnectionSocketFactory - Connecting socket to googlechromelabs.github.io/185.199.111.153:443 with timeout 30 SECONDS
21:36:38.798 [main] DEBUG org.apache.hc.client5.http.ssl.SSLConnectionSocketFactory - Enabled protocols: [TLSv1.3, TLSv1.2]
21:36:38.798 [main] DEBUG org.apache.hc.client5.http.ssl.SSLConnectionSocketFactory - Enabled cipher suites: [TLS_AES_256_GCM_SHA384, TLS_AES_128_GCM_SHA256, TLS_CHACHA20_POLY1305_SHA256, TLS_ECDHE_ECDSA_WITH_AES_256_GCM_SHA384, TLS_ECDHE_ECDSA_WITH_AES_128_GCM_SHA256, TLS_ECDHE_ECDSA_WITH_CHACHA20_POLY1305_SHA256, TLS_ECDHE_RSA_WITH_AES_256_GCM_SHA384, TLS_ECDHE_RSA_WITH_CHACHA20_POLY1305_SHA256, TLS_ECDHE_RSA_WITH_AES_128_GCM_SHA256, TLS_DHE_RSA_WITH_AES_256_GCM_SHA384, TLS_DHE_RSA_WITH_CHACHA20_POLY1305_SHA256, TLS_DHE_DSS_WITH_AES_256_GCM_SHA384, TLS_DHE_RSA_WITH_AES_128_GCM_SHA256, TLS_DHE_DSS_WITH_AES_128_GCM_SHA256, TLS_ECDHE_ECDSA_WITH_AES_256_CBC_SHA384, TLS_ECDHE_RSA_WITH_AES_256_CBC_SHA384, TLS_ECDHE_ECDSA_WITH_AES_128_CBC_SHA256, TLS_ECDHE_RSA_WITH_AES_128_CBC_SHA256, TLS_DHE_RSA_WITH_AES_256_CBC_SHA256, TLS_DHE_DSS_WITH_AES_256_CBC_SHA256, TLS_DHE_RSA_WITH_AES_128_CBC_SHA256, TLS_DHE_DSS_WITH_AES_128_CBC_SHA256, TLS_ECDHE_ECDSA_WITH_AES_256_CBC_SHA, TLS_ECDHE_RSA_WITH_AES_256_CBC_SHA, TLS_ECDHE_ECDSA_WITH_AES_128_CBC_SHA, TLS_ECDHE_RSA_WITH_AES_128_CBC_SHA, TLS_DHE_RSA_WITH_AES_256_CBC_SHA, TLS_DHE_DSS_WITH_AES_256_CBC_SHA, TLS_DHE_RSA_WITH_AES_128_CBC_SHA, TLS_DHE_DSS_WITH_AES_128_CBC_SHA, TLS_RSA_WITH_AES_256_GCM_SHA384, TLS_RSA_WITH_AES_128_GCM_SHA256, TLS_RSA_WITH_AES_256_CBC_SHA256, TLS_RSA_WITH_AES_128_CBC_SHA256, TLS_RSA_WITH_AES_256_CBC_SHA, TLS_RSA_WITH_AES_128_CBC_SHA, TLS_EMPTY_RENEGOTIATION_INFO_SCSV]
21:36:38.798 [main] DEBUG org.apache.hc.client5.http.ssl.SSLConnectionSocketFactory - Starting handshake (null)
21:36:38.811 [main] DEBUG org.apache.hc.client5.http.ssl.SSLConnectionSocketFactory - Secure session established
21:36:38.811 [main] DEBUG org.apache.hc.client5.http.ssl.SSLConnectionSocketFactory -  negotiated protocol: TLSv1.3
21:36:38.811 [main] DEBUG org.apache.hc.client5.http.ssl.SSLConnectionSocketFactory -  negotiated cipher suite: TLS_AES_128_GCM_SHA256
21:36:38.811 [main] DEBUG org.apache.hc.client5.http.ssl.SSLConnectionSocketFactory -  peer principal: CN=*.github.io, O="GitHub, Inc.", L=San Francisco, ST=California, C=US
21:36:38.811 [main] DEBUG org.apache.hc.client5.http.ssl.SSLConnectionSocketFactory -  peer alternative names: [*.github.io, github.io, githubusercontent.com, www.github.com, *.github.com, *.githubusercontent.com, github.com]
21:36:38.811 [main] DEBUG org.apache.hc.client5.http.ssl.SSLConnectionSocketFactory -  issuer principal: CN=DigiCert Global G2 TLS RSA SHA256 2020 CA1, O=DigiCert Inc, C=US
21:36:38.811 [main] DEBUG org.apache.hc.client5.http.impl.io.DefaultManagedHttpClientConnection - http-outgoing-10 set socket timeout to 3 MINUTES
21:36:38.811 [main] DEBUG org.apache.hc.client5.http.impl.io.DefaultHttpClientConnectionOperator - googlechromelabs.github.io:443 connected null->googlechromelabs.github.io/185.199.111.153:443 as http-outgoing-10
21:36:38.811 [main] DEBUG org.apache.hc.client5.http.impl.io.PoolingHttpClientConnectionManager - ep-0000000012 connected http-outgoing-10
21:36:38.811 [main] DEBUG org.apache.hc.client5.http.impl.classic.InternalHttpClient - ep-0000000012 endpoint connected
21:36:38.811 [main] DEBUG org.apache.hc.client5.http.impl.classic.MainClientExec - ex-0000000012 executing GET /chrome-for-testing/last-known-good-versions-with-downloads.json HTTP/1.1
21:36:38.811 [main] DEBUG org.apache.hc.client5.http.protocol.RequestAddCookies - ex-0000000012 Cookie spec selected: strict
21:36:38.811 [main] DEBUG org.apache.hc.client5.http.impl.classic.InternalHttpClient - ep-0000000012 start execution ex-0000000012
21:36:38.811 [main] DEBUG org.apache.hc.client5.http.impl.io.PoolingHttpClientConnectionManager - ep-0000000012 executing exchange ex-0000000012 over http-outgoing-10
21:36:38.812 [main] DEBUG org.apache.hc.client5.http.headers - http-outgoing-10 >> GET /chrome-for-testing/last-known-good-versions-with-downloads.json HTTP/1.1
21:36:38.812 [main] DEBUG org.apache.hc.client5.http.headers - http-outgoing-10 >> user-agent: Apache-HttpClient/5.0
21:36:38.812 [main] DEBUG org.apache.hc.client5.http.headers - http-outgoing-10 >> accept-encoding: gzip, deflate, br
21:36:38.812 [main] DEBUG org.apache.hc.client5.http.headers - http-outgoing-10 >> cache-control: max-age=0
21:36:38.812 [main] DEBUG org.apache.hc.client5.http.headers - http-outgoing-10 >> connection: keep-alive
21:36:38.812 [main] DEBUG org.apache.hc.client5.http.headers - http-outgoing-10 >> Host: googlechromelabs.github.io
21:36:38.812 [main] DEBUG org.apache.hc.client5.http.wire - http-outgoing-10 >> "GET /chrome-for-testing/last-known-good-versions-with-downloads.json HTTP/1.1[\r][\n]"
21:36:38.812 [main] DEBUG org.apache.hc.client5.http.wire - http-outgoing-10 >> "user-agent: Apache-HttpClient/5.0[\r][\n]"
21:36:38.812 [main] DEBUG org.apache.hc.client5.http.wire - http-outgoing-10 >> "accept-encoding: gzip, deflate, br[\r][\n]"
21:36:38.812 [main] DEBUG org.apache.hc.client5.http.wire - http-outgoing-10 >> "cache-control: max-age=0[\r][\n]"
21:36:38.812 [main] DEBUG org.apache.hc.client5.http.wire - http-outgoing-10 >> "connection: keep-alive[\r][\n]"
21:36:38.812 [main] DEBUG org.apache.hc.client5.http.wire - http-outgoing-10 >> "Host: googlechromelabs.github.io[\r][\n]"
21:36:38.812 [main] DEBUG org.apache.hc.client5.http.wire - http-outgoing-10 >> "[\r][\n]"
21:36:38.822 [main] DEBUG org.apache.hc.client5.http.wire - http-outgoing-10 << "HTTP/1.1 200 OK[\r][\n]"
21:36:38.822 [main] DEBUG org.apache.hc.client5.http.wire - http-outgoing-10 << "Connection: keep-alive[\r][\n]"
21:36:38.822 [main] DEBUG org.apache.hc.client5.http.wire - http-outgoing-10 << "Content-Length: 650[\r][\n]"
21:36:38.822 [main] DEBUG org.apache.hc.client5.http.wire - http-outgoing-10 << "Server: GitHub.com[\r][\n]"
21:36:38.822 [main] DEBUG org.apache.hc.client5.http.wire - http-outgoing-10 << "Content-Type: application/json; charset=utf-8[\r][\n]"
21:36:38.822 [main] DEBUG org.apache.hc.client5.http.wire - http-outgoing-10 << "permissions-policy: interest-cohort=()[\r][\n]"
21:36:38.822 [main] DEBUG org.apache.hc.client5.http.wire - http-outgoing-10 << "x-origin-cache: HIT[\r][\n]"
21:36:38.822 [main] DEBUG org.apache.hc.client5.http.wire - http-outgoing-10 << "Last-Modified: Wed, 18 Dec 2024 20:10:24 GMT[\r][\n]"
21:36:38.822 [main] DEBUG org.apache.hc.client5.http.wire - http-outgoing-10 << "Access-Control-Allow-Origin: *[\r][\n]"
21:36:38.822 [main] DEBUG org.apache.hc.client5.http.wire - http-outgoing-10 << "Strict-Transport-Security: max-age=31556952[\r][\n]"
21:36:38.822 [main] DEBUG org.apache.hc.client5.http.wire - http-outgoing-10 << "ETag: W/"67632c30-21f8"[\r][\n]"
21:36:38.822 [main] DEBUG org.apache.hc.client5.http.wire - http-outgoing-10 << "expires: Wed, 18 Dec 2024 20:22:58 GMT[\r][\n]"
21:36:38.822 [main] DEBUG org.apache.hc.client5.http.wire - http-outgoing-10 << "Cache-Control: max-age=600[\r][\n]"
21:36:38.822 [main] DEBUG org.apache.hc.client5.http.wire - http-outgoing-10 << "Content-Encoding: gzip[\r][\n]"
21:36:38.822 [main] DEBUG org.apache.hc.client5.http.wire - http-outgoing-10 << "x-proxy-cache: HIT[\r][\n]"
21:36:38.822 [main] DEBUG org.apache.hc.client5.http.wire - http-outgoing-10 << "X-GitHub-Request-Id: 5783:7E9D1:F42EB:F6CEE:67632CFD[\r][\n]"
21:36:38.822 [main] DEBUG org.apache.hc.client5.http.wire - http-outgoing-10 << "Accept-Ranges: bytes[\r][\n]"
21:36:38.822 [main] DEBUG org.apache.hc.client5.http.wire - http-outgoing-10 << "Date: Wed, 18 Dec 2024 20:36:39 GMT[\r][\n]"
21:36:38.822 [main] DEBUG org.apache.hc.client5.http.wire - http-outgoing-10 << "Via: 1.1 varnish[\r][\n]"
21:36:38.822 [main] DEBUG org.apache.hc.client5.http.wire - http-outgoing-10 << "Age: 470[\r][\n]"
21:36:38.822 [main] DEBUG org.apache.hc.client5.http.wire - http-outgoing-10 << "X-Served-By: cache-mad2200116-MAD[\r][\n]"
21:36:38.822 [main] DEBUG org.apache.hc.client5.http.wire - http-outgoing-10 << "X-Cache: HIT[\r][\n]"
21:36:38.822 [main] DEBUG org.apache.hc.client5.http.wire - http-outgoing-10 << "X-Cache-Hits: 1[\r][\n]"
21:36:38.822 [main] DEBUG org.apache.hc.client5.http.wire - http-outgoing-10 << "X-Timer: S1734554200.985899,VS0,VE2[\r][\n]"
21:36:38.822 [main] DEBUG org.apache.hc.client5.http.wire - http-outgoing-10 << "Vary: Accept-Encoding[\r][\n]"
21:36:38.822 [main] DEBUG org.apache.hc.client5.http.wire - http-outgoing-10 << "X-Fastly-Request-ID: f4e0ed27028e65336ed8e45fe9696b553a101be8[\r][\n]"
21:36:38.822 [main] DEBUG org.apache.hc.client5.http.wire - http-outgoing-10 << "[\r][\n]"
21:36:38.823 [main] DEBUG org.apache.hc.client5.http.headers - http-outgoing-10 << HTTP/1.1 200 OK
21:36:38.823 [main] DEBUG org.apache.hc.client5.http.headers - http-outgoing-10 << Connection: keep-alive
21:36:38.823 [main] DEBUG org.apache.hc.client5.http.headers - http-outgoing-10 << Content-Length: 650
21:36:38.823 [main] DEBUG org.apache.hc.client5.http.headers - http-outgoing-10 << Server: GitHub.com
21:36:38.823 [main] DEBUG org.apache.hc.client5.http.headers - http-outgoing-10 << Content-Type: application/json; charset=utf-8
21:36:38.823 [main] DEBUG org.apache.hc.client5.http.headers - http-outgoing-10 << permissions-policy: interest-cohort=()
21:36:38.823 [main] DEBUG org.apache.hc.client5.http.headers - http-outgoing-10 << x-origin-cache: HIT
21:36:38.823 [main] DEBUG org.apache.hc.client5.http.headers - http-outgoing-10 << Last-Modified: Wed, 18 Dec 2024 20:10:24 GMT
21:36:38.823 [main] DEBUG org.apache.hc.client5.http.headers - http-outgoing-10 << Access-Control-Allow-Origin: *
21:36:38.823 [main] DEBUG org.apache.hc.client5.http.headers - http-outgoing-10 << Strict-Transport-Security: max-age=31556952
21:36:38.823 [main] DEBUG org.apache.hc.client5.http.headers - http-outgoing-10 << ETag: W/"67632c30-21f8"
21:36:38.823 [main] DEBUG org.apache.hc.client5.http.headers - http-outgoing-10 << expires: Wed, 18 Dec 2024 20:22:58 GMT
21:36:38.823 [main] DEBUG org.apache.hc.client5.http.headers - http-outgoing-10 << Cache-Control: max-age=600
21:36:38.823 [main] DEBUG org.apache.hc.client5.http.headers - http-outgoing-10 << Content-Encoding: gzip
21:36:38.823 [main] DEBUG org.apache.hc.client5.http.headers - http-outgoing-10 << x-proxy-cache: HIT
21:36:38.823 [main] DEBUG org.apache.hc.client5.http.headers - http-outgoing-10 << X-GitHub-Request-Id: 5783:7E9D1:F42EB:F6CEE:67632CFD
21:36:38.823 [main] DEBUG org.apache.hc.client5.http.headers - http-outgoing-10 << Accept-Ranges: bytes
21:36:38.823 [main] DEBUG org.apache.hc.client5.http.headers - http-outgoing-10 << Date: Wed, 18 Dec 2024 20:36:39 GMT
21:36:38.823 [main] DEBUG org.apache.hc.client5.http.headers - http-outgoing-10 << Via: 1.1 varnish
21:36:38.823 [main] DEBUG org.apache.hc.client5.http.headers - http-outgoing-10 << Age: 470
21:36:38.823 [main] DEBUG org.apache.hc.client5.http.headers - http-outgoing-10 << X-Served-By: cache-mad2200116-MAD
21:36:38.823 [main] DEBUG org.apache.hc.client5.http.headers - http-outgoing-10 << X-Cache: HIT
21:36:38.823 [main] DEBUG org.apache.hc.client5.http.headers - http-outgoing-10 << X-Cache-Hits: 1
21:36:38.823 [main] DEBUG org.apache.hc.client5.http.headers - http-outgoing-10 << X-Timer: S1734554200.985899,VS0,VE2
21:36:38.823 [main] DEBUG org.apache.hc.client5.http.headers - http-outgoing-10 << Vary: Accept-Encoding
21:36:38.823 [main] DEBUG org.apache.hc.client5.http.headers - http-outgoing-10 << X-Fastly-Request-ID: f4e0ed27028e65336ed8e45fe9696b553a101be8
21:36:38.823 [main] DEBUG org.apache.hc.client5.http.impl.classic.MainClientExec - ex-0000000012 connection can be kept alive for 3 MINUTES
21:36:38.823 [main] DEBUG org.apache.hc.client5.http.wire - http-outgoing-10 << "[0x1f][0xffffff8b][0x8][0x0][0x0][0x0][0x0][0x0][0x0][0x3][0xffffffcd][0xffffff96][0xffffffcf][0xffffff8e][0xffffff9b]0[0x10][0xffffff87][0xffffffef]}[0xc][0xffffff9f][0xfffffff9][0xf][0x1][0xffffffc2][0xffffffb1][0xffffffdd]7[0xffffffd8][0xffffff9e]Z[0xfffffff5][0xffffffe0]M[0xffffffdc][0xffffffc4][0xffffff92][0xffffffc1][0x8][0xffffff93]l[0xffffffdb][0xffffff88]w[0xffffffaf][0x3][0xffffff84][0x0][0xffffffb1][0xffffffd9][0xffffffcb][0xffffffc6][0xffffffc3])a[0xffffffc0]3?[0xffffffd0][0xffffffa7][0xffffffd1]wA5[0xffffffcd][0xffffff89][0xffffffa8]q^[0xffffffa2][0xc][0x5]^[0x10][0xffffffd9]~`[0xfffffffb][0xffffffe9]w[0xffffffdf][0xffffffcb][0xffffffbc]m[0x16]%N[0x18][0xfffffff8]?[0xffffff90][0xffffff85]vG\[0x14][0xffffff84][0x9][0xffffff94]][0xffffffd0]k[0xffffff8d][0xffffffdf][0x18][0xffffffb9][0xfffffffe][0xffffffeb][0xffffffab][0xfffffff2]h_[0xffffffb3][0xffffffd0][0xffffff99]T[0xffffff82][0xfffffff2]B[0xffffff96][0xfffffffc][0xffffffd0]w<'N[0xffffff92][0xffffffd4][0xfffffff1][0xffffffbd]T[0xffffffde][0xffffffaa][0xffffffc8][0xffffff99][0xe][0xfffffff7][0xffffffe2]t[0x13]leq[0xffffffcf][0xffffffdf][0xb][0xffffffc6][0xfffffff1]^t[0xfffffffd]*[0xffffff9e][0xffffffcb][0xffffffce]?/[0xffffffa8]d[0xffffffb8][0xfffffffe][0xffffffcd][0xffffffab]\>[0xffffffcc]hq[0xfffffffa][0x13]G[0xfffffff2][0xffffffe1]Su[0xffffff9d]u[0xffffffac][0xffffffeb]Rd[0xffffffae]+j^[0xffffffe1][0x3]q[0xe][0xffffff9c][0x1f][0x18][0xffffffc1]%[0x15][0xffffffce][0xffffff8e][0xffffffe7]n[0xffffffd7][0xffffffc4][0xffffff96][0xffffff87][0xffffffed]Z[0xffffffbe][0x1a]-[0xe]vyzct[0xffffffe7]N[0x13][0xffffffb9]}[0xffffffdf][0xffffffdb][0xffffff81][0xfffffffe][0xffffffd2][0xfffffff9]GK[0xffffffd4]X[0xffffff93][0x4]9[0xffffffde][0xffffffd9][0xffffffb8][0xffffffca][0xffffff9f][0xffffff90]a[0xffffffe8]|;2[0x14]t9[0xffffff9e][0xfffffff1]%[0xfffffffa][0xffffffbe][0xffffffe3][0xc][0xffffff9a]/[0xfffffff1]N[0xffffff8b]0[0xfffffff8][0xfffffff4][0xfffffff9]m[0xffffffd7][0xffffffdb][0xffffffe3][0xffffffed][0xffffff85]f[0xfffffff6][0x13][0xffffffde][0xffffffbd][0xffffffed]:[0xffffff9a]}{[0xffffffef]_V[0xffffff8f][0xffffffe3][0xffffffbe][0xffffffa2][0x12]j[0x18]([0xffffffbb][0xffffffd9][0xffffffeb]@[0xffffffb3][0xffffffcf][0xffffffb2][0x2]@GI[0xffffffc0]0[0xffffffed]3[0x0][0xffffffc2]zO[0xfffffff0][0xffffff80][0xffffffac]}$x[0xffffffcf][0xffffff88][0x10][0xffffffb6]8[0x12][0xffffffc6]`[0xffffffd8][0xffffff9d][0xffffff85]X[0x7][0xffffffc4][0xfffffff3]P+[0xffffffa0]Y[0x15][0x9][0xc][0xffffffeb]y[0x18]@[0xffffffbe][0x15]Q[0x6][0xffffffd0][0xffffff9b][0xffffffc6]B_I[0xffffff8d][0xffffffa7][0x12][0xffffffd2]V[0xffffffa6][\n]"
21:36:38.823 [main] DEBUG org.apache.hc.client5.http.wire - http-outgoing-10 << "[0x12]\[0xffffffbb][0xffffffa7]a[0xffffffe4]D[0xfffffff1][0xffffffdc]@R[0x7f][0x13][0xfffffffb][0xffffffc6][\r]d[0x14][0x8]J@[0xffffffc6][0x11][0xffffffc0][0xfffffffc]c[0x1e][0xffffffc2][0xffffffb0]~[0xffffff8c][0xffffffc7][0x1b][0xffffffb6][0xffffff8f][0xffffffd9]h`[0xfffffff9][0xffffffd0][0xfffffff3]h[0xffffffd8]=[0xffffff96][0xffffffa8]4[0xffffffac][0x1e]z6[\r][0xffffff9a][0xffffff87][0xffffff8e]Pc[0xffffffe2][0xffffffa1][0xffffffe3]t[0x15][0xffffffde][0xffffffb1][0xffffffb0]F[0xffffff81][0xffffffb4]cq[0xffffffab][0x2]Y[0xffffffc7][0xffffffc2][0xffffff92][0x5][0xffffff90][0xe][0xffffffed][0xffffffce]5[0xffffffee][0x1c][0xffffffda][0x15][0xfffffffc][0xffffff81]r[0xffffffbc][0xffffff90][0xfffffff3][0xffffffd4]8[0xffffffae][0xffffff85][0xffffffa9]p[0xffffff84]m[0xffffffeb]4u[0xffffff82][0xffffffb9]ol[0xffffffa3]M[0xffffff98][0x18][0xfffffff7][0xffffff8d]{[0x1e]([0xffffffdd][0x18]%[0x0][0xffffffb3][0xffffff8d]Y[0x6][0xffffffc3][0xffffffb2]1[0xffffff9a]n[0xffffffd8]5[0xffffffa6][0xffffff93][0xffffff81]UC[0xffffff8b][0xffffffa2]a[0xffffffd3]X[0x0][0xffffffd2][0xffffffb0]hh[0xffffffb1]4[0xffffffe8][0x19][0x1a]8[0xffffff8d]i[0xffffff86][0x6][0xffffffd1]UX[0xffffff86]~y[0x2]I[0xffffffc6][0xffffffd2].[0x5]r[0xc][0xfffffffd]j[0x5]P[0xc][0xffffffdd][0xffffffa6]5n[0x18][0xffffffba][0xffffffc5][0xfffffffb][0xffffff81]`|[0xffffffc3][0x5][0xffffffae][0xfffffffe]N[0x1d][0xffffffa3][0xffffffaf])4c[0xffffffeb][0xffffffc9][0xffffff9f][0x7][0xffffffcd]H[0xffffffc2]M[\n]"
21:36:38.823 [main] DEBUG org.apache.hc.client5.http.wire - http-outgoing-10 << "[0xffffffa3][0x19]m[0x1e]P[0xffffffcd][0xffffffe8][0x12][0xffffffc0]j[0xffffffc6]=[0x3][0xffffff84]ft[0xffffffd3]!4c[0xffffff98][0xffffffbc][0x6][0xffffffcd]P[0xffffffa1][0x8][0xffffffa1][0x19]j !4C[0xffffff85][0xffffffa5]i[0xffffffcd]x[0xffffff84][0xffffffd3][0xffffffac]f<"[0xffffffba][0x1e][0xffffffcd]P.OH[0xffffffcd][0xffffffd0][0xffffffec]RH[0xffffffcd]P[0xffffffae]V([0xffffffcd]PlZ[0x18][0xffffffcd]P,[0xffffffde]E[0xffffffcd]h[0xffffff9a]/[0xffffffff][0x1][0xffffffc5]A.V[0xfffffff8]![0x0][0x0]"
21:36:38.823 [main] DEBUG org.apache.hc.client5.http.impl.classic.InternalHttpClient - ep-0000000012 releasing valid endpoint
21:36:38.823 [main] DEBUG org.apache.hc.client5.http.impl.io.PoolingHttpClientConnectionManager - ep-0000000012 releasing endpoint
21:36:38.823 [main] DEBUG org.apache.hc.client5.http.impl.io.PoolingHttpClientConnectionManager - ep-0000000012 connection http-outgoing-10 can be kept alive for 3 MINUTES
21:36:38.823 [main] DEBUG org.apache.hc.client5.http.impl.io.PoolingHttpClientConnectionManager - ep-0000000012 connection released [route: {s}->https://googlechromelabs.github.io:443][total available: 2; route allocated: 1 of 5; total allocated: 2 of 25]
21:36:38.827 [main] DEBUG io.github.bonigarcia.wdm.WebDriverManager - Driver chromedriver 131.0.6778.108 found in cache
21:36:38.828 [main] INFO io.github.bonigarcia.wdm.WebDriverManager - Exporting webdriver.chrome.driver as C:\Users\MisterSurface\.cache\selenium\chromedriver\win64\131.0.6778.108\chromedriver.exe
]]></system-out>
    <system-err><![CDATA[Starting ChromeDriver 131.0.6778.108 (3b014839fbc4fb688b2f5af512d6ce312ad208b1-refs/branch-heads/6778@{#2393}) on port 37727
Only local connections are allowed.
Please see https://chromedriver.chromium.org/security-considerations for suggestions on keeping ChromeDriver safe.
ChromeDriver was started successfully on port 37727.
]]></system-err>
  </testcase>
</testsuite>