<?xml version="1.0" encoding="UTF-8"?>
<testsuite xmlns:xsi="http://www.w3.org/2001/XMLSchema-instance" xsi:noNamespaceSchemaLocation="https://maven.apache.org/surefire/maven-surefire-plugin/xsd/surefire-test-report.xsd" name="com.lauracercas.moviecards.endtoendtest.IndexE2ETest" time="0.057" tests="2" errors="2" skipped="0" failures="0">
  <properties>
[...]
</properties>
  <testcase name="tesLinks" classname="com.lauracercas.moviecards.endtoendtest.IndexE2ETest" time="0.035">
    <error message="session not created&#10;from unknown error: cannot find Chrome binary&#10;Build info: version: &apos;3.141.59&apos;, revision: &apos;e82be7d358&apos;, time: &apos;2018-11-14T08:17:03&apos;&#10;System info: host: &apos;DESKTOP-JI5NALH&apos;, ip: &apos;192.168.110.47&apos;, os.name: &apos;Windows 10&apos;, os.arch: &apos;amd64&apos;, os.version: &apos;10.0&apos;, java.version: &apos;23&apos;&#10;Driver info: driver.version: ChromeDriver&#10;remote stacktrace: 	GetHandleVerifier [0x00007FF6AE68FB05+28789]&#10;	(No symbol) [0x00007FF6AE5F86E0]&#10;	(No symbol) [0x00007FF6AE49592A]&#10;	(No symbol) [0x00007FF6AE4CDBC8]&#10;	(No symbol) [0x00007FF6AE4CBC59]&#10;	(No symbol) [0x00007FF6AE51A77C]&#10;	(No symbol) [0x00007FF6AE519D60]&#10;	(No symbol) [0x00007FF6AE50F1E3]&#10;	(No symbol) [0x00007FF6AE4DA938]&#10;	(No symbol) [0x00007FF6AE4DBAA1]&#10;	GetHandleVerifier [0x00007FF6AE9C933D+3410093]&#10;	GetHandleVerifier [0x00007FF6AE9DE7DD+3497293]&#10;	GetHandleVerifier [0x00007FF6AE9D2A73+3448803]&#10;	GetHandleVerifier [0x00007FF6AE757BBB+848171]&#10;	(No symbol) [0x00007FF6AE603C3F]&#10;	(No symbol) [0x00007FF6AE5FF6E4]&#10;	(No symbol) [0x00007FF6AE5FF87D]&#10;	(No symbol) [0x00007FF6AE5EED49]&#10;	BaseThreadInitThunk [0x00007FFF75EB7374+20]&#10;	RtlUserThreadStart [0x00007FFF7617CC91+33]&#10;" type="org.openqa.selenium.SessionNotCreatedException">org.openqa.selenium.SessionNotCreatedException: 
session not created
from unknown error: cannot find Chrome binary
Build info: version: '3.141.59', revision: 'e82be7d358', time: '2018-11-14T08:17:03'
System info: host: 'DESKTOP-JI5NALH', ip: '192.168.110.47', os.name: 'Windows 10', os.arch: 'amd64', os.version: '10.0', java.version: '23'
Driver info: driver.version: ChromeDriver
remote stacktrace: 	GetHandleVerifier [0x00007FF6AE68FB05+28789]
	(No symbol) [0x00007FF6AE5F86E0]
	(No symbol) [0x00007FF6AE49592A]
	(No symbol) [0x00007FF6AE4CDBC8]
	(No symbol) [0x00007FF6AE4CBC59]
	(No symbol) [0x00007FF6AE51A77C]
	(No symbol) [0x00007FF6AE519D60]
	(No symbol) [0x00007FF6AE50F1E3]
	(No symbol) [0x00007FF6AE4DA938]
	(No symbol) [0x00007FF6AE4DBAA1]
	GetHandleVerifier [0x00007FF6AE9C933D+3410093]
	GetHandleVerifier [0x00007FF6AE9DE7DD+3497293]
	GetHandleVerifier [0x00007FF6AE9D2A73+3448803]
	GetHandleVerifier [0x00007FF6AE757BBB+848171]
	(No symbol) [0x00007FF6AE603C3F]
	(No symbol) [0x00007FF6AE5FF6E4]
	(No symbol) [0x00007FF6AE5FF87D]
	(No symbol) [0x00007FF6AE5EED49]
	BaseThreadInitThunk [0x00007FFF75EB7374+20]
	RtlUserThreadStart [0x00007FFF7617CC91+33]

	at com.lauracercas.moviecards.endtoendtest.IndexE2ETest.setUp(IndexE2ETest.java:33)
</error>
    <system-out><![CDATA[23:54:27.583 [main] DEBUG io.github.bonigarcia.wdm.WebDriverManager - Using WebDriverManager 5.7.0
23:54:27.595 [main] DEBUG org.apache.hc.client5.http.impl.classic.InternalHttpClient - ex-0000000009 preparing request execution
23:54:27.595 [main] DEBUG org.apache.hc.client5.http.impl.classic.ProtocolExec - ex-0000000009 target auth state: UNCHALLENGED
23:54:27.595 [main] DEBUG org.apache.hc.client5.http.impl.classic.ProtocolExec - ex-0000000009 proxy auth state: UNCHALLENGED
23:54:27.595 [main] DEBUG org.apache.hc.client5.http.impl.classic.ConnectExec - ex-0000000009 acquiring connection with route {s}->https://raw.githubusercontent.com:443
23:54:27.595 [main] DEBUG org.apache.hc.client5.http.impl.classic.InternalHttpClient - ex-0000000009 acquiring endpoint (3 MINUTES)
23:54:27.595 [main] DEBUG org.apache.hc.client5.http.impl.io.PoolingHttpClientConnectionManager - ex-0000000009 endpoint lease request (3 MINUTES) [route: {s}->https://raw.githubusercontent.com:443][total available: 0; route allocated: 0 of 5; total allocated: 0 of 25]
23:54:27.595 [main] DEBUG org.apache.hc.client5.http.impl.io.PoolingHttpClientConnectionManager - ex-0000000009 endpoint leased [route: {s}->https://raw.githubusercontent.com:443][total available: 0; route allocated: 1 of 5; total allocated: 1 of 25]
23:54:27.595 [main] DEBUG org.apache.hc.client5.http.impl.io.PoolingHttpClientConnectionManager - ex-0000000009 acquired ep-0000000009
23:54:27.595 [main] DEBUG org.apache.hc.client5.http.impl.classic.InternalHttpClient - ex-0000000009 acquired endpoint ep-0000000009
23:54:27.595 [main] DEBUG org.apache.hc.client5.http.impl.classic.ConnectExec - ex-0000000009 opening connection {s}->https://raw.githubusercontent.com:443
23:54:27.595 [main] DEBUG org.apache.hc.client5.http.impl.classic.InternalHttpClient - ep-0000000009 connecting endpoint (null)
23:54:27.595 [main] DEBUG org.apache.hc.client5.http.impl.io.PoolingHttpClientConnectionManager - ep-0000000009 connecting endpoint to https://raw.githubusercontent.com:443 (30 SECONDS)
23:54:27.595 [main] DEBUG org.apache.hc.client5.http.impl.io.DefaultHttpClientConnectionOperator - raw.githubusercontent.com resolving remote address
23:54:27.595 [main] DEBUG org.apache.hc.client5.http.impl.io.DefaultHttpClientConnectionOperator - raw.githubusercontent.com resolved to [raw.githubusercontent.com/185.199.109.133, raw.githubusercontent.com/185.199.108.133, raw.githubusercontent.com/185.199.111.133, raw.githubusercontent.com/185.199.110.133]
23:54:27.595 [main] DEBUG org.apache.hc.client5.http.impl.io.DefaultHttpClientConnectionOperator - raw.githubusercontent.com:443 connecting null->raw.githubusercontent.com/185.199.109.133:443 (30 SECONDS)
23:54:27.595 [main] DEBUG org.apache.hc.client5.http.ssl.SSLConnectionSocketFactory - Connecting socket to raw.githubusercontent.com/185.199.109.133:443 with timeout 30 SECONDS
23:54:27.604 [main] DEBUG org.apache.hc.client5.http.ssl.SSLConnectionSocketFactory - Enabled protocols: [TLSv1.3, TLSv1.2]
23:54:27.605 [main] DEBUG org.apache.hc.client5.http.ssl.SSLConnectionSocketFactory - Enabled cipher suites: [TLS_AES_256_GCM_SHA384, TLS_AES_128_GCM_SHA256, TLS_CHACHA20_POLY1305_SHA256, TLS_ECDHE_ECDSA_WITH_AES_256_GCM_SHA384, TLS_ECDHE_ECDSA_WITH_AES_128_GCM_SHA256, TLS_ECDHE_ECDSA_WITH_CHACHA20_POLY1305_SHA256, TLS_ECDHE_RSA_WITH_AES_256_GCM_SHA384, TLS_ECDHE_RSA_WITH_CHACHA20_POLY1305_SHA256, TLS_ECDHE_RSA_WITH_AES_128_GCM_SHA256, TLS_DHE_RSA_WITH_AES_256_GCM_SHA384, TLS_DHE_RSA_WITH_CHACHA20_POLY1305_SHA256, TLS_DHE_DSS_WITH_AES_256_GCM_SHA384, TLS_DHE_RSA_WITH_AES_128_GCM_SHA256, TLS_DHE_DSS_WITH_AES_128_GCM_SHA256, TLS_ECDHE_ECDSA_WITH_AES_256_CBC_SHA384, TLS_ECDHE_RSA_WITH_AES_256_CBC_SHA384, TLS_ECDHE_ECDSA_WITH_AES_128_CBC_SHA256, TLS_ECDHE_RSA_WITH_AES_128_CBC_SHA256, TLS_DHE_RSA_WITH_AES_256_CBC_SHA256, TLS_DHE_DSS_WITH_AES_256_CBC_SHA256, TLS_DHE_RSA_WITH_AES_128_CBC_SHA256, TLS_DHE_DSS_WITH_AES_128_CBC_SHA256, TLS_ECDHE_ECDSA_WITH_AES_256_CBC_SHA, TLS_ECDHE_RSA_WITH_AES_256_CBC_SHA, TLS_ECDHE_ECDSA_WITH_AES_128_CBC_SHA, TLS_ECDHE_RSA_WITH_AES_128_CBC_SHA, TLS_DHE_RSA_WITH_AES_256_CBC_SHA, TLS_DHE_DSS_WITH_AES_256_CBC_SHA, TLS_DHE_RSA_WITH_AES_128_CBC_SHA, TLS_DHE_DSS_WITH_AES_128_CBC_SHA, TLS_RSA_WITH_AES_256_GCM_SHA384, TLS_RSA_WITH_AES_128_GCM_SHA256, TLS_RSA_WITH_AES_256_CBC_SHA256, TLS_RSA_WITH_AES_128_CBC_SHA256, TLS_RSA_WITH_AES_256_CBC_SHA, TLS_RSA_WITH_AES_128_CBC_SHA, TLS_EMPTY_RENEGOTIATION_INFO_SCSV]
23:54:27.605 [main] DEBUG org.apache.hc.client5.http.ssl.SSLConnectionSocketFactory - Starting handshake (null)
23:54:27.620 [main] DEBUG org.apache.hc.client5.http.ssl.SSLConnectionSocketFactory - Secure session established
23:54:27.620 [main] DEBUG org.apache.hc.client5.http.ssl.SSLConnectionSocketFactory -  negotiated protocol: TLSv1.3
23:54:27.620 [main] DEBUG org.apache.hc.client5.http.ssl.SSLConnectionSocketFactory -  negotiated cipher suite: TLS_AES_128_GCM_SHA256
23:54:27.620 [main] DEBUG org.apache.hc.client5.http.ssl.SSLConnectionSocketFactory -  peer principal: CN=*.github.io, O="GitHub, Inc.", L=San Francisco, ST=California, C=US
23:54:27.620 [main] DEBUG org.apache.hc.client5.http.ssl.SSLConnectionSocketFactory -  peer alternative names: [*.github.io, github.io, githubusercontent.com, www.github.com, *.github.com, *.githubusercontent.com, github.com]
23:54:27.620 [main] DEBUG org.apache.hc.client5.http.ssl.SSLConnectionSocketFactory -  issuer principal: CN=DigiCert Global G2 TLS RSA SHA256 2020 CA1, O=DigiCert Inc, C=US
23:54:27.620 [main] DEBUG org.apache.hc.client5.http.impl.io.DefaultManagedHttpClientConnection - http-outgoing-7 set socket timeout to 3 MINUTES
23:54:27.620 [main] DEBUG org.apache.hc.client5.http.impl.io.DefaultHttpClientConnectionOperator - raw.githubusercontent.com:443 connected null->raw.githubusercontent.com/185.199.109.133:443 as http-outgoing-7
23:54:27.620 [main] DEBUG org.apache.hc.client5.http.impl.io.PoolingHttpClientConnectionManager - ep-0000000009 connected http-outgoing-7
23:54:27.620 [main] DEBUG org.apache.hc.client5.http.impl.classic.InternalHttpClient - ep-0000000009 endpoint connected
23:54:27.620 [main] DEBUG org.apache.hc.client5.http.impl.classic.MainClientExec - ex-0000000009 executing GET /bonigarcia/webdrivermanager/master/src/main/resources/commands.properties HTTP/1.1
23:54:27.620 [main] DEBUG org.apache.hc.client5.http.protocol.RequestAddCookies - ex-0000000009 Cookie spec selected: strict
23:54:27.620 [main] DEBUG org.apache.hc.client5.http.impl.classic.InternalHttpClient - ep-0000000009 start execution ex-0000000009
23:54:27.620 [main] DEBUG org.apache.hc.client5.http.impl.io.PoolingHttpClientConnectionManager - ep-0000000009 executing exchange ex-0000000009 over http-outgoing-7
23:54:27.620 [main] DEBUG org.apache.hc.client5.http.headers - http-outgoing-7 >> GET /bonigarcia/webdrivermanager/master/src/main/resources/commands.properties HTTP/1.1
23:54:27.620 [main] DEBUG org.apache.hc.client5.http.headers - http-outgoing-7 >> user-agent: Apache-HttpClient/5.0
23:54:27.620 [main] DEBUG org.apache.hc.client5.http.headers - http-outgoing-7 >> accept-encoding: gzip, deflate, br
23:54:27.620 [main] DEBUG org.apache.hc.client5.http.headers - http-outgoing-7 >> cache-control: max-age=0
23:54:27.620 [main] DEBUG org.apache.hc.client5.http.headers - http-outgoing-7 >> connection: keep-alive
23:54:27.620 [main] DEBUG org.apache.hc.client5.http.headers - http-outgoing-7 >> Host: raw.githubusercontent.com
23:54:27.620 [main] DEBUG org.apache.hc.client5.http.wire - http-outgoing-7 >> "GET /bonigarcia/webdrivermanager/master/src/main/resources/commands.properties HTTP/1.1[\r][\n]"
23:54:27.620 [main] DEBUG org.apache.hc.client5.http.wire - http-outgoing-7 >> "user-agent: Apache-HttpClient/5.0[\r][\n]"
23:54:27.620 [main] DEBUG org.apache.hc.client5.http.wire - http-outgoing-7 >> "accept-encoding: gzip, deflate, br[\r][\n]"
23:54:27.620 [main] DEBUG org.apache.hc.client5.http.wire - http-outgoing-7 >> "cache-control: max-age=0[\r][\n]"
23:54:27.620 [main] DEBUG org.apache.hc.client5.http.wire - http-outgoing-7 >> "connection: keep-alive[\r][\n]"
23:54:27.620 [main] DEBUG org.apache.hc.client5.http.wire - http-outgoing-7 >> "Host: raw.githubusercontent.com[\r][\n]"
23:54:27.620 [main] DEBUG org.apache.hc.client5.http.wire - http-outgoing-7 >> "[\r][\n]"
23:54:27.626 [main] DEBUG org.apache.hc.client5.http.wire - http-outgoing-7 << "HTTP/1.1 200 OK[\r][\n]"
23:54:27.626 [main] DEBUG org.apache.hc.client5.http.wire - http-outgoing-7 << "Connection: keep-alive[\r][\n]"
23:54:27.626 [main] DEBUG org.apache.hc.client5.http.wire - http-outgoing-7 << "Content-Length: 745[\r][\n]"
23:54:27.626 [main] DEBUG org.apache.hc.client5.http.wire - http-outgoing-7 << "Cache-Control: max-age=300[\r][\n]"
23:54:27.626 [main] DEBUG org.apache.hc.client5.http.wire - http-outgoing-7 << "Content-Security-Policy: default-src 'none'; style-src 'unsafe-inline'; sandbox[\r][\n]"
23:54:27.626 [main] DEBUG org.apache.hc.client5.http.wire - http-outgoing-7 << "Content-Type: text/plain; charset=utf-8[\r][\n]"
23:54:27.626 [main] DEBUG org.apache.hc.client5.http.wire - http-outgoing-7 << "ETag: W/"dd41edff335272162022217759820159dac501cff56850e2510f504462cd9b5f"[\r][\n]"
23:54:27.626 [main] DEBUG org.apache.hc.client5.http.wire - http-outgoing-7 << "Strict-Transport-Security: max-age=31536000[\r][\n]"
23:54:27.626 [main] DEBUG org.apache.hc.client5.http.wire - http-outgoing-7 << "X-Content-Type-Options: nosniff[\r][\n]"
23:54:27.626 [main] DEBUG org.apache.hc.client5.http.wire - http-outgoing-7 << "X-Frame-Options: deny[\r][\n]"
23:54:27.626 [main] DEBUG org.apache.hc.client5.http.wire - http-outgoing-7 << "X-XSS-Protection: 1; mode=block[\r][\n]"
23:54:27.626 [main] DEBUG org.apache.hc.client5.http.wire - http-outgoing-7 << "X-GitHub-Request-Id: 11E0:2FCCA8:200498:2217C9:6757BE85[\r][\n]"
23:54:27.626 [main] DEBUG org.apache.hc.client5.http.wire - http-outgoing-7 << "Content-Encoding: gzip[\r][\n]"
23:54:27.626 [main] DEBUG org.apache.hc.client5.http.wire - http-outgoing-7 << "Accept-Ranges: bytes[\r][\n]"
23:54:27.626 [main] DEBUG org.apache.hc.client5.http.wire - http-outgoing-7 << "Date: Wed, 18 Dec 2024 22:54:27 GMT[\r][\n]"
23:54:27.626 [main] DEBUG org.apache.hc.client5.http.wire - http-outgoing-7 << "Via: 1.1 varnish[\r][\n]"
23:54:27.626 [main] DEBUG org.apache.hc.client5.http.wire - http-outgoing-7 << "X-Served-By: cache-mad2200112-MAD[\r][\n]"
23:54:27.626 [main] DEBUG org.apache.hc.client5.http.wire - http-outgoing-7 << "X-Cache: HIT[\r][\n]"
23:54:27.626 [main] DEBUG org.apache.hc.client5.http.wire - http-outgoing-7 << "X-Cache-Hits: 1[\r][\n]"
23:54:27.626 [main] DEBUG org.apache.hc.client5.http.wire - http-outgoing-7 << "X-Timer: S1734562468.876860,VS0,VE1[\r][\n]"
23:54:27.626 [main] DEBUG org.apache.hc.client5.http.wire - http-outgoing-7 << "Vary: Authorization,Accept-Encoding,Origin[\r][\n]"
23:54:27.626 [main] DEBUG org.apache.hc.client5.http.wire - http-outgoing-7 << "Access-Control-Allow-Origin: *[\r][\n]"
23:54:27.626 [main] DEBUG org.apache.hc.client5.http.wire - http-outgoing-7 << "Cross-Origin-Resource-Policy: cross-origin[\r][\n]"
23:54:27.626 [main] DEBUG org.apache.hc.client5.http.wire - http-outgoing-7 << "X-Fastly-Request-ID: 566bb1ca70f855b4a9d4b96debe7f9b785006dfc[\r][\n]"
23:54:27.626 [main] DEBUG org.apache.hc.client5.http.wire - http-outgoing-7 << "Expires: Wed, 18 Dec 2024 22:59:27 GMT[\r][\n]"
23:54:27.626 [main] DEBUG org.apache.hc.client5.http.wire - http-outgoing-7 << "Source-Age: 46[\r][\n]"
23:54:27.626 [main] DEBUG org.apache.hc.client5.http.wire - http-outgoing-7 << "[\r][\n]"
23:54:27.626 [main] DEBUG org.apache.hc.client5.http.headers - http-outgoing-7 << HTTP/1.1 200 OK
23:54:27.626 [main] DEBUG org.apache.hc.client5.http.headers - http-outgoing-7 << Connection: keep-alive
23:54:27.626 [main] DEBUG org.apache.hc.client5.http.headers - http-outgoing-7 << Content-Length: 745
23:54:27.626 [main] DEBUG org.apache.hc.client5.http.headers - http-outgoing-7 << Cache-Control: max-age=300
23:54:27.626 [main] DEBUG org.apache.hc.client5.http.headers - http-outgoing-7 << Content-Security-Policy: default-src 'none'; style-src 'unsafe-inline'; sandbox
23:54:27.626 [main] DEBUG org.apache.hc.client5.http.headers - http-outgoing-7 << Content-Type: text/plain; charset=utf-8
23:54:27.626 [main] DEBUG org.apache.hc.client5.http.headers - http-outgoing-7 << ETag: W/"dd41edff335272162022217759820159dac501cff56850e2510f504462cd9b5f"
23:54:27.626 [main] DEBUG org.apache.hc.client5.http.headers - http-outgoing-7 << Strict-Transport-Security: max-age=31536000
23:54:27.626 [main] DEBUG org.apache.hc.client5.http.headers - http-outgoing-7 << X-Content-Type-Options: nosniff
23:54:27.626 [main] DEBUG org.apache.hc.client5.http.headers - http-outgoing-7 << X-Frame-Options: deny
23:54:27.626 [main] DEBUG org.apache.hc.client5.http.headers - http-outgoing-7 << X-XSS-Protection: 1; mode=block
23:54:27.626 [main] DEBUG org.apache.hc.client5.http.headers - http-outgoing-7 << X-GitHub-Request-Id: 11E0:2FCCA8:200498:2217C9:6757BE85
23:54:27.626 [main] DEBUG org.apache.hc.client5.http.headers - http-outgoing-7 << Content-Encoding: gzip
23:54:27.626 [main] DEBUG org.apache.hc.client5.http.headers - http-outgoing-7 << Accept-Ranges: bytes
23:54:27.626 [main] DEBUG org.apache.hc.client5.http.headers - http-outgoing-7 << Date: Wed, 18 Dec 2024 22:54:27 GMT
23:54:27.626 [main] DEBUG org.apache.hc.client5.http.headers - http-outgoing-7 << Via: 1.1 varnish
23:54:27.626 [main] DEBUG org.apache.hc.client5.http.headers - http-outgoing-7 << X-Served-By: cache-mad2200112-MAD
23:54:27.626 [main] DEBUG org.apache.hc.client5.http.headers - http-outgoing-7 << X-Cache: HIT
23:54:27.626 [main] DEBUG org.apache.hc.client5.http.headers - http-outgoing-7 << X-Cache-Hits: 1
23:54:27.626 [main] DEBUG org.apache.hc.client5.http.headers - http-outgoing-7 << X-Timer: S1734562468.876860,VS0,VE1
23:54:27.626 [main] DEBUG org.apache.hc.client5.http.headers - http-outgoing-7 << Vary: Authorization,Accept-Encoding,Origin
23:54:27.626 [main] DEBUG org.apache.hc.client5.http.headers - http-outgoing-7 << Access-Control-Allow-Origin: *
23:54:27.626 [main] DEBUG org.apache.hc.client5.http.headers - http-outgoing-7 << Cross-Origin-Resource-Policy: cross-origin
23:54:27.626 [main] DEBUG org.apache.hc.client5.http.headers - http-outgoing-7 << X-Fastly-Request-ID: 566bb1ca70f855b4a9d4b96debe7f9b785006dfc
23:54:27.626 [main] DEBUG org.apache.hc.client5.http.headers - http-outgoing-7 << Expires: Wed, 18 Dec 2024 22:59:27 GMT
23:54:27.626 [main] DEBUG org.apache.hc.client5.http.headers - http-outgoing-7 << Source-Age: 46
23:54:27.626 [main] DEBUG org.apache.hc.client5.http.impl.classic.MainClientExec - ex-0000000009 connection can be kept alive for 3 MINUTES
23:54:27.627 [main] DEBUG org.apache.hc.client5.http.wire - http-outgoing-7 << "[0x1f][0xffffff8b][0x8][0x0][0x0][0x0][0x0][0x0][0x0][0x3][0xffffffb5]W]o[0xffffffda]0[0x14]}[0xffffffe7]W\QUj% [0x1b][0xffffffad][0xffffffa6]i[0x12][0xf]4c[0xffffffdd]4*[0x18][0xffffffb4][0xffffffdd]&[0xfffffff9][0xffffffc5]$N[0xffffffb0][0xffffff94][0xffffffd8][0xffffffc8]NJ[0xffffffb7]_?[0xffffffdb][0xfffffff9]X[0xffffff92]:[0xffffffa3]k[0xffffffe8][0x1b][0xffffffb6][0xffffffef]=[0xffffffe7][0xffffffd8][0xfffffff7][0xffffffe4][0xffffffda][0xffffff9c][0xffffff80][0xffffffcb][0xffffffe3][0x18]3_[0xffffff82][0xffffff8f][0x13][0xffffffbc][0xffffffc1][0xffffff92][0xfffffff4]N[0xffffffe0]vK%[0x4]4"[0xffffffe0]q[0xffffff96]`[0xffffffca]$$[=[0xffffffc8]C[0x13][0xe][0x1b][0x2][0xffffffe4][0xffffff91]xiB|[0xffffffa0][0xffffffcc],[0xffffffcb]-[0xffffff89]"=[0xffffffe0][0xffffffc2]'B[0x7][0xfffffff9]$!^b[0x16][0x1f][0xffffff88][0xffffff90][0xffffff94][0xffffffab][0xffffffb5][0x0][0xffffff88][0xfffffffa][0x1d][\n]"
23:54:27.627 [main] DEBUG org.apache.hc.client5.http.wire - http-outgoing-7 << "B[0x18]l[0x4][0xffffffdf]K[0xffffffb5][0xffffffa0]([0xffffffcf][0xffffffdc][0xffffffad][0xffffffe0]1[0x19][0xffffffc0]'*H[0xffffffc0][0x1f][0x7][0xffffffb0][0xffffffd8][0x11][0xffffff81][0x7]0[0xfffffff3]C5kVi[0x1a][0xffffff9f]k|[0xffffff9f][0x6][0x1][0x11][0xffffff84]%[0xffffffc0]uLBY[0x8][0xfffffff2][0xffffff97]LH,[0xffffffe1][0xffffffec];e[0xffffffbe]B[0x1d][0xffffffc0][0xffffff9c][0xffffffb2]T[0xffffffc1][0xffffffdc]`[0xf][0x16][0xffffffeb][0xfffffff3][0xffffff9e][0xffffffe2][0xffffffc8](z[0xfffffff9]6F[0xffffff9e][0x19][0xffffff8e][0xfffffff6]Y[0xffffffc2][0xffffffe8][0xffffffcd][0xffffffdb][0xffffff89][0x17][0xfffffffb]#[0xffffffb5]+p\[0xffffffd8][0xffffffc7][0xffffffd4]3Gb[0xffffff8e]a[0xffffffbf]U|[0xffffffc0]pL&[0xfffffffd][0xffffffd3][0xffffffe5]jq[0xffffffbd][0xffffff9a][0xffffffde]|[0xfffffffa]2[0xffffff9f][0xffffffad]?[0xffffffa0][0x9]B[0xffffffa7][0x8]]s[0x1e]F[0x4][0xffffffa1][0xffffff8c][0x2][0xffffffa1][0xffffffe9]n[0x17]QOI[0xffffffe3][0xc][0xffffffa1][0xffffff9c]H![0xfffffff7]!$[0x9][0xffffffdc][0xffffffe7]g[0xffffffe1]<[0xffffffe0](m[0xffffffd7]3~[0xffffff81][0xffffff9e][0xffffffb3][0x1f][0xffffffef][0xffffffdf][0xffffff9d][0xffffffbf][0xffffffa6][0xffffffa8][0xffffff8b]g[0xffffff8a][0xffffff9a]/[0xffffffdc][0xffffffe9]|[0xffffffba]\~[0xffffff9c][0xffffffde]N_S[0xffffffcf][0xffffffe5]d5[0xffffffbb][0xffffff86]ow[0xffffffb3][0xffffffd5]O[0xfffffff8][0xfffffffc][0xffffffd5][0xffffffbd]Ck[0x1e]${,H[0xffffffc1][0xffffff96][0xffffff93]][0xffffffcd][0xffffffaf][0x8][0xfffffff6][0xc]^[0xffffffe1][0xffffffc5]^[0x13]4[0xffffffd2][0xffffff8e][0xffffffd1]>pR)[0xffffff9c][\r]eNh0[0xffffff86][0xffffffd9]:[0xc][0xffffff87]E[0xffffffa6]=q<i[0xffffff8b]o&[0xffffffc4][0xffffffd8]3<[0xffffff95][0x13][0xffffff90]N&8w[0xffffffe9][0x8][0xffffffef]v[0xffffff8e][0xffffffab][0xffffffbe]>es[0xffffffe9]([0x13]/[0xffffffd6][0xfffffff5][0xffffff80]*[0xffffffba][0xfffffff2]v[0xfffffffe][0xffffffd9][0xffffff94]DA6>[0xffffff8e][0xffffffbb]o[0xfffffff8]o[0x1a]E[0xffffffb8] A[0xffffffa8]@?T[0xffffffad]'*:{[0xfffffffa]xR.*[0xffffffce][0xffffffe9][0xffffffd7][0xffffffad][0xffffff93][0xffffff93]4[0xffffffc9][0xfffffffa][0xffffffda]<n*t[0xffffffeb][0xffffffb9]oV[0xffffffb6][0xffffffc0]/M[0xffffff94]O[0xffffffc0][0xfffffff0][0xffffffe1]i[0xffffff90][0xffffffb5][0xfffffffe]9[0xffffff8b][0xffffffad][0xfffffff2]U,Ul[0xffffffdd][0x13]KL[0xffffffa2][0x6][0xffffffdd][0xffffffca]\?`[0xffffffea][0x9].[0xffffffd5]I [0xffffffa4]i[0x1a]_i,[\r][0xffffffdd][0xffffffa1][0xffffffc3][0xffffffae]kzI[0xffffffd1]_Q[0xffffffce]Ek[0xffffffcb][0xfffffff8]Kf[0xffffffb8][0xfffffffe][0xffffffd9]3[0xc][0xffffffe6][0xffffffd3][0xffffff8e][0x11][0x17][0x10]C[0x1d]`i[0x19][0xffffffd5][0xffffffbc][0xfffffff1][0xffffffa4]5[0xffffffbc][0x1e]o[0xfffffff5]K[0xffffffa9][0xffffffd6][0xfffffff8][0xffffffc1]f[0xffffff9b]z[0x4][0xffffffd4][0x1a][0xffffff86][0xffffffb9]^K[0x16]s[0xffffff91][0xfffffffe][0xffffffbf][0xffffff8b]l]~)x(p,[0x11]2[0x14][0x8]E8e[0xffffff9e][0xffffffca]:X[0xffffffa6][0xffffff86][0xffffff88].[0xffffffb6]9[0xffffff9a][0xffffff88].[0xfffffff7]]G[0xffffffea][0xffffffcb][0xe][0xfffffffb][0x7f].u[0xffffff83][0xffffffbb][0xfffffff4][0xffffffb3][0x19][0xffffffda][0xffffffec][0xffffff98][0xffffffc5]Y[0xfffffffd]h8m6\4[0xffffffc1][0xffffff8a][0xffffffb7][0xffffff98]z[0xffffffd0][0xffffffd5]oF5q[0x1c][0x13][0x16][0xfffffff0][0x1d][0x1e][0x19]5-[0xffffff9d][0xffffffef][0xffffffad]c[0xb]z[0xffffffae]/m[0xffffffe6]8[0xffffffb6][0xffffff96][0xfffffff6]7X[0xffffffc9]t[0xfffffff8][0xfffffff9][0xffffffa5][0x11]K[0xfffffffb][0x15]3[0xffffffc3][0xfffffffc][0x1f]B[0xffffffdb][0xffffffd3][0xffffffab][0xffffff92]4.[0xffffff93]Z[0xffffffdf]]:[0xffffffda][0xffffffea][0xffffffdc]B[0xffffffa6][0xffffffcd][0xffffffbc][0xffffffae][0x5][0xfffffff5][0x4][0xffffffd6]8[0xffffffc0][0xffffff82][0xffffff96][0xfffffff0][0xffffffd2][0xc][0xffffffed][0xffffffe0]Y[0xffffffa8][\r]:[[0xffffffa9][0x0][0xffffffff][0x1][0xfffffff8][0x15][0xffffffb4][0xffffffee][0xffffff8e][\r][0x0][0x0]"
23:54:27.627 [main] DEBUG org.apache.hc.client5.http.impl.classic.InternalHttpClient - ep-0000000009 releasing valid endpoint
23:54:27.627 [main] DEBUG org.apache.hc.client5.http.impl.io.PoolingHttpClientConnectionManager - ep-0000000009 releasing endpoint
23:54:27.627 [main] DEBUG org.apache.hc.client5.http.impl.io.PoolingHttpClientConnectionManager - ep-0000000009 connection http-outgoing-7 can be kept alive for 3 MINUTES
23:54:27.627 [main] DEBUG org.apache.hc.client5.http.impl.io.PoolingHttpClientConnectionManager - ep-0000000009 connection released [route: {s}->https://raw.githubusercontent.com:443][total available: 1; route allocated: 1 of 5; total allocated: 1 of 25]
23:54:27.627 [main] DEBUG io.github.bonigarcia.wdm.versions.VersionDetector - Detecting chrome version using online commands.properties
23:54:27.627 [main] DEBUG io.github.bonigarcia.wdm.versions.Shell - Running command on the shell: [cmd.exe, /C, wmic, datafile, where, name="%PROGRAMFILES:\=\\%\\Google\\Chrome\\Application\\chrome.exe", get, Version, /value]
23:54:27.736 [main] DEBUG io.github.bonigarcia.wdm.versions.Shell - Result: 
23:54:27.736 [main] DEBUG io.github.bonigarcia.wdm.versions.Shell - Running command on the shell: [cmd.exe, /C, wmic, datafile, where, name="%PROGRAMFILES(X86):\=\\%\\Google\\Chrome\\Application\\chrome.exe", get, Version, /value]
23:54:27.839 [main] DEBUG io.github.bonigarcia.wdm.versions.Shell - Result: 
23:54:27.840 [main] DEBUG io.github.bonigarcia.wdm.versions.Shell - Running command on the shell: [cmd.exe, /C, wmic, datafile, where, name="%LOCALAPPDATA:\=\\%\\Google\\Chrome\\Application\\chrome.exe", get, Version, /value]
23:54:27.947 [main] DEBUG io.github.bonigarcia.wdm.versions.Shell - Result: 
23:54:27.947 [main] DEBUG io.github.bonigarcia.wdm.versions.Shell - Running command on the shell: [REG, QUERY, HKCU\Software\Google\Chrome\BLBeacon, /v, version]
23:54:27.975 [main] DEBUG io.github.bonigarcia.wdm.versions.Shell - Result: 
23:54:27.975 [main] DEBUG io.github.bonigarcia.wdm.versions.VersionDetector - Browser version for chrome not detected using online properties (using local commands.properties)
23:54:27.976 [main] DEBUG io.github.bonigarcia.wdm.versions.Shell - Running command on the shell: [cmd.exe, /C, wmic, datafile, where, name="%PROGRAMFILES:\=\\%\\Google\\Chrome\\Application\\chrome.exe", get, Version, /value]
23:54:28.085 [main] DEBUG io.github.bonigarcia.wdm.versions.Shell - Result: 
23:54:28.088 [main] DEBUG io.github.bonigarcia.wdm.versions.Shell - Running command on the shell: [cmd.exe, /C, wmic, datafile, where, name="%PROGRAMFILES(X86):\=\\%\\Google\\Chrome\\Application\\chrome.exe", get, Version, /value]
23:54:28.253 [main] DEBUG io.github.bonigarcia.wdm.versions.Shell - Result: 
23:54:28.258 [main] DEBUG io.github.bonigarcia.wdm.versions.Shell - Running command on the shell: [cmd.exe, /C, wmic, datafile, where, name="%LOCALAPPDATA:\=\\%\\Google\\Chrome\\Application\\chrome.exe", get, Version, /value]
23:54:28.424 [main] DEBUG io.github.bonigarcia.wdm.versions.Shell - Result: 
23:54:28.424 [main] DEBUG io.github.bonigarcia.wdm.versions.Shell - Running command on the shell: [REG, QUERY, HKCU\Software\Google\Chrome\BLBeacon, /v, version]
23:54:28.463 [main] DEBUG io.github.bonigarcia.wdm.versions.Shell - Result: 
23:54:28.463 [main] DEBUG io.github.bonigarcia.wdm.WebDriverManager - The driver version for CHROME is unknown ... trying with latest
23:54:28.470 [main] DEBUG org.apache.hc.client5.http.impl.classic.InternalHttpClient - ex-0000000010 preparing request execution
23:54:28.472 [main] DEBUG org.apache.hc.client5.http.impl.classic.ProtocolExec - ex-0000000010 target auth state: UNCHALLENGED
23:54:28.472 [main] DEBUG org.apache.hc.client5.http.impl.classic.ProtocolExec - ex-0000000010 proxy auth state: UNCHALLENGED
23:54:28.472 [main] DEBUG org.apache.hc.client5.http.impl.classic.ConnectExec - ex-0000000010 acquiring connection with route {s}->https://googlechromelabs.github.io:443
23:54:28.472 [main] DEBUG org.apache.hc.client5.http.impl.classic.InternalHttpClient - ex-0000000010 acquiring endpoint (3 MINUTES)
23:54:28.472 [main] DEBUG org.apache.hc.client5.http.impl.io.PoolingHttpClientConnectionManager - ex-0000000010 endpoint lease request (3 MINUTES) [route: {s}->https://googlechromelabs.github.io:443][total available: 1; route allocated: 0 of 5; total allocated: 1 of 25]
23:54:28.472 [main] DEBUG org.apache.hc.client5.http.impl.io.PoolingHttpClientConnectionManager - ex-0000000010 endpoint leased [route: {s}->https://googlechromelabs.github.io:443][total available: 1; route allocated: 1 of 5; total allocated: 2 of 25]
23:54:28.472 [main] DEBUG org.apache.hc.client5.http.impl.io.PoolingHttpClientConnectionManager - ex-0000000010 acquired ep-0000000010
23:54:28.472 [main] DEBUG org.apache.hc.client5.http.impl.classic.InternalHttpClient - ex-0000000010 acquired endpoint ep-0000000010
23:54:28.472 [main] DEBUG org.apache.hc.client5.http.impl.classic.ConnectExec - ex-0000000010 opening connection {s}->https://googlechromelabs.github.io:443
23:54:28.472 [main] DEBUG org.apache.hc.client5.http.impl.classic.InternalHttpClient - ep-0000000010 connecting endpoint (null)
23:54:28.472 [main] DEBUG org.apache.hc.client5.http.impl.io.PoolingHttpClientConnectionManager - ep-0000000010 connecting endpoint to https://googlechromelabs.github.io:443 (30 SECONDS)
23:54:28.472 [main] DEBUG org.apache.hc.client5.http.impl.io.DefaultHttpClientConnectionOperator - googlechromelabs.github.io resolving remote address
23:54:28.472 [main] DEBUG org.apache.hc.client5.http.impl.io.DefaultHttpClientConnectionOperator - googlechromelabs.github.io resolved to [googlechromelabs.github.io/185.199.108.153, googlechromelabs.github.io/185.199.110.153, googlechromelabs.github.io/185.199.111.153, googlechromelabs.github.io/185.199.109.153]
23:54:28.472 [main] DEBUG org.apache.hc.client5.http.impl.io.DefaultHttpClientConnectionOperator - googlechromelabs.github.io:443 connecting null->googlechromelabs.github.io/185.199.108.153:443 (30 SECONDS)
23:54:28.473 [main] DEBUG org.apache.hc.client5.http.ssl.SSLConnectionSocketFactory - Connecting socket to googlechromelabs.github.io/185.199.108.153:443 with timeout 30 SECONDS
23:54:28.482 [main] DEBUG org.apache.hc.client5.http.ssl.SSLConnectionSocketFactory - Enabled protocols: [TLSv1.3, TLSv1.2]
23:54:28.482 [main] DEBUG org.apache.hc.client5.http.ssl.SSLConnectionSocketFactory - Enabled cipher suites: [TLS_AES_256_GCM_SHA384, TLS_AES_128_GCM_SHA256, TLS_CHACHA20_POLY1305_SHA256, TLS_ECDHE_ECDSA_WITH_AES_256_GCM_SHA384, TLS_ECDHE_ECDSA_WITH_AES_128_GCM_SHA256, TLS_ECDHE_ECDSA_WITH_CHACHA20_POLY1305_SHA256, TLS_ECDHE_RSA_WITH_AES_256_GCM_SHA384, TLS_ECDHE_RSA_WITH_CHACHA20_POLY1305_SHA256, TLS_ECDHE_RSA_WITH_AES_128_GCM_SHA256, TLS_DHE_RSA_WITH_AES_256_GCM_SHA384, TLS_DHE_RSA_WITH_CHACHA20_POLY1305_SHA256, TLS_DHE_DSS_WITH_AES_256_GCM_SHA384, TLS_DHE_RSA_WITH_AES_128_GCM_SHA256, TLS_DHE_DSS_WITH_AES_128_GCM_SHA256, TLS_ECDHE_ECDSA_WITH_AES_256_CBC_SHA384, TLS_ECDHE_RSA_WITH_AES_256_CBC_SHA384, TLS_ECDHE_ECDSA_WITH_AES_128_CBC_SHA256, TLS_ECDHE_RSA_WITH_AES_128_CBC_SHA256, TLS_DHE_RSA_WITH_AES_256_CBC_SHA256, TLS_DHE_DSS_WITH_AES_256_CBC_SHA256, TLS_DHE_RSA_WITH_AES_128_CBC_SHA256, TLS_DHE_DSS_WITH_AES_128_CBC_SHA256, TLS_ECDHE_ECDSA_WITH_AES_256_CBC_SHA, TLS_ECDHE_RSA_WITH_AES_256_CBC_SHA, TLS_ECDHE_ECDSA_WITH_AES_128_CBC_SHA, TLS_ECDHE_RSA_WITH_AES_128_CBC_SHA, TLS_DHE_RSA_WITH_AES_256_CBC_SHA, TLS_DHE_DSS_WITH_AES_256_CBC_SHA, TLS_DHE_RSA_WITH_AES_128_CBC_SHA, TLS_DHE_DSS_WITH_AES_128_CBC_SHA, TLS_RSA_WITH_AES_256_GCM_SHA384, TLS_RSA_WITH_AES_128_GCM_SHA256, TLS_RSA_WITH_AES_256_CBC_SHA256, TLS_RSA_WITH_AES_128_CBC_SHA256, TLS_RSA_WITH_AES_256_CBC_SHA, TLS_RSA_WITH_AES_128_CBC_SHA, TLS_EMPTY_RENEGOTIATION_INFO_SCSV]
23:54:28.482 [main] DEBUG org.apache.hc.client5.http.ssl.SSLConnectionSocketFactory - Starting handshake (null)
23:54:28.503 [main] DEBUG org.apache.hc.client5.http.ssl.SSLConnectionSocketFactory - Secure session established
23:54:28.503 [main] DEBUG org.apache.hc.client5.http.ssl.SSLConnectionSocketFactory -  negotiated protocol: TLSv1.3
23:54:28.503 [main] DEBUG org.apache.hc.client5.http.ssl.SSLConnectionSocketFactory -  negotiated cipher suite: TLS_AES_128_GCM_SHA256
23:54:28.503 [main] DEBUG org.apache.hc.client5.http.ssl.SSLConnectionSocketFactory -  peer principal: CN=*.github.io, O="GitHub, Inc.", L=San Francisco, ST=California, C=US
23:54:28.503 [main] DEBUG org.apache.hc.client5.http.ssl.SSLConnectionSocketFactory -  peer alternative names: [*.github.io, github.io, githubusercontent.com, www.github.com, *.github.com, *.githubusercontent.com, github.com]
23:54:28.503 [main] DEBUG org.apache.hc.client5.http.ssl.SSLConnectionSocketFactory -  issuer principal: CN=DigiCert Global G2 TLS RSA SHA256 2020 CA1, O=DigiCert Inc, C=US
23:54:28.503 [main] DEBUG org.apache.hc.client5.http.impl.io.DefaultManagedHttpClientConnection - http-outgoing-8 set socket timeout to 3 MINUTES
23:54:28.503 [main] DEBUG org.apache.hc.client5.http.impl.io.DefaultHttpClientConnectionOperator - googlechromelabs.github.io:443 connected null->googlechromelabs.github.io/185.199.108.153:443 as http-outgoing-8
23:54:28.503 [main] DEBUG org.apache.hc.client5.http.impl.io.PoolingHttpClientConnectionManager - ep-0000000010 connected http-outgoing-8
23:54:28.503 [main] DEBUG org.apache.hc.client5.http.impl.classic.InternalHttpClient - ep-0000000010 endpoint connected
23:54:28.503 [main] DEBUG org.apache.hc.client5.http.impl.classic.MainClientExec - ex-0000000010 executing GET /chrome-for-testing/last-known-good-versions-with-downloads.json HTTP/1.1
23:54:28.503 [main] DEBUG org.apache.hc.client5.http.protocol.RequestAddCookies - ex-0000000010 Cookie spec selected: strict
23:54:28.503 [main] DEBUG org.apache.hc.client5.http.impl.classic.InternalHttpClient - ep-0000000010 start execution ex-0000000010
23:54:28.503 [main] DEBUG org.apache.hc.client5.http.impl.io.PoolingHttpClientConnectionManager - ep-0000000010 executing exchange ex-0000000010 over http-outgoing-8
23:54:28.503 [main] DEBUG org.apache.hc.client5.http.headers - http-outgoing-8 >> GET /chrome-for-testing/last-known-good-versions-with-downloads.json HTTP/1.1
23:54:28.503 [main] DEBUG org.apache.hc.client5.http.headers - http-outgoing-8 >> user-agent: Apache-HttpClient/5.0
23:54:28.503 [main] DEBUG org.apache.hc.client5.http.headers - http-outgoing-8 >> accept-encoding: gzip, deflate, br
23:54:28.503 [main] DEBUG org.apache.hc.client5.http.headers - http-outgoing-8 >> cache-control: max-age=0
23:54:28.503 [main] DEBUG org.apache.hc.client5.http.headers - http-outgoing-8 >> connection: keep-alive
23:54:28.503 [main] DEBUG org.apache.hc.client5.http.headers - http-outgoing-8 >> Host: googlechromelabs.github.io
23:54:28.503 [main] DEBUG org.apache.hc.client5.http.wire - http-outgoing-8 >> "GET /chrome-for-testing/last-known-good-versions-with-downloads.json HTTP/1.1[\r][\n]"
23:54:28.503 [main] DEBUG org.apache.hc.client5.http.wire - http-outgoing-8 >> "user-agent: Apache-HttpClient/5.0[\r][\n]"
23:54:28.503 [main] DEBUG org.apache.hc.client5.http.wire - http-outgoing-8 >> "accept-encoding: gzip, deflate, br[\r][\n]"
23:54:28.503 [main] DEBUG org.apache.hc.client5.http.wire - http-outgoing-8 >> "cache-control: max-age=0[\r][\n]"
23:54:28.503 [main] DEBUG org.apache.hc.client5.http.wire - http-outgoing-8 >> "connection: keep-alive[\r][\n]"
23:54:28.503 [main] DEBUG org.apache.hc.client5.http.wire - http-outgoing-8 >> "Host: googlechromelabs.github.io[\r][\n]"
23:54:28.503 [main] DEBUG org.apache.hc.client5.http.wire - http-outgoing-8 >> "[\r][\n]"
23:54:28.510 [main] DEBUG org.apache.hc.client5.http.wire - http-outgoing-8 << "HTTP/1.1 200 OK[\r][\n]"
23:54:28.510 [main] DEBUG org.apache.hc.client5.http.wire - http-outgoing-8 << "Connection: keep-alive[\r][\n]"
23:54:28.510 [main] DEBUG org.apache.hc.client5.http.wire - http-outgoing-8 << "Content-Length: 648[\r][\n]"
23:54:28.510 [main] DEBUG org.apache.hc.client5.http.wire - http-outgoing-8 << "Server: GitHub.com[\r][\n]"
23:54:28.510 [main] DEBUG org.apache.hc.client5.http.wire - http-outgoing-8 << "Content-Type: application/json; charset=utf-8[\r][\n]"
23:54:28.510 [main] DEBUG org.apache.hc.client5.http.wire - http-outgoing-8 << "permissions-policy: interest-cohort=()[\r][\n]"
23:54:28.510 [main] DEBUG org.apache.hc.client5.http.wire - http-outgoing-8 << "x-origin-cache: HIT[\r][\n]"
23:54:28.510 [main] DEBUG org.apache.hc.client5.http.wire - http-outgoing-8 << "Last-Modified: Wed, 18 Dec 2024 22:10:21 GMT[\r][\n]"
23:54:28.510 [main] DEBUG org.apache.hc.client5.http.wire - http-outgoing-8 << "Access-Control-Allow-Origin: *[\r][\n]"
23:54:28.510 [main] DEBUG org.apache.hc.client5.http.wire - http-outgoing-8 << "Strict-Transport-Security: max-age=31556952[\r][\n]"
23:54:28.510 [main] DEBUG org.apache.hc.client5.http.wire - http-outgoing-8 << "ETag: W/"6763484d-21f8"[\r][\n]"
23:54:28.510 [main] DEBUG org.apache.hc.client5.http.wire - http-outgoing-8 << "expires: Wed, 18 Dec 2024 22:20:24 GMT[\r][\n]"
23:54:28.510 [main] DEBUG org.apache.hc.client5.http.wire - http-outgoing-8 << "Cache-Control: max-age=600[\r][\n]"
23:54:28.510 [main] DEBUG org.apache.hc.client5.http.wire - http-outgoing-8 << "Content-Encoding: gzip[\r][\n]"
23:54:28.510 [main] DEBUG org.apache.hc.client5.http.wire - http-outgoing-8 << "x-proxy-cache: HIT[\r][\n]"
23:54:28.510 [main] DEBUG org.apache.hc.client5.http.wire - http-outgoing-8 << "X-GitHub-Request-Id: 3E16:97749:307462:30FE10:67634903[\r][\n]"
23:54:28.510 [main] DEBUG org.apache.hc.client5.http.wire - http-outgoing-8 << "Accept-Ranges: bytes[\r][\n]"
23:54:28.510 [main] DEBUG org.apache.hc.client5.http.wire - http-outgoing-8 << "Date: Wed, 18 Dec 2024 22:54:28 GMT[\r][\n]"
23:54:28.510 [main] DEBUG org.apache.hc.client5.http.wire - http-outgoing-8 << "Via: 1.1 varnish[\r][\n]"
23:54:28.510 [main] DEBUG org.apache.hc.client5.http.wire - http-outgoing-8 << "Age: 408[\r][\n]"
23:54:28.510 [main] DEBUG org.apache.hc.client5.http.wire - http-outgoing-8 << "X-Served-By: cache-mad2200143-MAD[\r][\n]"
23:54:28.510 [main] DEBUG org.apache.hc.client5.http.wire - http-outgoing-8 << "X-Cache: HIT[\r][\n]"
23:54:28.510 [main] DEBUG org.apache.hc.client5.http.wire - http-outgoing-8 << "X-Cache-Hits: 1[\r][\n]"
23:54:28.510 [main] DEBUG org.apache.hc.client5.http.wire - http-outgoing-8 << "X-Timer: S1734562469.760380,VS0,VE1[\r][\n]"
23:54:28.510 [main] DEBUG org.apache.hc.client5.http.wire - http-outgoing-8 << "Vary: Accept-Encoding[\r][\n]"
23:54:28.510 [main] DEBUG org.apache.hc.client5.http.wire - http-outgoing-8 << "X-Fastly-Request-ID: d8e86551c966ba255f0e723b50eb4594fba2ef9d[\r][\n]"
23:54:28.510 [main] DEBUG org.apache.hc.client5.http.wire - http-outgoing-8 << "[\r][\n]"
23:54:28.511 [main] DEBUG org.apache.hc.client5.http.headers - http-outgoing-8 << HTTP/1.1 200 OK
23:54:28.511 [main] DEBUG org.apache.hc.client5.http.headers - http-outgoing-8 << Connection: keep-alive
23:54:28.511 [main] DEBUG org.apache.hc.client5.http.headers - http-outgoing-8 << Content-Length: 648
23:54:28.511 [main] DEBUG org.apache.hc.client5.http.headers - http-outgoing-8 << Server: GitHub.com
23:54:28.511 [main] DEBUG org.apache.hc.client5.http.headers - http-outgoing-8 << Content-Type: application/json; charset=utf-8
23:54:28.511 [main] DEBUG org.apache.hc.client5.http.headers - http-outgoing-8 << permissions-policy: interest-cohort=()
23:54:28.511 [main] DEBUG org.apache.hc.client5.http.headers - http-outgoing-8 << x-origin-cache: HIT
23:54:28.511 [main] DEBUG org.apache.hc.client5.http.headers - http-outgoing-8 << Last-Modified: Wed, 18 Dec 2024 22:10:21 GMT
23:54:28.511 [main] DEBUG org.apache.hc.client5.http.headers - http-outgoing-8 << Access-Control-Allow-Origin: *
23:54:28.511 [main] DEBUG org.apache.hc.client5.http.headers - http-outgoing-8 << Strict-Transport-Security: max-age=31556952
23:54:28.511 [main] DEBUG org.apache.hc.client5.http.headers - http-outgoing-8 << ETag: W/"6763484d-21f8"
23:54:28.511 [main] DEBUG org.apache.hc.client5.http.headers - http-outgoing-8 << expires: Wed, 18 Dec 2024 22:20:24 GMT
23:54:28.511 [main] DEBUG org.apache.hc.client5.http.headers - http-outgoing-8 << Cache-Control: max-age=600
23:54:28.511 [main] DEBUG org.apache.hc.client5.http.headers - http-outgoing-8 << Content-Encoding: gzip
23:54:28.511 [main] DEBUG org.apache.hc.client5.http.headers - http-outgoing-8 << x-proxy-cache: HIT
23:54:28.511 [main] DEBUG org.apache.hc.client5.http.headers - http-outgoing-8 << X-GitHub-Request-Id: 3E16:97749:307462:30FE10:67634903
23:54:28.511 [main] DEBUG org.apache.hc.client5.http.headers - http-outgoing-8 << Accept-Ranges: bytes
23:54:28.511 [main] DEBUG org.apache.hc.client5.http.headers - http-outgoing-8 << Date: Wed, 18 Dec 2024 22:54:28 GMT
23:54:28.511 [main] DEBUG org.apache.hc.client5.http.headers - http-outgoing-8 << Via: 1.1 varnish
23:54:28.511 [main] DEBUG org.apache.hc.client5.http.headers - http-outgoing-8 << Age: 408
23:54:28.511 [main] DEBUG org.apache.hc.client5.http.headers - http-outgoing-8 << X-Served-By: cache-mad2200143-MAD
23:54:28.511 [main] DEBUG org.apache.hc.client5.http.headers - http-outgoing-8 << X-Cache: HIT
23:54:28.511 [main] DEBUG org.apache.hc.client5.http.headers - http-outgoing-8 << X-Cache-Hits: 1
23:54:28.511 [main] DEBUG org.apache.hc.client5.http.headers - http-outgoing-8 << X-Timer: S1734562469.760380,VS0,VE1
23:54:28.511 [main] DEBUG org.apache.hc.client5.http.headers - http-outgoing-8 << Vary: Accept-Encoding
23:54:28.511 [main] DEBUG org.apache.hc.client5.http.headers - http-outgoing-8 << X-Fastly-Request-ID: d8e86551c966ba255f0e723b50eb4594fba2ef9d
23:54:28.511 [main] DEBUG org.apache.hc.client5.http.impl.classic.MainClientExec - ex-0000000010 connection can be kept alive for 3 MINUTES
23:54:28.512 [main] DEBUG org.apache.hc.client5.http.wire - http-outgoing-8 << "[0x1f][0xffffff8b][0x8][0x0][0x0][0x0][0x0][0x0][0x0][0x3][0xffffffcd][0xffffff96][0xffffffc9][0xffffff92][0xffffff9b]0[0x10][0xffffff86][0xffffffef]y[0xc][0xffffff9d]Y[0x5]f;&[0xfffffff3][0x6][0xffffff93]SR9hl[0xffffffc5][0xffffffa6]J,[0xffffff85][0xffffffb0]'[0xffffff89][0xffffff8b]w[0xffffff8f]X[0xffffff8c][0x1]K[0xffffffcc]e[0xffffffac][0xffffffe6][0x6][\r][0xffffffea][0xfffffffe][0xffffffa1][0xffffffbe][0xffffffea][0xfffffffa][0xffffffae][0xffffffa8]N3[0xffffffca]k[0xffffff92][0xffffff95](A[0xffffffd8][0xffffffc1][0xffffffbe][0xffffffe9]b[0xffffffd3][0xffffff8d][0xffffffbe]c[0xffffff9c]8q[0xffffffe2][0xffffffb9]V[0x18][0xffffffe1][0x1f][0xffffffc8]@[0xfffffffb][0x13][0xffffffc9]s[0xffffffca]8J[0xffffffae][0xffffffe8][0xffffffb5]&o[0xffffff8c][0xffffffb6]WCU[0x1c][0x1d]j[0x6][0xffffffba][0xffffffd0][0xffffff8a][0xffffffa7]E.J[0xffffffae]8[0xffffffed]XA[0x18]F[0x16]v|[0xfffffff1][0xffffffa8][0xffffffa2][0xffffff97]t|[0x16]D;[0x1c][0xffffff8b][0xffffffe2][0xffffffa1]x[0xffffffcf]YA[0xe][0xffffffbc][0xffffffef]W[0x15][0xffffff99][0xffffffe8][0xfffffffc][0xfffffff3][0xffffff8a]JF[0xffffffea][0xffffffdf]E[0xffffff95][0xffffff89][0xffffff97]Y[0xffffff9a][0xffffff9f][0xffffffff][0x4]m[0xffffff87]s[0xffffffd5][0xffffffce]:[0xffffffd5]u[0xffffffc9][0x13][0xffffffdb][0xffffffe6]uQ[0xffffff91]#[0xffffffb5][0xffffff8e]Eqd[0xffffff94][0xffffff94])[0xffffffb7][0xfffffff6]Ef[0xfffffff7]MLq[0xffffffd8][0xffffffac][0xffffffc5][0xffffffa7][0xffffffa5][0xfffffff9][0xffffffd1],[0xffffffcf]o,[0xffffffdd][0xffffffdb][0xfffffff3]D[0xfffffff6][0xffffffd0][0xfffffff7]v`[0xffffffb8][0xffffffb5][0xfffffffe][0xffffffa5]%j[0xffffff8c]Y[0xffffff82][0xffffff8c][0xffffffec]MReO[0xffffffc8]0v[0xffffffbe][0x1d][0x19][0xb][0xffffffaa][0x1c][0xffffffcf][0xfffffff8][0x13]C[0xffffffdf]i[0x6][0xffffffc5][0xffffff9f]xOs[0xf][0x7f][0xfffffffa][0xfffffffc][0xffffffae][0xffffffeb][0xffffffed][0xfffffff5][0xffffffee]F1[0xfffffffb][0x9][0xffffffdf][0xffffffde]u[0xffffff9d][0xffffffcc][0xffffffbe]}[0xfffffff7]/c[0xffffffc0][0xfffffff1]P[0xffffffa5][0x2]j[0x18]([0xfffffffb][0xffffffd9][0xffffffdb]@s[0xffffffc8][0xffffffb2][0x1]@'I[0xffffffc0]0[0x1d]2[0x0][0xffffffc2]zO[0xfffffff0][0xffffff80][0xffffffac]y[0xffffffa2][0xffffffe4][0xffffffc0]([0xffffffe7]&?Q[0xffffffc6]`[0xffffffd8]][0xffffff84][0xffffffd8][0x6][0xffffffc4][0xffffffcb]P[0x1b][0xffffffa0]Y[0x16][0x9][0xc][0xffffffeb]e[0x18]@[0xffffffbe]%QF[0xffffffd0][0xffffff9b][0xffffffc6]@_iM[0xffffffe6][0x12][0xffffffd2]U[0xffffffe6][\n]"
23:54:28.512 [main] DEBUG org.apache.hc.client5.http.wire - http-outgoing-8 << "[0xffffff82][0xffffffdb][0xffffffee][0xffffff91][0xffffffe7][~[0xffffffb0]4[0xffffff90][0xffffffc8][0xffffffdd][0x5][0xffffffae]v[0x3][0xffffff99][0x4][0xffffff82][0x12][0xffffff90]i[0x4]0[0xffffffff]X[0xffffff86][0xffffffd0][0xffffffac][0x1f][0xffffffd3][0xfffffff1][0xffffff9a][0xffffffed]c1[0x1a]X>[0xffffffd4]<jv[0xffffff8f]5*5[0xffffffab][0xffffff87][0xffffff9a]M[0xffffff8d][0xffffffe6][0xffffffa1]"T[0xffffff9b]x[0xffffffa8]8[0xffffffdd][0xffffff84]w[0xffffffac][0xffffffac]Q [0xffffffed]X[0xffffffdd][0xffffffaa]@[0xffffffd6][0xffffffb1][0xffffffb2]d[0x1][0xffffffa4]C[0xffffffb9]s[0xffffffb5];[0xffffff87]r[0x5][0x7f][0xffffffa0][0x1c]/[0xfffffff4]27[0xffffff8e][0xffffffb6]0[0x17][0xe][0xffffffaf]k[0x1d][0x9][0xffffff9d]Y[0xfffffffa]F[0xffffffec][0xffffffef][0xffffffbc]P[0xffffffbb]o[0xffffffdc][0xfffffff3]@[0xffffffe9][0xffffffc6]$[0x1][0xffffff98]m,2h[0xffffff96][0xffffff8d][0xffffffc9]t[0xffffffcd][0xffffffae]1[0xffffff9f][0xc][0xffffffac][0x1a]J[0x14]5[0xffffff9b][0xffffffc6][\n]"
23:54:28.512 [main] DEBUG org.apache.hc.client5.http.wire - http-outgoing-8 << "[0xffffff90][0xffffff9a]EC[0xffffff89][0xffffffa5]F[0xffffffcf]P[0xffffffc0][0xffffffa9]M3[0x14][0xffffff88]n[0xffffffc2]2[0xffffffd4][0xffffffcb][0x13]H2[0xffffffd6]v)[0xffffff90]c[0xffffffa8]W+[0xffffff80]b[0xffffffa8]6[0xffffffad]v[0xffffffc3]P-[0xffffffde][0xf][0x4][0xffffffe3][0x1b][0xffffffc9]I[0xfffffff5]w[0xffffffee][0x18]CM[0xffffffa2][0x19][0xffffffb1][0xffffffe3][[0xffffffce][0xffffff83]f[0xffffff84][0xffffffb1][0xffffff8b]a4[0xffffffa3][0xffffffcb][0x3][0xffffffaa][0x19]}[0x2]X[0xffffffcd][0xffffffb8]g[0xffffff80][0xffffffd0][0xffffff8c]~:[0xffffff84]f[0xffffff8c][0xffffff93][0xffffffb7][0xffffffa0][0x19]2[0x14]!4C[0xe]$[0xffffff84]f[0xffffffc8][0xffffffb0][0xffffffd4][0xffffffad][0x19][0xffffff8f]p[0xffffffea][0xffffffd5][0xffffff8c]GD[0xffffffb7][0xffffffa3][0x19][0xffffffd2][0xffffffe5][0x9][0xffffffa9][0x19][0xffffff8a]][\n]"
23:54:28.512 [main] DEBUG org.apache.hc.client5.http.wire - http-outgoing-8 << "[0xffffffa9][0x19][0xffffffd2][0xffffffd5][\n]"
23:54:28.512 [main] DEBUG org.apache.hc.client5.http.wire - http-outgoing-8 << "[0xffffffa5][0x19][0xffffff92]M[0xb][0xffffffa3][0x19][0xffffff92][0xffffffc5][0xffffffbb][0xffffffaa][0x19]M[0xfffffff3][0xffffffe5]?9[0xfffffff3][0x3][0xffffffa4][0xfffffff8]![0x0][0x0]"
23:54:28.512 [main] DEBUG org.apache.hc.client5.http.impl.classic.InternalHttpClient - ep-0000000010 releasing valid endpoint
23:54:28.512 [main] DEBUG org.apache.hc.client5.http.impl.io.PoolingHttpClientConnectionManager - ep-0000000010 releasing endpoint
23:54:28.512 [main] DEBUG org.apache.hc.client5.http.impl.io.PoolingHttpClientConnectionManager - ep-0000000010 connection http-outgoing-8 can be kept alive for 3 MINUTES
23:54:28.512 [main] DEBUG org.apache.hc.client5.http.impl.io.PoolingHttpClientConnectionManager - ep-0000000010 connection released [route: {s}->https://googlechromelabs.github.io:443][total available: 2; route allocated: 1 of 5; total allocated: 2 of 25]
23:54:28.516 [main] DEBUG io.github.bonigarcia.wdm.WebDriverManager - Driver chromedriver 131.0.6778.204 found in cache
23:54:28.517 [main] INFO io.github.bonigarcia.wdm.WebDriverManager - Exporting webdriver.chrome.driver as C:\Users\MisterSurface\.cache\selenium\chromedriver\win64\131.0.6778.204\chromedriver.exe
]]></system-out>
    <system-err><![CDATA[Starting ChromeDriver 131.0.6778.204 (52183f9e99a61056f9b78535f53d256f1516f2a0-refs/branch-heads/6778_155@{#7}) on port 27718
Only local connections are allowed.
Please see https://chromedriver.chromium.org/security-considerations for suggestions on keeping ChromeDriver safe.
ChromeDriver was started successfully on port 27718.
]]></system-err>
  </testcase>
  <testcase name="testTitles" classname="com.lauracercas.moviecards.endtoendtest.IndexE2ETest" time="0.02">
    <error message="session not created&#10;from unknown error: cannot find Chrome binary&#10;Build info: version: &apos;3.141.59&apos;, revision: &apos;e82be7d358&apos;, time: &apos;2018-11-14T08:17:03&apos;&#10;System info: host: &apos;DESKTOP-JI5NALH&apos;, ip: &apos;192.168.110.47&apos;, os.name: &apos;Windows 10&apos;, os.arch: &apos;amd64&apos;, os.version: &apos;10.0&apos;, java.version: &apos;23&apos;&#10;Driver info: driver.version: ChromeDriver&#10;remote stacktrace: 	GetHandleVerifier [0x00007FF6AE68FB05+28789]&#10;	(No symbol) [0x00007FF6AE5F86E0]&#10;	(No symbol) [0x00007FF6AE49592A]&#10;	(No symbol) [0x00007FF6AE4CDBC8]&#10;	(No symbol) [0x00007FF6AE4CBC59]&#10;	(No symbol) [0x00007FF6AE51A77C]&#10;	(No symbol) [0x00007FF6AE519D60]&#10;	(No symbol) [0x00007FF6AE50F1E3]&#10;	(No symbol) [0x00007FF6AE4DA938]&#10;	(No symbol) [0x00007FF6AE4DBAA1]&#10;	GetHandleVerifier [0x00007FF6AE9C933D+3410093]&#10;	GetHandleVerifier [0x00007FF6AE9DE7DD+3497293]&#10;	GetHandleVerifier [0x00007FF6AE9D2A73+3448803]&#10;	GetHandleVerifier [0x00007FF6AE757BBB+848171]&#10;	(No symbol) [0x00007FF6AE603C3F]&#10;	(No symbol) [0x00007FF6AE5FF6E4]&#10;	(No symbol) [0x00007FF6AE5FF87D]&#10;	(No symbol) [0x00007FF6AE5EED49]&#10;	BaseThreadInitThunk [0x00007FFF75EB7374+20]&#10;	RtlUserThreadStart [0x00007FFF7617CC91+33]&#10;" type="org.openqa.selenium.SessionNotCreatedException">org.openqa.selenium.SessionNotCreatedException: 
session not created
from unknown error: cannot find Chrome binary
Build info: version: '3.141.59', revision: 'e82be7d358', time: '2018-11-14T08:17:03'
System info: host: 'DESKTOP-JI5NALH', ip: '192.168.110.47', os.name: 'Windows 10', os.arch: 'amd64', os.version: '10.0', java.version: '23'
Driver info: driver.version: ChromeDriver
remote stacktrace: 	GetHandleVerifier [0x00007FF6AE68FB05+28789]
	(No symbol) [0x00007FF6AE5F86E0]
	(No symbol) [0x00007FF6AE49592A]
	(No symbol) [0x00007FF6AE4CDBC8]
	(No symbol) [0x00007FF6AE4CBC59]
	(No symbol) [0x00007FF6AE51A77C]
	(No symbol) [0x00007FF6AE519D60]
	(No symbol) [0x00007FF6AE50F1E3]
	(No symbol) [0x00007FF6AE4DA938]
	(No symbol) [0x00007FF6AE4DBAA1]
	GetHandleVerifier [0x00007FF6AE9C933D+3410093]
	GetHandleVerifier [0x00007FF6AE9DE7DD+3497293]
	GetHandleVerifier [0x00007FF6AE9D2A73+3448803]
	GetHandleVerifier [0x00007FF6AE757BBB+848171]
	(No symbol) [0x00007FF6AE603C3F]
	(No symbol) [0x00007FF6AE5FF6E4]
	(No symbol) [0x00007FF6AE5FF87D]
	(No symbol) [0x00007FF6AE5EED49]
	BaseThreadInitThunk [0x00007FFF75EB7374+20]
	RtlUserThreadStart [0x00007FFF7617CC91+33]

	at com.lauracercas.moviecards.endtoendtest.IndexE2ETest.setUp(IndexE2ETest.java:33)
</error>
    <system-out><![CDATA[23:54:28.635 [main] DEBUG io.github.bonigarcia.wdm.WebDriverManager - Using WebDriverManager 5.7.0
23:54:28.647 [main] DEBUG org.apache.hc.client5.http.impl.classic.InternalHttpClient - ex-0000000011 preparing request execution
23:54:28.647 [main] DEBUG org.apache.hc.client5.http.impl.classic.ProtocolExec - ex-0000000011 target auth state: UNCHALLENGED
23:54:28.647 [main] DEBUG org.apache.hc.client5.http.impl.classic.ProtocolExec - ex-0000000011 proxy auth state: UNCHALLENGED
23:54:28.647 [main] DEBUG org.apache.hc.client5.http.impl.classic.ConnectExec - ex-0000000011 acquiring connection with route {s}->https://raw.githubusercontent.com:443
23:54:28.647 [main] DEBUG org.apache.hc.client5.http.impl.classic.InternalHttpClient - ex-0000000011 acquiring endpoint (3 MINUTES)
23:54:28.647 [main] DEBUG org.apache.hc.client5.http.impl.io.PoolingHttpClientConnectionManager - ex-0000000011 endpoint lease request (3 MINUTES) [route: {s}->https://raw.githubusercontent.com:443][total available: 0; route allocated: 0 of 5; total allocated: 0 of 25]
23:54:28.647 [main] DEBUG org.apache.hc.client5.http.impl.io.PoolingHttpClientConnectionManager - ex-0000000011 endpoint leased [route: {s}->https://raw.githubusercontent.com:443][total available: 0; route allocated: 1 of 5; total allocated: 1 of 25]
23:54:28.647 [main] DEBUG org.apache.hc.client5.http.impl.io.PoolingHttpClientConnectionManager - ex-0000000011 acquired ep-0000000011
23:54:28.647 [main] DEBUG org.apache.hc.client5.http.impl.classic.InternalHttpClient - ex-0000000011 acquired endpoint ep-0000000011
23:54:28.647 [main] DEBUG org.apache.hc.client5.http.impl.classic.ConnectExec - ex-0000000011 opening connection {s}->https://raw.githubusercontent.com:443
23:54:28.647 [main] DEBUG org.apache.hc.client5.http.impl.classic.InternalHttpClient - ep-0000000011 connecting endpoint (null)
23:54:28.647 [main] DEBUG org.apache.hc.client5.http.impl.io.PoolingHttpClientConnectionManager - ep-0000000011 connecting endpoint to https://raw.githubusercontent.com:443 (30 SECONDS)
23:54:28.647 [main] DEBUG org.apache.hc.client5.http.impl.io.DefaultHttpClientConnectionOperator - raw.githubusercontent.com resolving remote address
23:54:28.647 [main] DEBUG org.apache.hc.client5.http.impl.io.DefaultHttpClientConnectionOperator - raw.githubusercontent.com resolved to [raw.githubusercontent.com/185.199.109.133, raw.githubusercontent.com/185.199.108.133, raw.githubusercontent.com/185.199.111.133, raw.githubusercontent.com/185.199.110.133]
23:54:28.647 [main] DEBUG org.apache.hc.client5.http.impl.io.DefaultHttpClientConnectionOperator - raw.githubusercontent.com:443 connecting null->raw.githubusercontent.com/185.199.109.133:443 (30 SECONDS)
23:54:28.647 [main] DEBUG org.apache.hc.client5.http.ssl.SSLConnectionSocketFactory - Connecting socket to raw.githubusercontent.com/185.199.109.133:443 with timeout 30 SECONDS
23:54:28.662 [main] DEBUG org.apache.hc.client5.http.ssl.SSLConnectionSocketFactory - Enabled protocols: [TLSv1.3, TLSv1.2]
23:54:28.662 [main] DEBUG org.apache.hc.client5.http.ssl.SSLConnectionSocketFactory - Enabled cipher suites: [TLS_AES_256_GCM_SHA384, TLS_AES_128_GCM_SHA256, TLS_CHACHA20_POLY1305_SHA256, TLS_ECDHE_ECDSA_WITH_AES_256_GCM_SHA384, TLS_ECDHE_ECDSA_WITH_AES_128_GCM_SHA256, TLS_ECDHE_ECDSA_WITH_CHACHA20_POLY1305_SHA256, TLS_ECDHE_RSA_WITH_AES_256_GCM_SHA384, TLS_ECDHE_RSA_WITH_CHACHA20_POLY1305_SHA256, TLS_ECDHE_RSA_WITH_AES_128_GCM_SHA256, TLS_DHE_RSA_WITH_AES_256_GCM_SHA384, TLS_DHE_RSA_WITH_CHACHA20_POLY1305_SHA256, TLS_DHE_DSS_WITH_AES_256_GCM_SHA384, TLS_DHE_RSA_WITH_AES_128_GCM_SHA256, TLS_DHE_DSS_WITH_AES_128_GCM_SHA256, TLS_ECDHE_ECDSA_WITH_AES_256_CBC_SHA384, TLS_ECDHE_RSA_WITH_AES_256_CBC_SHA384, TLS_ECDHE_ECDSA_WITH_AES_128_CBC_SHA256, TLS_ECDHE_RSA_WITH_AES_128_CBC_SHA256, TLS_DHE_RSA_WITH_AES_256_CBC_SHA256, TLS_DHE_DSS_WITH_AES_256_CBC_SHA256, TLS_DHE_RSA_WITH_AES_128_CBC_SHA256, TLS_DHE_DSS_WITH_AES_128_CBC_SHA256, TLS_ECDHE_ECDSA_WITH_AES_256_CBC_SHA, TLS_ECDHE_RSA_WITH_AES_256_CBC_SHA, TLS_ECDHE_ECDSA_WITH_AES_128_CBC_SHA, TLS_ECDHE_RSA_WITH_AES_128_CBC_SHA, TLS_DHE_RSA_WITH_AES_256_CBC_SHA, TLS_DHE_DSS_WITH_AES_256_CBC_SHA, TLS_DHE_RSA_WITH_AES_128_CBC_SHA, TLS_DHE_DSS_WITH_AES_128_CBC_SHA, TLS_RSA_WITH_AES_256_GCM_SHA384, TLS_RSA_WITH_AES_128_GCM_SHA256, TLS_RSA_WITH_AES_256_CBC_SHA256, TLS_RSA_WITH_AES_128_CBC_SHA256, TLS_RSA_WITH_AES_256_CBC_SHA, TLS_RSA_WITH_AES_128_CBC_SHA, TLS_EMPTY_RENEGOTIATION_INFO_SCSV]
23:54:28.662 [main] DEBUG org.apache.hc.client5.http.ssl.SSLConnectionSocketFactory - Starting handshake (null)
23:54:28.680 [main] DEBUG org.apache.hc.client5.http.ssl.SSLConnectionSocketFactory - Secure session established
23:54:28.680 [main] DEBUG org.apache.hc.client5.http.ssl.SSLConnectionSocketFactory -  negotiated protocol: TLSv1.3
23:54:28.680 [main] DEBUG org.apache.hc.client5.http.ssl.SSLConnectionSocketFactory -  negotiated cipher suite: TLS_AES_128_GCM_SHA256
23:54:28.680 [main] DEBUG org.apache.hc.client5.http.ssl.SSLConnectionSocketFactory -  peer principal: CN=*.github.io, O="GitHub, Inc.", L=San Francisco, ST=California, C=US
23:54:28.680 [main] DEBUG org.apache.hc.client5.http.ssl.SSLConnectionSocketFactory -  peer alternative names: [*.github.io, github.io, githubusercontent.com, www.github.com, *.github.com, *.githubusercontent.com, github.com]
23:54:28.680 [main] DEBUG org.apache.hc.client5.http.ssl.SSLConnectionSocketFactory -  issuer principal: CN=DigiCert Global G2 TLS RSA SHA256 2020 CA1, O=DigiCert Inc, C=US
23:54:28.680 [main] DEBUG org.apache.hc.client5.http.impl.io.DefaultManagedHttpClientConnection - http-outgoing-9 set socket timeout to 3 MINUTES
23:54:28.680 [main] DEBUG org.apache.hc.client5.http.impl.io.DefaultHttpClientConnectionOperator - raw.githubusercontent.com:443 connected null->raw.githubusercontent.com/185.199.109.133:443 as http-outgoing-9
23:54:28.680 [main] DEBUG org.apache.hc.client5.http.impl.io.PoolingHttpClientConnectionManager - ep-0000000011 connected http-outgoing-9
23:54:28.680 [main] DEBUG org.apache.hc.client5.http.impl.classic.InternalHttpClient - ep-0000000011 endpoint connected
23:54:28.680 [main] DEBUG org.apache.hc.client5.http.impl.classic.MainClientExec - ex-0000000011 executing GET /bonigarcia/webdrivermanager/master/src/main/resources/commands.properties HTTP/1.1
23:54:28.680 [main] DEBUG org.apache.hc.client5.http.protocol.RequestAddCookies - ex-0000000011 Cookie spec selected: strict
23:54:28.680 [main] DEBUG org.apache.hc.client5.http.impl.classic.InternalHttpClient - ep-0000000011 start execution ex-0000000011
23:54:28.680 [main] DEBUG org.apache.hc.client5.http.impl.io.PoolingHttpClientConnectionManager - ep-0000000011 executing exchange ex-0000000011 over http-outgoing-9
23:54:28.681 [main] DEBUG org.apache.hc.client5.http.headers - http-outgoing-9 >> GET /bonigarcia/webdrivermanager/master/src/main/resources/commands.properties HTTP/1.1
23:54:28.681 [main] DEBUG org.apache.hc.client5.http.headers - http-outgoing-9 >> user-agent: Apache-HttpClient/5.0
23:54:28.681 [main] DEBUG org.apache.hc.client5.http.headers - http-outgoing-9 >> accept-encoding: gzip, deflate, br
23:54:28.681 [main] DEBUG org.apache.hc.client5.http.headers - http-outgoing-9 >> cache-control: max-age=0
23:54:28.681 [main] DEBUG org.apache.hc.client5.http.headers - http-outgoing-9 >> connection: keep-alive
23:54:28.681 [main] DEBUG org.apache.hc.client5.http.headers - http-outgoing-9 >> Host: raw.githubusercontent.com
23:54:28.681 [main] DEBUG org.apache.hc.client5.http.wire - http-outgoing-9 >> "GET /bonigarcia/webdrivermanager/master/src/main/resources/commands.properties HTTP/1.1[\r][\n]"
23:54:28.681 [main] DEBUG org.apache.hc.client5.http.wire - http-outgoing-9 >> "user-agent: Apache-HttpClient/5.0[\r][\n]"
23:54:28.681 [main] DEBUG org.apache.hc.client5.http.wire - http-outgoing-9 >> "accept-encoding: gzip, deflate, br[\r][\n]"
23:54:28.681 [main] DEBUG org.apache.hc.client5.http.wire - http-outgoing-9 >> "cache-control: max-age=0[\r][\n]"
23:54:28.681 [main] DEBUG org.apache.hc.client5.http.wire - http-outgoing-9 >> "connection: keep-alive[\r][\n]"
23:54:28.681 [main] DEBUG org.apache.hc.client5.http.wire - http-outgoing-9 >> "Host: raw.githubusercontent.com[\r][\n]"
23:54:28.681 [main] DEBUG org.apache.hc.client5.http.wire - http-outgoing-9 >> "[\r][\n]"
23:54:28.692 [main] DEBUG org.apache.hc.client5.http.wire - http-outgoing-9 << "HTTP/1.1 200 OK[\r][\n]"
23:54:28.692 [main] DEBUG org.apache.hc.client5.http.wire - http-outgoing-9 << "Connection: keep-alive[\r][\n]"
23:54:28.692 [main] DEBUG org.apache.hc.client5.http.wire - http-outgoing-9 << "Content-Length: 745[\r][\n]"
23:54:28.692 [main] DEBUG org.apache.hc.client5.http.wire - http-outgoing-9 << "Cache-Control: max-age=300[\r][\n]"
23:54:28.692 [main] DEBUG org.apache.hc.client5.http.wire - http-outgoing-9 << "Content-Security-Policy: default-src 'none'; style-src 'unsafe-inline'; sandbox[\r][\n]"
23:54:28.692 [main] DEBUG org.apache.hc.client5.http.wire - http-outgoing-9 << "Content-Type: text/plain; charset=utf-8[\r][\n]"
23:54:28.692 [main] DEBUG org.apache.hc.client5.http.wire - http-outgoing-9 << "ETag: W/"dd41edff335272162022217759820159dac501cff56850e2510f504462cd9b5f"[\r][\n]"
23:54:28.692 [main] DEBUG org.apache.hc.client5.http.wire - http-outgoing-9 << "Strict-Transport-Security: max-age=31536000[\r][\n]"
23:54:28.692 [main] DEBUG org.apache.hc.client5.http.wire - http-outgoing-9 << "X-Content-Type-Options: nosniff[\r][\n]"
23:54:28.692 [main] DEBUG org.apache.hc.client5.http.wire - http-outgoing-9 << "X-Frame-Options: deny[\r][\n]"
23:54:28.692 [main] DEBUG org.apache.hc.client5.http.wire - http-outgoing-9 << "X-XSS-Protection: 1; mode=block[\r][\n]"
23:54:28.692 [main] DEBUG org.apache.hc.client5.http.wire - http-outgoing-9 << "X-GitHub-Request-Id: 11E0:2FCCA8:200498:2217C9:6757BE85[\r][\n]"
23:54:28.692 [main] DEBUG org.apache.hc.client5.http.wire - http-outgoing-9 << "Content-Encoding: gzip[\r][\n]"
23:54:28.692 [main] DEBUG org.apache.hc.client5.http.wire - http-outgoing-9 << "Accept-Ranges: bytes[\r][\n]"
23:54:28.692 [main] DEBUG org.apache.hc.client5.http.wire - http-outgoing-9 << "Date: Wed, 18 Dec 2024 22:54:28 GMT[\r][\n]"
23:54:28.692 [main] DEBUG org.apache.hc.client5.http.wire - http-outgoing-9 << "Via: 1.1 varnish[\r][\n]"
23:54:28.692 [main] DEBUG org.apache.hc.client5.http.wire - http-outgoing-9 << "X-Served-By: cache-mad22071-MAD[\r][\n]"
23:54:28.692 [main] DEBUG org.apache.hc.client5.http.wire - http-outgoing-9 << "X-Cache: HIT[\r][\n]"
23:54:28.692 [main] DEBUG org.apache.hc.client5.http.wire - http-outgoing-9 << "X-Cache-Hits: 1[\r][\n]"
23:54:28.692 [main] DEBUG org.apache.hc.client5.http.wire - http-outgoing-9 << "X-Timer: S1734562469.940092,VS0,VE1[\r][\n]"
23:54:28.692 [main] DEBUG org.apache.hc.client5.http.wire - http-outgoing-9 << "Vary: Authorization,Accept-Encoding,Origin[\r][\n]"
23:54:28.692 [main] DEBUG org.apache.hc.client5.http.wire - http-outgoing-9 << "Access-Control-Allow-Origin: *[\r][\n]"
23:54:28.692 [main] DEBUG org.apache.hc.client5.http.wire - http-outgoing-9 << "Cross-Origin-Resource-Policy: cross-origin[\r][\n]"
23:54:28.692 [main] DEBUG org.apache.hc.client5.http.wire - http-outgoing-9 << "X-Fastly-Request-ID: 0ff01039ea93aff02490963614eef46493b720c5[\r][\n]"
23:54:28.692 [main] DEBUG org.apache.hc.client5.http.wire - http-outgoing-9 << "Expires: Wed, 18 Dec 2024 22:59:28 GMT[\r][\n]"
23:54:28.692 [main] DEBUG org.apache.hc.client5.http.wire - http-outgoing-9 << "Source-Age: 47[\r][\n]"
23:54:28.692 [main] DEBUG org.apache.hc.client5.http.wire - http-outgoing-9 << "[\r][\n]"
23:54:28.692 [main] DEBUG org.apache.hc.client5.http.headers - http-outgoing-9 << HTTP/1.1 200 OK
23:54:28.693 [main] DEBUG org.apache.hc.client5.http.headers - http-outgoing-9 << Connection: keep-alive
23:54:28.693 [main] DEBUG org.apache.hc.client5.http.headers - http-outgoing-9 << Content-Length: 745
23:54:28.693 [main] DEBUG org.apache.hc.client5.http.headers - http-outgoing-9 << Cache-Control: max-age=300
23:54:28.693 [main] DEBUG org.apache.hc.client5.http.headers - http-outgoing-9 << Content-Security-Policy: default-src 'none'; style-src 'unsafe-inline'; sandbox
23:54:28.693 [main] DEBUG org.apache.hc.client5.http.headers - http-outgoing-9 << Content-Type: text/plain; charset=utf-8
23:54:28.693 [main] DEBUG org.apache.hc.client5.http.headers - http-outgoing-9 << ETag: W/"dd41edff335272162022217759820159dac501cff56850e2510f504462cd9b5f"
23:54:28.693 [main] DEBUG org.apache.hc.client5.http.headers - http-outgoing-9 << Strict-Transport-Security: max-age=31536000
23:54:28.693 [main] DEBUG org.apache.hc.client5.http.headers - http-outgoing-9 << X-Content-Type-Options: nosniff
23:54:28.693 [main] DEBUG org.apache.hc.client5.http.headers - http-outgoing-9 << X-Frame-Options: deny
23:54:28.693 [main] DEBUG org.apache.hc.client5.http.headers - http-outgoing-9 << X-XSS-Protection: 1; mode=block
23:54:28.693 [main] DEBUG org.apache.hc.client5.http.headers - http-outgoing-9 << X-GitHub-Request-Id: 11E0:2FCCA8:200498:2217C9:6757BE85
23:54:28.693 [main] DEBUG org.apache.hc.client5.http.headers - http-outgoing-9 << Content-Encoding: gzip
23:54:28.693 [main] DEBUG org.apache.hc.client5.http.headers - http-outgoing-9 << Accept-Ranges: bytes
23:54:28.693 [main] DEBUG org.apache.hc.client5.http.headers - http-outgoing-9 << Date: Wed, 18 Dec 2024 22:54:28 GMT
23:54:28.693 [main] DEBUG org.apache.hc.client5.http.headers - http-outgoing-9 << Via: 1.1 varnish
23:54:28.693 [main] DEBUG org.apache.hc.client5.http.headers - http-outgoing-9 << X-Served-By: cache-mad22071-MAD
23:54:28.693 [main] DEBUG org.apache.hc.client5.http.headers - http-outgoing-9 << X-Cache: HIT
23:54:28.693 [main] DEBUG org.apache.hc.client5.http.headers - http-outgoing-9 << X-Cache-Hits: 1
23:54:28.693 [main] DEBUG org.apache.hc.client5.http.headers - http-outgoing-9 << X-Timer: S1734562469.940092,VS0,VE1
23:54:28.693 [main] DEBUG org.apache.hc.client5.http.headers - http-outgoing-9 << Vary: Authorization,Accept-Encoding,Origin
23:54:28.693 [main] DEBUG org.apache.hc.client5.http.headers - http-outgoing-9 << Access-Control-Allow-Origin: *
23:54:28.693 [main] DEBUG org.apache.hc.client5.http.headers - http-outgoing-9 << Cross-Origin-Resource-Policy: cross-origin
23:54:28.693 [main] DEBUG org.apache.hc.client5.http.headers - http-outgoing-9 << X-Fastly-Request-ID: 0ff01039ea93aff02490963614eef46493b720c5
23:54:28.693 [main] DEBUG org.apache.hc.client5.http.headers - http-outgoing-9 << Expires: Wed, 18 Dec 2024 22:59:28 GMT
23:54:28.693 [main] DEBUG org.apache.hc.client5.http.headers - http-outgoing-9 << Source-Age: 47
23:54:28.693 [main] DEBUG org.apache.hc.client5.http.impl.classic.MainClientExec - ex-0000000011 connection can be kept alive for 3 MINUTES
23:54:28.693 [main] DEBUG org.apache.hc.client5.http.wire - http-outgoing-9 << "[0x1f][0xffffff8b][0x8][0x0][0x0][0x0][0x0][0x0][0x0][0x3][0xffffffb5]W]o[0xffffffda]0[0x14]}[0xffffffe7]W\QUj% [0x1b][0xffffffad][0xffffffa6]i[0x12][0xf]4c[0xffffffdd]4*[0x18][0xffffffb4][0xffffffdd]&[0xfffffff9][0xffffffc5]$N[0xffffffb0][0xffffff94][0xffffffd8][0xffffffc8]NJ[0xffffffb7]_?[0xffffffdb][0xfffffff9]X[0xffffff92]:[0xffffffa3]k[0xffffffe8][0x1b][0xffffffb6][0xffffffef]=[0xffffffe7][0xffffffd8][0xfffffff7][0xffffffe4][0xffffffda][0xffffff9c][0xffffff80][0xffffffcb][0xffffffe3][0x18]3_[0xffffff82][0xffffff8f][0x13][0xffffffbc][0xffffffc1][0xffffff92][0xfffffff4]N[0xffffffe0]vK%[0x4]4"[0xffffffe0]q[0xffffff96]`[0xffffffca]$$[=[0xffffffc8]C[0x13][0xe][0x1b][0x2][0xffffffe4][0xffffff91]xiB|[0xffffffa0][0xffffffcc],[0xffffffcb]-[0xffffff89]"=[0xffffffe0][0xffffffc2]'B[0x7][0xfffffff9]$!^b[0x16][0x1f][0xffffff88][0xffffff90][0xffffff94][0xffffffab][0xffffffb5][0x0][0xffffff88][0xfffffffa][0x1d][\n]"
23:54:28.693 [main] DEBUG org.apache.hc.client5.http.wire - http-outgoing-9 << "B[0x18]l[0x4][0xffffffdf]K[0xffffffb5][0xffffffa0]([0xffffffcf][0xffffffdc][0xffffffad][0xffffffe0]1[0x19][0xffffffc0]'*H[0xffffffc0][0x1f][0x7][0xffffffb0][0xffffffd8][0x11][0xffffff81][0x7]0[0xfffffff3]C5kVi[0x1a][0xffffff9f]k|[0xffffff9f][0x6][0x1][0x11][0xffffff84]%[0xffffffc0]uLBY[0x8][0xfffffff2][0xffffff97]LH,[0xffffffe1][0xffffffec];e[0xffffffbe]B[0x1d][0xffffffc0][0xffffff9c][0xffffffb2]T[0xffffffc1][0xffffffdc]`[0xf][0x16][0xffffffeb][0xfffffff3][0xffffff9e][0xffffffe2][0xffffffc8](z[0xfffffff9]6F[0xffffff9e][0x19][0xffffff8e][0xfffffff6]Y[0xffffffc2][0xffffffe8][0xffffffcd][0xffffffdb][0xffffff89][0x17][0xfffffffb]#[0xffffffb5]+p\[0xffffffd8][0xffffffc7][0xffffffd4]3Gb[0xffffff8e]a[0xffffffbf]U|[0xffffffc0]pL&[0xfffffffd][0xffffffd3][0xffffffe5]jq[0xffffffbd][0xffffff9a][0xffffffde]|[0xfffffffa]2[0xffffff9f][0xffffffad]?[0xffffffa0][0x9]B[0xffffffa7][0x8]]s[0x1e]F[0x4][0xffffffa1][0xffffff8c][0x2][0xffffffa1][0xffffffe9]n[0x17]QOI[0xffffffe3][0xc][0xffffffa1][0xffffff9c]H![0xfffffff7]!$[0x9][0xffffffdc][0xffffffe7]g[0xffffffe1]<[0xffffffe0](m[0xffffffd7]3~[0xffffff81][0xffffff9e][0xffffffb3][0x1f][0xffffffef][0xffffffdf][0xffffff9d][0xffffffbf][0xffffffa6][0xffffffa8][0xffffff8b]g[0xffffff8a][0xffffff9a]/[0xffffffdc][0xffffffe9]|[0xffffffba]\~[0xffffff9c][0xffffffde]N_S[0xffffffcf][0xffffffe5]d5[0xffffffbb][0xffffff86]ow[0xffffffb3][0xffffffd5]O[0xfffffff8][0xfffffffc][0xffffffd5][0xffffffbd]Ck[0x1e]${,H[0xffffffc1][0xffffff96][0xffffff93]][0xffffffcd][0xffffffaf][0x8][0xfffffff6][0xc]^[0xffffffe1][0xffffffc5]^[0x13]4[0xffffffd2][0xffffff8e][0xffffffd1]>pR)[0xffffff9c][\r]eNh0[0xffffff86][0xffffffd9]:[0xc][0xffffff87]E[0xffffffa6]=q<i[0xffffff8b]o&[0xffffffc4][0xffffffd8]3<[0xffffff95][0x13][0xffffff90]N&8w[0xffffffe9][0x8][0xffffffef]v[0xffffff8e][0xffffffab][0xffffffbe]>es[0xffffffe9]([0x13]/[0xffffffd6][0xfffffff5][0xffffff80]*[0xffffffba][0xfffffff2]v[0xfffffffe][0xffffffd9][0xffffff94]DA6>[0xffffff8e][0xffffffbb]o[0xfffffff8]o[0x1a]E[0xffffffb8] A[0xffffffa8]@?T[0xffffffad]'*:{[0xfffffffa]xR.*[0xffffffce][0xffffffe9][0xffffffd7][0xffffffad][0xffffff93][0xffffff93]4[0xffffffc9][0xfffffffa][0xffffffda]<n*t[0xffffffeb][0xffffffb9]oV[0xffffffb6][0xffffffc0]/M[0xffffff94]O[0xffffffc0][0xfffffff0][0xffffffe1]i[0xffffff90][0xffffffb5][0xfffffffe]9[0xffffff8b][0xffffffad][0xfffffff2]U,Ul[0xffffffdd][0x13]KL[0xffffffa2][0x6][0xffffffdd][0xffffffca]\?`[0xffffffea][0x9].[0xffffffd5]I [0xffffffa4]i[0x1a]_i,[\r][0xffffffdd][0xffffffa1][0xffffffc3][0xffffffae]kzI[0xffffffd1]_Q[0xffffffce]Ek[0xffffffcb][0xfffffff8]Kf[0xffffffb8][0xfffffffe][0xffffffd9]3[0xc][0xffffffe6][0xffffffd3][0xffffff8e][0x11][0x17][0x10]C[0x1d]`i[0x19][0xffffffd5][0xffffffbc][0xfffffff1][0xffffffa4]5[0xffffffbc][0x1e]o[0xfffffff5]K[0xffffffa9][0xffffffd6][0xfffffff8][0xffffffc1]f[0xffffff9b]z[0x4][0xffffffd4][0x1a][0xffffff86][0xffffffb9]^K[0x16]s[0xffffff91][0xfffffffe][0xffffffbf][0xffffff8b]l]~)x(p,[0x11]2[0x14][0x8]E8e[0xffffff9e][0xffffffca]:X[0xffffffa6][0xffffff86][0xffffff88].[0xffffffb6]9[0xffffff9a][0xffffff88].[0xfffffff7]]G[0xffffffea][0xffffffcb][0xe][0xfffffffb][0x7f].u[0xffffff83][0xffffffbb][0xfffffff4][0xffffffb3][0x19][0xffffffda][0xffffffec][0xffffff98][0xffffffc5]Y[0xfffffffd]h8m6\4[0xffffffc1][0xffffff8a][0xffffffb7][0xffffff98]z[0xffffffd0][0xffffffd5]oF5q[0x1c][0x13][0x16][0xfffffff0][0x1d][0x1e][0x19]5-[0xffffff9d][0xffffffef][0xffffffad]c[0xb]z[0xffffffae]/m[0xffffffe6]8[0xffffffb6][0xffffff96][0xfffffff6]7X[0xffffffc9]t[0xfffffff8][0xfffffff9][0xffffffa5][0x11]K[0xfffffffb][0x15]3[0xffffffc3][0xfffffffc][0x1f]B[0xffffffdb][0xffffffd3][0xffffffab][0xffffff92]4.[0xffffff93]Z[0xffffffdf]]:[0xffffffda][0xffffffea][0xffffffdc]B[0xffffffa6][0xffffffcd][0xffffffbc][0xffffffae][0x5][0xfffffff5][0x4][0xffffffd6]8[0xffffffc0][0xffffff82][0xffffff96][0xfffffff0][0xffffffd2][0xc][0xffffffed][0xffffffe0]Y[0xffffffa8][\r]:[[0xffffffa9][0x0][0xffffffff][0x1][0xfffffff8][0x15][0xffffffb4][0xffffffee][0xffffff8e][\r][0x0][0x0]"
23:54:28.693 [main] DEBUG org.apache.hc.client5.http.impl.classic.InternalHttpClient - ep-0000000011 releasing valid endpoint
23:54:28.693 [main] DEBUG org.apache.hc.client5.http.impl.io.PoolingHttpClientConnectionManager - ep-0000000011 releasing endpoint
23:54:28.693 [main] DEBUG org.apache.hc.client5.http.impl.io.PoolingHttpClientConnectionManager - ep-0000000011 connection http-outgoing-9 can be kept alive for 3 MINUTES
23:54:28.693 [main] DEBUG org.apache.hc.client5.http.impl.io.PoolingHttpClientConnectionManager - ep-0000000011 connection released [route: {s}->https://raw.githubusercontent.com:443][total available: 1; route allocated: 1 of 5; total allocated: 1 of 25]
23:54:28.693 [main] DEBUG io.github.bonigarcia.wdm.versions.VersionDetector - Detecting chrome version using online commands.properties
23:54:28.694 [main] DEBUG io.github.bonigarcia.wdm.versions.Shell - Running command on the shell: [cmd.exe, /C, wmic, datafile, where, name="%PROGRAMFILES:\=\\%\\Google\\Chrome\\Application\\chrome.exe", get, Version, /value]
23:54:28.839 [main] DEBUG io.github.bonigarcia.wdm.versions.Shell - Result: 
23:54:28.839 [main] DEBUG io.github.bonigarcia.wdm.versions.Shell - Running command on the shell: [cmd.exe, /C, wmic, datafile, where, name="%PROGRAMFILES(X86):\=\\%\\Google\\Chrome\\Application\\chrome.exe", get, Version, /value]
23:54:29.307 [main] DEBUG io.github.bonigarcia.wdm.versions.Shell - Result: 
23:54:29.307 [main] DEBUG io.github.bonigarcia.wdm.versions.Shell - Running command on the shell: [cmd.exe, /C, wmic, datafile, where, name="%LOCALAPPDATA:\=\\%\\Google\\Chrome\\Application\\chrome.exe", get, Version, /value]
23:54:29.634 [main] DEBUG io.github.bonigarcia.wdm.versions.Shell - Result: 
23:54:29.634 [main] DEBUG io.github.bonigarcia.wdm.versions.Shell - Running command on the shell: [REG, QUERY, HKCU\Software\Google\Chrome\BLBeacon, /v, version]
23:54:29.667 [main] DEBUG io.github.bonigarcia.wdm.versions.Shell - Result: 
23:54:29.667 [main] DEBUG io.github.bonigarcia.wdm.versions.VersionDetector - Browser version for chrome not detected using online properties (using local commands.properties)
23:54:29.667 [main] DEBUG io.github.bonigarcia.wdm.versions.Shell - Running command on the shell: [cmd.exe, /C, wmic, datafile, where, name="%PROGRAMFILES:\=\\%\\Google\\Chrome\\Application\\chrome.exe", get, Version, /value]
23:54:29.779 [main] DEBUG io.github.bonigarcia.wdm.versions.Shell - Result: 
23:54:29.779 [main] DEBUG io.github.bonigarcia.wdm.versions.Shell - Running command on the shell: [cmd.exe, /C, wmic, datafile, where, name="%PROGRAMFILES(X86):\=\\%\\Google\\Chrome\\Application\\chrome.exe", get, Version, /value]
23:54:29.882 [main] DEBUG io.github.bonigarcia.wdm.versions.Shell - Result: 
23:54:29.882 [main] DEBUG io.github.bonigarcia.wdm.versions.Shell - Running command on the shell: [cmd.exe, /C, wmic, datafile, where, name="%LOCALAPPDATA:\=\\%\\Google\\Chrome\\Application\\chrome.exe", get, Version, /value]
23:54:30.002 [main] DEBUG io.github.bonigarcia.wdm.versions.Shell - Result: 
23:54:30.002 [main] DEBUG io.github.bonigarcia.wdm.versions.Shell - Running command on the shell: [REG, QUERY, HKCU\Software\Google\Chrome\BLBeacon, /v, version]
23:54:30.041 [main] DEBUG io.github.bonigarcia.wdm.versions.Shell - Result: 
23:54:30.041 [main] DEBUG io.github.bonigarcia.wdm.WebDriverManager - The driver version for CHROME is unknown ... trying with latest
23:54:30.043 [main] DEBUG org.apache.hc.client5.http.impl.classic.InternalHttpClient - ex-0000000012 preparing request execution
23:54:30.044 [main] DEBUG org.apache.hc.client5.http.impl.classic.ProtocolExec - ex-0000000012 target auth state: UNCHALLENGED
23:54:30.044 [main] DEBUG org.apache.hc.client5.http.impl.classic.ProtocolExec - ex-0000000012 proxy auth state: UNCHALLENGED
23:54:30.044 [main] DEBUG org.apache.hc.client5.http.impl.classic.ConnectExec - ex-0000000012 acquiring connection with route {s}->https://googlechromelabs.github.io:443
23:54:30.044 [main] DEBUG org.apache.hc.client5.http.impl.classic.InternalHttpClient - ex-0000000012 acquiring endpoint (3 MINUTES)
23:54:30.044 [main] DEBUG org.apache.hc.client5.http.impl.io.PoolingHttpClientConnectionManager - ex-0000000012 endpoint lease request (3 MINUTES) [route: {s}->https://googlechromelabs.github.io:443][total available: 1; route allocated: 0 of 5; total allocated: 1 of 25]
23:54:30.044 [main] DEBUG org.apache.hc.client5.http.impl.io.PoolingHttpClientConnectionManager - ex-0000000012 endpoint leased [route: {s}->https://googlechromelabs.github.io:443][total available: 1; route allocated: 1 of 5; total allocated: 2 of 25]
23:54:30.044 [main] DEBUG org.apache.hc.client5.http.impl.io.PoolingHttpClientConnectionManager - ex-0000000012 acquired ep-0000000012
23:54:30.044 [main] DEBUG org.apache.hc.client5.http.impl.classic.InternalHttpClient - ex-0000000012 acquired endpoint ep-0000000012
23:54:30.044 [main] DEBUG org.apache.hc.client5.http.impl.classic.ConnectExec - ex-0000000012 opening connection {s}->https://googlechromelabs.github.io:443
23:54:30.044 [main] DEBUG org.apache.hc.client5.http.impl.classic.InternalHttpClient - ep-0000000012 connecting endpoint (null)
23:54:30.044 [main] DEBUG org.apache.hc.client5.http.impl.io.PoolingHttpClientConnectionManager - ep-0000000012 connecting endpoint to https://googlechromelabs.github.io:443 (30 SECONDS)
23:54:30.044 [main] DEBUG org.apache.hc.client5.http.impl.io.DefaultHttpClientConnectionOperator - googlechromelabs.github.io resolving remote address
23:54:30.044 [main] DEBUG org.apache.hc.client5.http.impl.io.DefaultHttpClientConnectionOperator - googlechromelabs.github.io resolved to [googlechromelabs.github.io/185.199.108.153, googlechromelabs.github.io/185.199.110.153, googlechromelabs.github.io/185.199.111.153, googlechromelabs.github.io/185.199.109.153]
23:54:30.044 [main] DEBUG org.apache.hc.client5.http.impl.io.DefaultHttpClientConnectionOperator - googlechromelabs.github.io:443 connecting null->googlechromelabs.github.io/185.199.108.153:443 (30 SECONDS)
23:54:30.044 [main] DEBUG org.apache.hc.client5.http.ssl.SSLConnectionSocketFactory - Connecting socket to googlechromelabs.github.io/185.199.108.153:443 with timeout 30 SECONDS
23:54:30.051 [main] DEBUG org.apache.hc.client5.http.ssl.SSLConnectionSocketFactory - Enabled protocols: [TLSv1.3, TLSv1.2]
23:54:30.051 [main] DEBUG org.apache.hc.client5.http.ssl.SSLConnectionSocketFactory - Enabled cipher suites: [TLS_AES_256_GCM_SHA384, TLS_AES_128_GCM_SHA256, TLS_CHACHA20_POLY1305_SHA256, TLS_ECDHE_ECDSA_WITH_AES_256_GCM_SHA384, TLS_ECDHE_ECDSA_WITH_AES_128_GCM_SHA256, TLS_ECDHE_ECDSA_WITH_CHACHA20_POLY1305_SHA256, TLS_ECDHE_RSA_WITH_AES_256_GCM_SHA384, TLS_ECDHE_RSA_WITH_CHACHA20_POLY1305_SHA256, TLS_ECDHE_RSA_WITH_AES_128_GCM_SHA256, TLS_DHE_RSA_WITH_AES_256_GCM_SHA384, TLS_DHE_RSA_WITH_CHACHA20_POLY1305_SHA256, TLS_DHE_DSS_WITH_AES_256_GCM_SHA384, TLS_DHE_RSA_WITH_AES_128_GCM_SHA256, TLS_DHE_DSS_WITH_AES_128_GCM_SHA256, TLS_ECDHE_ECDSA_WITH_AES_256_CBC_SHA384, TLS_ECDHE_RSA_WITH_AES_256_CBC_SHA384, TLS_ECDHE_ECDSA_WITH_AES_128_CBC_SHA256, TLS_ECDHE_RSA_WITH_AES_128_CBC_SHA256, TLS_DHE_RSA_WITH_AES_256_CBC_SHA256, TLS_DHE_DSS_WITH_AES_256_CBC_SHA256, TLS_DHE_RSA_WITH_AES_128_CBC_SHA256, TLS_DHE_DSS_WITH_AES_128_CBC_SHA256, TLS_ECDHE_ECDSA_WITH_AES_256_CBC_SHA, TLS_ECDHE_RSA_WITH_AES_256_CBC_SHA, TLS_ECDHE_ECDSA_WITH_AES_128_CBC_SHA, TLS_ECDHE_RSA_WITH_AES_128_CBC_SHA, TLS_DHE_RSA_WITH_AES_256_CBC_SHA, TLS_DHE_DSS_WITH_AES_256_CBC_SHA, TLS_DHE_RSA_WITH_AES_128_CBC_SHA, TLS_DHE_DSS_WITH_AES_128_CBC_SHA, TLS_RSA_WITH_AES_256_GCM_SHA384, TLS_RSA_WITH_AES_128_GCM_SHA256, TLS_RSA_WITH_AES_256_CBC_SHA256, TLS_RSA_WITH_AES_128_CBC_SHA256, TLS_RSA_WITH_AES_256_CBC_SHA, TLS_RSA_WITH_AES_128_CBC_SHA, TLS_EMPTY_RENEGOTIATION_INFO_SCSV]
23:54:30.051 [main] DEBUG org.apache.hc.client5.http.ssl.SSLConnectionSocketFactory - Starting handshake (null)
23:54:30.065 [main] DEBUG org.apache.hc.client5.http.ssl.SSLConnectionSocketFactory - Secure session established
23:54:30.065 [main] DEBUG org.apache.hc.client5.http.ssl.SSLConnectionSocketFactory -  negotiated protocol: TLSv1.3
23:54:30.065 [main] DEBUG org.apache.hc.client5.http.ssl.SSLConnectionSocketFactory -  negotiated cipher suite: TLS_AES_128_GCM_SHA256
23:54:30.065 [main] DEBUG org.apache.hc.client5.http.ssl.SSLConnectionSocketFactory -  peer principal: CN=*.github.io, O="GitHub, Inc.", L=San Francisco, ST=California, C=US
23:54:30.065 [main] DEBUG org.apache.hc.client5.http.ssl.SSLConnectionSocketFactory -  peer alternative names: [*.github.io, github.io, githubusercontent.com, www.github.com, *.github.com, *.githubusercontent.com, github.com]
23:54:30.065 [main] DEBUG org.apache.hc.client5.http.ssl.SSLConnectionSocketFactory -  issuer principal: CN=DigiCert Global G2 TLS RSA SHA256 2020 CA1, O=DigiCert Inc, C=US
23:54:30.065 [main] DEBUG org.apache.hc.client5.http.impl.io.DefaultManagedHttpClientConnection - http-outgoing-10 set socket timeout to 3 MINUTES
23:54:30.065 [main] DEBUG org.apache.hc.client5.http.impl.io.DefaultHttpClientConnectionOperator - googlechromelabs.github.io:443 connected null->googlechromelabs.github.io/185.199.108.153:443 as http-outgoing-10
23:54:30.065 [main] DEBUG org.apache.hc.client5.http.impl.io.PoolingHttpClientConnectionManager - ep-0000000012 connected http-outgoing-10
23:54:30.065 [main] DEBUG org.apache.hc.client5.http.impl.classic.InternalHttpClient - ep-0000000012 endpoint connected
23:54:30.065 [main] DEBUG org.apache.hc.client5.http.impl.classic.MainClientExec - ex-0000000012 executing GET /chrome-for-testing/last-known-good-versions-with-downloads.json HTTP/1.1
23:54:30.065 [main] DEBUG org.apache.hc.client5.http.protocol.RequestAddCookies - ex-0000000012 Cookie spec selected: strict
23:54:30.065 [main] DEBUG org.apache.hc.client5.http.impl.classic.InternalHttpClient - ep-0000000012 start execution ex-0000000012
23:54:30.065 [main] DEBUG org.apache.hc.client5.http.impl.io.PoolingHttpClientConnectionManager - ep-0000000012 executing exchange ex-0000000012 over http-outgoing-10
23:54:30.065 [main] DEBUG org.apache.hc.client5.http.headers - http-outgoing-10 >> GET /chrome-for-testing/last-known-good-versions-with-downloads.json HTTP/1.1
23:54:30.065 [main] DEBUG org.apache.hc.client5.http.headers - http-outgoing-10 >> user-agent: Apache-HttpClient/5.0
23:54:30.065 [main] DEBUG org.apache.hc.client5.http.headers - http-outgoing-10 >> accept-encoding: gzip, deflate, br
23:54:30.065 [main] DEBUG org.apache.hc.client5.http.headers - http-outgoing-10 >> cache-control: max-age=0
23:54:30.065 [main] DEBUG org.apache.hc.client5.http.headers - http-outgoing-10 >> connection: keep-alive
23:54:30.065 [main] DEBUG org.apache.hc.client5.http.headers - http-outgoing-10 >> Host: googlechromelabs.github.io
23:54:30.065 [main] DEBUG org.apache.hc.client5.http.wire - http-outgoing-10 >> "GET /chrome-for-testing/last-known-good-versions-with-downloads.json HTTP/1.1[\r][\n]"
23:54:30.065 [main] DEBUG org.apache.hc.client5.http.wire - http-outgoing-10 >> "user-agent: Apache-HttpClient/5.0[\r][\n]"
23:54:30.065 [main] DEBUG org.apache.hc.client5.http.wire - http-outgoing-10 >> "accept-encoding: gzip, deflate, br[\r][\n]"
23:54:30.065 [main] DEBUG org.apache.hc.client5.http.wire - http-outgoing-10 >> "cache-control: max-age=0[\r][\n]"
23:54:30.065 [main] DEBUG org.apache.hc.client5.http.wire - http-outgoing-10 >> "connection: keep-alive[\r][\n]"
23:54:30.066 [main] DEBUG org.apache.hc.client5.http.wire - http-outgoing-10 >> "Host: googlechromelabs.github.io[\r][\n]"
23:54:30.066 [main] DEBUG org.apache.hc.client5.http.wire - http-outgoing-10 >> "[\r][\n]"
23:54:30.071 [main] DEBUG org.apache.hc.client5.http.wire - http-outgoing-10 << "HTTP/1.1 200 OK[\r][\n]"
23:54:30.072 [main] DEBUG org.apache.hc.client5.http.wire - http-outgoing-10 << "Connection: keep-alive[\r][\n]"
23:54:30.072 [main] DEBUG org.apache.hc.client5.http.wire - http-outgoing-10 << "Content-Length: 648[\r][\n]"
23:54:30.072 [main] DEBUG org.apache.hc.client5.http.wire - http-outgoing-10 << "Server: GitHub.com[\r][\n]"
23:54:30.072 [main] DEBUG org.apache.hc.client5.http.wire - http-outgoing-10 << "Content-Type: application/json; charset=utf-8[\r][\n]"
23:54:30.072 [main] DEBUG org.apache.hc.client5.http.wire - http-outgoing-10 << "permissions-policy: interest-cohort=()[\r][\n]"
23:54:30.072 [main] DEBUG org.apache.hc.client5.http.wire - http-outgoing-10 << "x-origin-cache: HIT[\r][\n]"
23:54:30.072 [main] DEBUG org.apache.hc.client5.http.wire - http-outgoing-10 << "Last-Modified: Wed, 18 Dec 2024 22:10:21 GMT[\r][\n]"
23:54:30.072 [main] DEBUG org.apache.hc.client5.http.wire - http-outgoing-10 << "Access-Control-Allow-Origin: *[\r][\n]"
23:54:30.072 [main] DEBUG org.apache.hc.client5.http.wire - http-outgoing-10 << "Strict-Transport-Security: max-age=31556952[\r][\n]"
23:54:30.072 [main] DEBUG org.apache.hc.client5.http.wire - http-outgoing-10 << "ETag: W/"6763484d-21f8"[\r][\n]"
23:54:30.072 [main] DEBUG org.apache.hc.client5.http.wire - http-outgoing-10 << "expires: Wed, 18 Dec 2024 22:20:24 GMT[\r][\n]"
23:54:30.072 [main] DEBUG org.apache.hc.client5.http.wire - http-outgoing-10 << "Cache-Control: max-age=600[\r][\n]"
23:54:30.072 [main] DEBUG org.apache.hc.client5.http.wire - http-outgoing-10 << "Content-Encoding: gzip[\r][\n]"
23:54:30.072 [main] DEBUG org.apache.hc.client5.http.wire - http-outgoing-10 << "x-proxy-cache: HIT[\r][\n]"
23:54:30.072 [main] DEBUG org.apache.hc.client5.http.wire - http-outgoing-10 << "X-GitHub-Request-Id: 3E16:97749:307462:30FE10:67634903[\r][\n]"
23:54:30.072 [main] DEBUG org.apache.hc.client5.http.wire - http-outgoing-10 << "Accept-Ranges: bytes[\r][\n]"
23:54:30.072 [main] DEBUG org.apache.hc.client5.http.wire - http-outgoing-10 << "Date: Wed, 18 Dec 2024 22:54:30 GMT[\r][\n]"
23:54:30.072 [main] DEBUG org.apache.hc.client5.http.wire - http-outgoing-10 << "Via: 1.1 varnish[\r][\n]"
23:54:30.072 [main] DEBUG org.apache.hc.client5.http.wire - http-outgoing-10 << "Age: 409[\r][\n]"
23:54:30.072 [main] DEBUG org.apache.hc.client5.http.wire - http-outgoing-10 << "X-Served-By: cache-mad22082-MAD[\r][\n]"
23:54:30.072 [main] DEBUG org.apache.hc.client5.http.wire - http-outgoing-10 << "X-Cache: HIT[\r][\n]"
23:54:30.072 [main] DEBUG org.apache.hc.client5.http.wire - http-outgoing-10 << "X-Cache-Hits: 1[\r][\n]"
23:54:30.072 [main] DEBUG org.apache.hc.client5.http.wire - http-outgoing-10 << "X-Timer: S1734562470.322067,VS0,VE2[\r][\n]"
23:54:30.072 [main] DEBUG org.apache.hc.client5.http.wire - http-outgoing-10 << "Vary: Accept-Encoding[\r][\n]"
23:54:30.072 [main] DEBUG org.apache.hc.client5.http.wire - http-outgoing-10 << "X-Fastly-Request-ID: 1a9b579f2a06735921baf21db8f31f15a269ba63[\r][\n]"
23:54:30.072 [main] DEBUG org.apache.hc.client5.http.wire - http-outgoing-10 << "[\r][\n]"
23:54:30.072 [main] DEBUG org.apache.hc.client5.http.headers - http-outgoing-10 << HTTP/1.1 200 OK
23:54:30.072 [main] DEBUG org.apache.hc.client5.http.headers - http-outgoing-10 << Connection: keep-alive
23:54:30.072 [main] DEBUG org.apache.hc.client5.http.headers - http-outgoing-10 << Content-Length: 648
23:54:30.072 [main] DEBUG org.apache.hc.client5.http.headers - http-outgoing-10 << Server: GitHub.com
23:54:30.072 [main] DEBUG org.apache.hc.client5.http.headers - http-outgoing-10 << Content-Type: application/json; charset=utf-8
23:54:30.072 [main] DEBUG org.apache.hc.client5.http.headers - http-outgoing-10 << permissions-policy: interest-cohort=()
23:54:30.072 [main] DEBUG org.apache.hc.client5.http.headers - http-outgoing-10 << x-origin-cache: HIT
23:54:30.072 [main] DEBUG org.apache.hc.client5.http.headers - http-outgoing-10 << Last-Modified: Wed, 18 Dec 2024 22:10:21 GMT
23:54:30.072 [main] DEBUG org.apache.hc.client5.http.headers - http-outgoing-10 << Access-Control-Allow-Origin: *
23:54:30.072 [main] DEBUG org.apache.hc.client5.http.headers - http-outgoing-10 << Strict-Transport-Security: max-age=31556952
23:54:30.072 [main] DEBUG org.apache.hc.client5.http.headers - http-outgoing-10 << ETag: W/"6763484d-21f8"
23:54:30.072 [main] DEBUG org.apache.hc.client5.http.headers - http-outgoing-10 << expires: Wed, 18 Dec 2024 22:20:24 GMT
23:54:30.072 [main] DEBUG org.apache.hc.client5.http.headers - http-outgoing-10 << Cache-Control: max-age=600
23:54:30.072 [main] DEBUG org.apache.hc.client5.http.headers - http-outgoing-10 << Content-Encoding: gzip
23:54:30.072 [main] DEBUG org.apache.hc.client5.http.headers - http-outgoing-10 << x-proxy-cache: HIT
23:54:30.072 [main] DEBUG org.apache.hc.client5.http.headers - http-outgoing-10 << X-GitHub-Request-Id: 3E16:97749:307462:30FE10:67634903
23:54:30.072 [main] DEBUG org.apache.hc.client5.http.headers - http-outgoing-10 << Accept-Ranges: bytes
23:54:30.072 [main] DEBUG org.apache.hc.client5.http.headers - http-outgoing-10 << Date: Wed, 18 Dec 2024 22:54:30 GMT
23:54:30.072 [main] DEBUG org.apache.hc.client5.http.headers - http-outgoing-10 << Via: 1.1 varnish
23:54:30.072 [main] DEBUG org.apache.hc.client5.http.headers - http-outgoing-10 << Age: 409
23:54:30.072 [main] DEBUG org.apache.hc.client5.http.headers - http-outgoing-10 << X-Served-By: cache-mad22082-MAD
23:54:30.072 [main] DEBUG org.apache.hc.client5.http.headers - http-outgoing-10 << X-Cache: HIT
23:54:30.072 [main] DEBUG org.apache.hc.client5.http.headers - http-outgoing-10 << X-Cache-Hits: 1
23:54:30.072 [main] DEBUG org.apache.hc.client5.http.headers - http-outgoing-10 << X-Timer: S1734562470.322067,VS0,VE2
23:54:30.072 [main] DEBUG org.apache.hc.client5.http.headers - http-outgoing-10 << Vary: Accept-Encoding
23:54:30.072 [main] DEBUG org.apache.hc.client5.http.headers - http-outgoing-10 << X-Fastly-Request-ID: 1a9b579f2a06735921baf21db8f31f15a269ba63
23:54:30.072 [main] DEBUG org.apache.hc.client5.http.impl.classic.MainClientExec - ex-0000000012 connection can be kept alive for 3 MINUTES
23:54:30.072 [main] DEBUG org.apache.hc.client5.http.wire - http-outgoing-10 << "[0x1f][0xffffff8b][0x8][0x0][0x0][0x0][0x0][0x0][0x0][0x3][0xffffffcd][0xffffff96][0xffffffc9][0xffffff92][0xffffff9b]0[0x10][0xffffff86][0xffffffef]y[0xc][0xffffff9d]Y[0x5]f;&[0xfffffff3][0x6][0xffffff93]SR9hl[0xffffffc5][0xffffffa6]J,[0xffffff85][0xffffffb0]'[0xffffff89][0xffffff8b]w[0xffffff8f]X[0xffffff8c][0x1]K[0xffffffcc]e[0xffffffac][0xffffffe6][0x6][\r][0xffffffea][0xfffffffe][0xffffffa1][0xffffffbe][0xffffffea][0xfffffffa][0xffffffae][0xffffffa8]N3[0xffffffca]k[0xffffff92][0xffffff95](A[0xffffffd8][0xffffffc1][0xffffffbe][0xffffffe9]b[0xffffffd3][0xffffff8d][0xffffffbe]c[0xffffff9c]8q[0xffffffe2][0xffffffb9]V[0x18][0xffffffe1][0x1f][0xffffffc8]@[0xfffffffb][0x13][0xffffffc9]s[0xffffffca]8J[0xffffffae][0xffffffe8][0xffffffb5]&o[0xffffff8c][0xffffffb6]WCU[0x1c][0x1d]j[0x6][0xffffffba][0xffffffd0][0xffffff8a][0xffffffa7]E.J[0xffffffae]8[0xffffffed]XA[0x18]F[0x16]v|[0xfffffff1][0xffffffa8][0xffffffa2][0xffffff97]t|[0x16]D;[0x1c][0xffffff8b][0xffffffe2][0xffffffa1]x[0xffffffcf]YA[0xe][0xffffffbc][0xffffffef]W[0x15][0xffffff99][0xffffffe8][0xfffffffc][0xfffffff3][0xffffff8a]JF[0xffffffea][0xffffffdf]E[0xffffff95][0xffffff89][0xffffff97]Y[0xffffff9a][0xffffff9f][0xffffffff][0x4]m[0xffffff87]s[0xffffffd5][0xffffffce]:[0xffffffd5]u[0xffffffc9][0x13][0xffffffdb][0xffffffe6]uQ[0xffffff91]#[0xffffffb5][0xffffff8e]Eqd[0xffffff94][0xffffff94])[0xffffffb7][0xfffffff6]Ef[0xfffffff7]MLq[0xffffffd8][0xffffffac][0xffffffc5][0xffffffa7][0xffffffa5][0xfffffff9][0xffffffd1],[0xffffffcf]o,[0xffffffdd][0xffffffdb][0xfffffff3]D[0xfffffff6][0xffffffd0][0xfffffff7]v`[0xffffffb8][0xffffffb5][0xfffffffe][0xffffffa5]%j[0xffffff8c]Y[0xffffff82][0xffffff8c][0xffffffec]MReO[0xffffffc8]0v[0xffffffbe][0x1d][0x19][0xb][0xffffffaa][0x1c][0xffffffcf][0xfffffff8][0x13]C[0xffffffdf]i[0x6][0xffffffc5][0xffffff9f]xOs[0xf][0x7f][0xfffffffa][0xfffffffc][0xffffffae][0xffffffeb][0xffffffed][0xfffffff5][0xffffffee]F1[0xfffffffb][0x9][0xffffffdf][0xffffffde]u[0xffffff9d][0xffffffcc][0xffffffbe]}[0xfffffff7]/c[0xffffffc0][0xfffffff1]P[0xffffffa5][0x2]j[0x18]([0xfffffffb][0xffffffd9][0xffffffdb]@s[0xffffffc8][0xffffffb2][0x1]@'I[0xffffffc0]0[0x1d]2[0x0][0xffffffc2]zO[0xfffffff0][0xffffff80][0xffffffac]y[0xffffffa2][0xffffffe4][0xffffffc0]([0xffffffe7]&?Q[0xffffffc6]`[0xffffffd8]][0xffffff84][0xffffffd8][0x6][0xffffffc4][0xffffffcb]P[0x1b][0xffffffa0]Y[0x16][0x9][0xc][0xffffffeb]e[0x18]@[0xffffffbe]%QF[0xffffffd0][0xffffff9b][0xffffffc6]@_iM[0xffffffe6][0x12][0xffffffd2]U[0xffffffe6][\n]"
23:54:30.072 [main] DEBUG org.apache.hc.client5.http.wire - http-outgoing-10 << "[0xffffff82][0xffffffdb][0xffffffee][0xffffff91][0xffffffe7][~[0xffffffb0]4[0xffffff90][0xffffffc8][0xffffffdd][0x5][0xffffffae]v[0x3][0xffffff99][0x4][0xffffff82][0x12][0xffffff90]i[0x4]0[0xffffffff]X[0xffffff86][0xffffffd0][0xffffffac][0x1f][0xffffffd3][0xfffffff1][0xffffff9a][0xffffffed]c1[0x1a]X>[0xffffffd4]<jv[0xffffff8f]5*5[0xffffffab][0xffffff87][0xffffff9a]M[0xffffff8d][0xffffffe6][0xffffffa1]"T[0xffffff9b]x[0xffffffa8]8[0xffffffdd][0xffffff84]w[0xffffffac][0xffffffac]Q [0xffffffed]X[0xffffffdd][0xffffffaa]@[0xffffffd6][0xffffffb1][0xffffffb2]d[0x1][0xffffffa4]C[0xffffffb9]s[0xffffffb5];[0xffffff87]r[0x5][0x7f][0xffffffa0][0x1c]/[0xfffffff4]27[0xffffff8e][0xffffffb6]0[0x17][0xe][0xffffffaf]k[0x1d][0x9][0xffffff9d]Y[0xfffffffa]F[0xffffffec][0xffffffef][0xffffffbc]P[0xffffffbb]o[0xffffffdc][0xfffffff3]@[0xffffffe9][0xffffffc6]$[0x1][0xffffff98]m,2h[0xffffff96][0xffffff8d][0xffffffc9]t[0xffffffcd][0xffffffae]1[0xffffff9f][0xc][0xffffffac][0x1a]J[0x14]5[0xffffff9b][0xffffffc6][\n]"
23:54:30.072 [main] DEBUG org.apache.hc.client5.http.wire - http-outgoing-10 << "[0xffffff90][0xffffff9a]EC[0xffffff89][0xffffffa5]F[0xffffffcf]P[0xffffffc0][0xffffffa9]M3[0x14][0xffffff88]n[0xffffffc2]2[0xffffffd4][0xffffffcb][0x13]H2[0xffffffd6]v)[0xffffff90]c[0xffffffa8]W+[0xffffff80]b[0xffffffa8]6[0xffffffad]v[0xffffffc3]P-[0xffffffde][0xf][0x4][0xffffffe3][0x1b][0xffffffc9]I[0xfffffff5]w[0xffffffee][0x18]CM[0xffffffa2][0x19][0xffffffb1][0xffffffe3][[0xffffffce][0xffffff83]f[0xffffff84][0xffffffb1][0xffffff8b]a4[0xffffffa3][0xffffffcb][0x3][0xffffffaa][0x19]}[0x2]X[0xffffffcd][0xffffffb8]g[0xffffff80][0xffffffd0][0xffffff8c]~:[0xffffff84]f[0xffffff8c][0xffffff93][0xffffffb7][0xffffffa0][0x19]2[0x14]!4C[0xe]$[0xffffff84]f[0xffffffc8][0xffffffb0][0xffffffd4][0xffffffad][0x19][0xffffff8f]p[0xffffffea][0xffffffd5][0xffffff8c]GD[0xffffffb7][0xffffffa3][0x19][0xffffffd2][0xffffffe5][0x9][0xffffffa9][0x19][0xffffff8a]][\n]"
23:54:30.072 [main] DEBUG org.apache.hc.client5.http.wire - http-outgoing-10 << "[0xffffffa9][0x19][0xffffffd2][0xffffffd5][\n]"
23:54:30.072 [main] DEBUG org.apache.hc.client5.http.wire - http-outgoing-10 << "[0xffffffa5][0x19][0xffffff92]M[0xb][0xffffffa3][0x19][0xffffff92][0xffffffc5][0xffffffbb][0xffffffaa][0x19]M[0xfffffff3][0xffffffe5]?9[0xfffffff3][0x3][0xffffffa4][0xfffffff8]![0x0][0x0]"
23:54:30.072 [main] DEBUG org.apache.hc.client5.http.impl.classic.InternalHttpClient - ep-0000000012 releasing valid endpoint
23:54:30.072 [main] DEBUG org.apache.hc.client5.http.impl.io.PoolingHttpClientConnectionManager - ep-0000000012 releasing endpoint
23:54:30.073 [main] DEBUG org.apache.hc.client5.http.impl.io.PoolingHttpClientConnectionManager - ep-0000000012 connection http-outgoing-10 can be kept alive for 3 MINUTES
23:54:30.073 [main] DEBUG org.apache.hc.client5.http.impl.io.PoolingHttpClientConnectionManager - ep-0000000012 connection released [route: {s}->https://googlechromelabs.github.io:443][total available: 2; route allocated: 1 of 5; total allocated: 2 of 25]
23:54:30.076 [main] DEBUG io.github.bonigarcia.wdm.WebDriverManager - Driver chromedriver 131.0.6778.204 found in cache
23:54:30.080 [main] INFO io.github.bonigarcia.wdm.WebDriverManager - Exporting webdriver.chrome.driver as C:\Users\MisterSurface\.cache\selenium\chromedriver\win64\131.0.6778.204\chromedriver.exe
]]></system-out>
    <system-err><![CDATA[Starting ChromeDriver 131.0.6778.204 (52183f9e99a61056f9b78535f53d256f1516f2a0-refs/branch-heads/6778_155@{#7}) on port 29569
Only local connections are allowed.
Please see https://chromedriver.chromium.org/security-considerations for suggestions on keeping ChromeDriver safe.
ChromeDriver was started successfully on port 29569.
]]></system-err>
  </testcase>
</testsuite>